-- The C compiler identification is GNU 13.3.0
-- The CXX compiler identification is GNU 13.3.0
-- Detecting C compiler ABI info
-- Detecting C compiler ABI info - done
-- Check for working C compiler: /usr/bin/cc - skipped
-- Detecting C compile features
-- Detecting C compile features - done
-- Detecting CXX compiler ABI info
-- Detecting CXX compiler ABI info - done
-- Check for working CXX compiler: /usr/bin/c++ - skipped
-- Detecting CXX compile features
-- Detecting CXX compile features - done
-- Found ament_cmake: 2.5.4 (/opt/ros/jazzy/share/ament_cmake/cmake)
-- Found Python3: /usr/bin/python3 (found version "3.12.3") found components: Interpreter 
-- Found ament_lint_auto: 0.17.3 (/opt/ros/jazzy/share/ament_lint_auto/cmake)
-- Found rosidl_default_generators: 1.6.0 (/opt/ros/jazzy/share/rosidl_default_generators/cmake)
-- Using all available rosidl_typesupport_c: rosidl_typesupport_fastrtps_c;rosidl_typesupport_introspection_c
-- Using all available rosidl_typesupport_cpp: rosidl_typesupport_fastrtps_cpp;rosidl_typesupport_introspection_cpp
-- Found rosidl_adapter: 4.6.6 (/opt/ros/jazzy/share/rosidl_adapter/cmake)
-- Found ament_cmake_ros: 0.12.0 (/opt/ros/jazzy/share/ament_cmake_ros/cmake)
-- Using all available rosidl_typesupport_c: rosidl_typesupport_fastrtps_c;rosidl_typesupport_introspection_c
-- Using all available rosidl_typesupport_cpp: rosidl_typesupport_fastrtps_cpp;rosidl_typesupport_introspection_cpp
-- Found python_cmake_module: 0.11.1 (/opt/ros/jazzy/share/python_cmake_module/cmake)
-- Found PythonExtra: /usr/bin/python3  
-- Found Python3: /usr/bin/python3 (found version "3.12.3") found components: Interpreter Development NumPy Development.Module Development.Embed 
-- Added test 'copyright' to check source files copyright and LICENSE
-- Added test 'lint_cmake' to check CMake code style
-- Added test 'xmllint' to check XML markup files
-- Configuring done (9.8s)
-- Generating done (0.1s)
-- Build files have been written to: /home/malith/rarm_ws/build/linkattacher_msgs
[  2%] [34m[1mGenerating type hashes for ROS interfaces[0m
[  2%] Built target ament_cmake_python_copy_linkattacher_msgs
running egg_info
creating linkattacher_msgs.egg-info
writing linkattacher_msgs.egg-info/PKG-INFO
writing dependency_links to linkattacher_msgs.egg-info/dependency_links.txt
writing top-level names to linkattacher_msgs.egg-info/top_level.txt
writing manifest file 'linkattacher_msgs.egg-info/SOURCES.txt'
reading manifest file 'linkattacher_msgs.egg-info/SOURCES.txt'
writing manifest file 'linkattacher_msgs.egg-info/SOURCES.txt'
[  2%] Built target linkattacher_msgs__rosidl_generator_type_description
[  4%] [34m[1mGenerating C code for ROS interfaces[0m
[  4%] Built target ament_cmake_python_build_linkattacher_msgs_egg
[  6%] [34m[1mGenerating C++ code for ROS interfaces[0m
[  6%] Built target linkattacher_msgs__cpp
[ 11%] [32mBuilding C object CMakeFiles/linkattacher_msgs__rosidl_generator_c.dir/rosidl_generator_c/linkattacher_msgs/srv/detail/attach_link__type_support.c.o[0m
[ 11%] [32mBuilding C object CMakeFiles/linkattacher_msgs__rosidl_generator_c.dir/rosidl_generator_c/linkattacher_msgs/srv/detail/attach_link__description.c.o[0m
[ 13%] [32mBuilding C object CMakeFiles/linkattacher_msgs__rosidl_generator_c.dir/rosidl_generator_c/linkattacher_msgs/srv/detail/attach_link__functions.c.o[0m
[ 15%] [32mBuilding C object CMakeFiles/linkattacher_msgs__rosidl_generator_c.dir/rosidl_generator_c/linkattacher_msgs/srv/detail/detach_link__description.c.o[0m
[ 18%] [32mBuilding C object CMakeFiles/linkattacher_msgs__rosidl_generator_c.dir/rosidl_generator_c/linkattacher_msgs/srv/detail/detach_link__type_support.c.o[0m
[ 20%] [32mBuilding C object CMakeFiles/linkattacher_msgs__rosidl_generator_c.dir/rosidl_generator_c/linkattacher_msgs/srv/detail/detach_link__functions.c.o[0m
[ 22%] [32m[1mLinking C shared library liblinkattacher_msgs__rosidl_generator_c.so[0m
[ 22%] Built target linkattacher_msgs__rosidl_generator_c
[ 25%] [34m[1mGenerating C++ introspection for ROS interfaces[0m
[ 27%] [34m[1mGenerating C type support dispatch for ROS interfaces[0m
[ 29%] [34m[1mGenerating C++ type support for eProsima Fast-RTPS[0m
[ 31%] [34m[1mGenerating C++ type support dispatch for ROS interfaces[0m
[ 34%] [34m[1mGenerating C introspection for ROS interfaces[0m
[ 36%] [34m[1mGenerating C type support for eProsima Fast-RTPS[0m
[ 38%] [32mBuilding CXX object CMakeFiles/linkattacher_msgs__rosidl_typesupport_cpp.dir/rosidl_typesupport_cpp/linkattacher_msgs/srv/attach_link__type_support.cpp.o[0m
[ 40%] [32mBuilding CXX object CMakeFiles/linkattacher_msgs__rosidl_typesupport_cpp.dir/rosidl_typesupport_cpp/linkattacher_msgs/srv/detach_link__type_support.cpp.o[0m
[ 43%] [32mBuilding C object CMakeFiles/linkattacher_msgs__rosidl_typesupport_introspection_c.dir/rosidl_typesupport_introspection_c/linkattacher_msgs/srv/detail/attach_link__type_support.c.o[0m
[ 45%] [32mBuilding C object CMakeFiles/linkattacher_msgs__rosidl_typesupport_introspection_c.dir/rosidl_typesupport_introspection_c/linkattacher_msgs/srv/detail/detach_link__type_support.c.o[0m
[ 47%] [32m[1mLinking C shared library liblinkattacher_msgs__rosidl_typesupport_introspection_c.so[0m
[ 50%] [32mBuilding CXX object CMakeFiles/linkattacher_msgs__rosidl_typesupport_introspection_cpp.dir/rosidl_typesupport_introspection_cpp/linkattacher_msgs/srv/detail/attach_link__type_support.cpp.o[0m
[ 52%] [32mBuilding CXX object CMakeFiles/linkattacher_msgs__rosidl_typesupport_c.dir/rosidl_typesupport_c/linkattacher_msgs/srv/attach_link__type_support.cpp.o[0m
[ 54%] [32mBuilding CXX object CMakeFiles/linkattacher_msgs__rosidl_typesupport_introspection_cpp.dir/rosidl_typesupport_introspection_cpp/linkattacher_msgs/srv/detail/detach_link__type_support.cpp.o[0m
[ 56%] [32mBuilding CXX object CMakeFiles/linkattacher_msgs__rosidl_typesupport_fastrtps_cpp.dir/rosidl_typesupport_fastrtps_cpp/linkattacher_msgs/srv/detail/dds_fastrtps/attach_link__type_support.cpp.o[0m
[ 56%] Built target linkattacher_msgs__rosidl_typesupport_introspection_c
[ 59%] [32mBuilding CXX object CMakeFiles/linkattacher_msgs__rosidl_typesupport_c.dir/rosidl_typesupport_c/linkattacher_msgs/srv/detach_link__type_support.cpp.o[0m
[ 61%] [32mBuilding CXX object CMakeFiles/linkattacher_msgs__rosidl_typesupport_fastrtps_cpp.dir/rosidl_typesupport_fastrtps_cpp/linkattacher_msgs/srv/detail/dds_fastrtps/detach_link__type_support.cpp.o[0m
[ 63%] [32m[1mLinking CXX shared library liblinkattacher_msgs__rosidl_typesupport_c.so[0m
[ 65%] [32mBuilding CXX object CMakeFiles/linkattacher_msgs__rosidl_typesupport_fastrtps_c.dir/rosidl_typesupport_fastrtps_c/linkattacher_msgs/srv/detail/attach_link__type_support_c.cpp.o[0m
[ 65%] Built target linkattacher_msgs__rosidl_typesupport_c
[ 68%] [32mBuilding CXX object CMakeFiles/linkattacher_msgs__rosidl_typesupport_fastrtps_c.dir/rosidl_typesupport_fastrtps_c/linkattacher_msgs/srv/detail/detach_link__type_support_c.cpp.o[0m
[ 70%] [32m[1mLinking CXX shared library liblinkattacher_msgs__rosidl_typesupport_cpp.so[0m
[ 72%] [32m[1mLinking CXX shared library liblinkattacher_msgs__rosidl_typesupport_introspection_cpp.so[0m
[ 72%] Built target linkattacher_msgs__rosidl_typesupport_cpp
[ 72%] Built target linkattacher_msgs__rosidl_typesupport_introspection_cpp
[ 75%] [32m[1mLinking CXX shared library liblinkattacher_msgs__rosidl_typesupport_fastrtps_cpp.so[0m
[ 77%] [32m[1mLinking CXX shared library liblinkattacher_msgs__rosidl_typesupport_fastrtps_c.so[0m
[ 77%] Built target linkattacher_msgs__rosidl_typesupport_fastrtps_cpp
[ 77%] Built target linkattacher_msgs__rosidl_typesupport_fastrtps_c
[ 77%] Built target linkattacher_msgs
[ 79%] [34m[1mGenerating Python code for ROS interfaces[0m
[ 79%] Built target linkattacher_msgs__py
[ 81%] [32mBuilding C object CMakeFiles/linkattacher_msgs__rosidl_generator_py.dir/rosidl_generator_py/linkattacher_msgs/srv/_attach_link_s.c.o[0m
[ 84%] [32mBuilding C object CMakeFiles/linkattacher_msgs__rosidl_generator_py.dir/rosidl_generator_py/linkattacher_msgs/srv/_detach_link_s.c.o[0m
[ 86%] [32m[1mLinking C shared library liblinkattacher_msgs__rosidl_generator_py.so[0m
[ 86%] Built target linkattacher_msgs__rosidl_generator_py
[ 88%] [32mBuilding C object CMakeFiles/linkattacher_msgs_s__rosidl_typesupport_fastrtps_c.dir/rosidl_generator_py/linkattacher_msgs/_linkattacher_msgs_s.ep.rosidl_typesupport_fastrtps_c.c.o[0m
[ 90%] [32m[1mLinking C shared module rosidl_generator_py/linkattacher_msgs/linkattacher_msgs_s__rosidl_typesupport_fastrtps_c.so[0m
[ 90%] Built target linkattacher_msgs_s__rosidl_typesupport_fastrtps_c
[ 93%] [32mBuilding C object CMakeFiles/linkattacher_msgs_s__rosidl_typesupport_c.dir/rosidl_generator_py/linkattacher_msgs/_linkattacher_msgs_s.ep.rosidl_typesupport_c.c.o[0m
[ 95%] [32m[1mLinking C shared module rosidl_generator_py/linkattacher_msgs/linkattacher_msgs_s__rosidl_typesupport_c.so[0m
[ 95%] Built target linkattacher_msgs_s__rosidl_typesupport_c
[ 97%] [32mBuilding C object CMakeFiles/linkattacher_msgs_s__rosidl_typesupport_introspection_c.dir/rosidl_generator_py/linkattacher_msgs/_linkattacher_msgs_s.ep.rosidl_typesupport_introspection_c.c.o[0m
[100%] [32m[1mLinking C shared module rosidl_generator_py/linkattacher_msgs/linkattacher_msgs_s__rosidl_typesupport_introspection_c.so[0m
[100%] Built target linkattacher_msgs_s__rosidl_typesupport_introspection_c
-- Install configuration: ""
-- Installing: /home/malith/rarm_ws/install/linkattacher_msgs/share/linkattacher_msgs/srv
-- Installing: /home/malith/rarm_ws/install/linkattacher_msgs/share/linkattacher_msgs/srv/DetachLink.srv
-- Installing: /home/malith/rarm_ws/install/linkattacher_msgs/share/linkattacher_msgs/srv/AttachLink.srv
-- Installing: /home/malith/rarm_ws/install/linkattacher_msgs/share/ament_index/resource_index/rosidl_interfaces/linkattacher_msgs
-- Installing: /home/malith/rarm_ws/install/linkattacher_msgs/share/linkattacher_msgs/srv/AttachLink.json
-- Installing: /home/malith/rarm_ws/install/linkattacher_msgs/share/linkattacher_msgs/srv/DetachLink.json
-- Installing: /home/malith/rarm_ws/install/linkattacher_msgs/include/linkattacher_msgs/linkattacher_msgs
-- Installing: /home/malith/rarm_ws/install/linkattacher_msgs/include/linkattacher_msgs/linkattacher_msgs/msg
-- Installing: /home/malith/rarm_ws/install/linkattacher_msgs/include/linkattacher_msgs/linkattacher_msgs/msg/rosidl_generator_c__visibility_control.h
-- Installing: /home/malith/rarm_ws/install/linkattacher_msgs/include/linkattacher_msgs/linkattacher_msgs/srv
-- Installing: /home/malith/rarm_ws/install/linkattacher_msgs/include/linkattacher_msgs/linkattacher_msgs/srv/detach_link.h
-- Installing: /home/malith/rarm_ws/install/linkattacher_msgs/include/linkattacher_msgs/linkattacher_msgs/srv/attach_link.h
-- Installing: /home/malith/rarm_ws/install/linkattacher_msgs/include/linkattacher_msgs/linkattacher_msgs/srv/detail
-- Installing: /home/malith/rarm_ws/install/linkattacher_msgs/include/linkattacher_msgs/linkattacher_msgs/srv/detail/attach_link__type_support.c
-- Installing: /home/malith/rarm_ws/install/linkattacher_msgs/include/linkattacher_msgs/linkattacher_msgs/srv/detail/detach_link__struct.h
-- Installing: /home/malith/rarm_ws/install/linkattacher_msgs/include/linkattacher_msgs/linkattacher_msgs/srv/detail/attach_link__type_support.h
-- Installing: /home/malith/rarm_ws/install/linkattacher_msgs/include/linkattacher_msgs/linkattacher_msgs/srv/detail/detach_link__description.c
-- Installing: /home/malith/rarm_ws/install/linkattacher_msgs/include/linkattacher_msgs/linkattacher_msgs/srv/detail/detach_link__functions.c
-- Installing: /home/malith/rarm_ws/install/linkattacher_msgs/include/linkattacher_msgs/linkattacher_msgs/srv/detail/attach_link__functions.h
-- Installing: /home/malith/rarm_ws/install/linkattacher_msgs/include/linkattacher_msgs/linkattacher_msgs/srv/detail/attach_link__functions.c
-- Installing: /home/malith/rarm_ws/install/linkattacher_msgs/include/linkattacher_msgs/linkattacher_msgs/srv/detail/detach_link__functions.h
-- Installing: /home/malith/rarm_ws/install/linkattacher_msgs/include/linkattacher_msgs/linkattacher_msgs/srv/detail/attach_link__description.c
-- Installing: /home/malith/rarm_ws/install/linkattacher_msgs/include/linkattacher_msgs/linkattacher_msgs/srv/detail/attach_link__struct.h
-- Installing: /home/malith/rarm_ws/install/linkattacher_msgs/include/linkattacher_msgs/linkattacher_msgs/srv/detail/detach_link__type_support.c
-- Installing: /home/malith/rarm_ws/install/linkattacher_msgs/include/linkattacher_msgs/linkattacher_msgs/srv/detail/detach_link__type_support.h
-- Installing: /home/malith/rarm_ws/install/linkattacher_msgs/share/linkattacher_msgs/environment/library_path.sh
-- Installing: /home/malith/rarm_ws/install/linkattacher_msgs/share/linkattacher_msgs/environment/library_path.dsv
-- Installing: /home/malith/rarm_ws/install/linkattacher_msgs/lib/liblinkattacher_msgs__rosidl_generator_c.so
-- Set non-toolchain portion of runtime path of "/home/malith/rarm_ws/install/linkattacher_msgs/lib/liblinkattacher_msgs__rosidl_generator_c.so" to ""
-- Up-to-date: /home/malith/rarm_ws/install/linkattacher_msgs/include/linkattacher_msgs/linkattacher_msgs
-- Up-to-date: /home/malith/rarm_ws/install/linkattacher_msgs/include/linkattacher_msgs/linkattacher_msgs/msg
-- Installing: /home/malith/rarm_ws/install/linkattacher_msgs/include/linkattacher_msgs/linkattacher_msgs/msg/rosidl_typesupport_fastrtps_c__visibility_control.h
-- Up-to-date: /home/malith/rarm_ws/install/linkattacher_msgs/include/linkattacher_msgs/linkattacher_msgs/srv
-- Up-to-date: /home/malith/rarm_ws/install/linkattacher_msgs/include/linkattacher_msgs/linkattacher_msgs/srv/detail
-- Installing: /home/malith/rarm_ws/install/linkattacher_msgs/include/linkattacher_msgs/linkattacher_msgs/srv/detail/attach_link__rosidl_typesupport_fastrtps_c.h
-- Installing: /home/malith/rarm_ws/install/linkattacher_msgs/include/linkattacher_msgs/linkattacher_msgs/srv/detail/detach_link__rosidl_typesupport_fastrtps_c.h
-- Installing: /home/malith/rarm_ws/install/linkattacher_msgs/lib/liblinkattacher_msgs__rosidl_typesupport_fastrtps_c.so
-- Set non-toolchain portion of runtime path of "/home/malith/rarm_ws/install/linkattacher_msgs/lib/liblinkattacher_msgs__rosidl_typesupport_fastrtps_c.so" to ""
-- Up-to-date: /home/malith/rarm_ws/install/linkattacher_msgs/include/linkattacher_msgs/linkattacher_msgs
-- Up-to-date: /home/malith/rarm_ws/install/linkattacher_msgs/include/linkattacher_msgs/linkattacher_msgs/msg
-- Installing: /home/malith/rarm_ws/install/linkattacher_msgs/include/linkattacher_msgs/linkattacher_msgs/msg/rosidl_typesupport_introspection_c__visibility_control.h
-- Up-to-date: /home/malith/rarm_ws/install/linkattacher_msgs/include/linkattacher_msgs/linkattacher_msgs/srv
-- Up-to-date: /home/malith/rarm_ws/install/linkattacher_msgs/include/linkattacher_msgs/linkattacher_msgs/srv/detail
-- Installing: /home/malith/rarm_ws/install/linkattacher_msgs/include/linkattacher_msgs/linkattacher_msgs/srv/detail/attach_link__type_support.c
-- Installing: /home/malith/rarm_ws/install/linkattacher_msgs/include/linkattacher_msgs/linkattacher_msgs/srv/detail/attach_link__rosidl_typesupport_introspection_c.h
-- Installing: /home/malith/rarm_ws/install/linkattacher_msgs/include/linkattacher_msgs/linkattacher_msgs/srv/detail/detach_link__rosidl_typesupport_introspection_c.h
-- Installing: /home/malith/rarm_ws/install/linkattacher_msgs/include/linkattacher_msgs/linkattacher_msgs/srv/detail/detach_link__type_support.c
-- Installing: /home/malith/rarm_ws/install/linkattacher_msgs/lib/liblinkattacher_msgs__rosidl_typesupport_introspection_c.so
-- Set non-toolchain portion of runtime path of "/home/malith/rarm_ws/install/linkattacher_msgs/lib/liblinkattacher_msgs__rosidl_typesupport_introspection_c.so" to ""
-- Installing: /home/malith/rarm_ws/install/linkattacher_msgs/lib/liblinkattacher_msgs__rosidl_typesupport_c.so
-- Set non-toolchain portion of runtime path of "/home/malith/rarm_ws/install/linkattacher_msgs/lib/liblinkattacher_msgs__rosidl_typesupport_c.so" to ""
-- Up-to-date: /home/malith/rarm_ws/install/linkattacher_msgs/include/linkattacher_msgs/linkattacher_msgs
-- Up-to-date: /home/malith/rarm_ws/install/linkattacher_msgs/include/linkattacher_msgs/linkattacher_msgs/msg
-- Installing: /home/malith/rarm_ws/install/linkattacher_msgs/include/linkattacher_msgs/linkattacher_msgs/msg/rosidl_generator_cpp__visibility_control.hpp
-- Up-to-date: /home/malith/rarm_ws/install/linkattacher_msgs/include/linkattacher_msgs/linkattacher_msgs/srv
-- Installing: /home/malith/rarm_ws/install/linkattacher_msgs/include/linkattacher_msgs/linkattacher_msgs/srv/attach_link.hpp
-- Up-to-date: /home/malith/rarm_ws/install/linkattacher_msgs/include/linkattacher_msgs/linkattacher_msgs/srv/detail
-- Installing: /home/malith/rarm_ws/install/linkattacher_msgs/include/linkattacher_msgs/linkattacher_msgs/srv/detail/detach_link__struct.hpp
-- Installing: /home/malith/rarm_ws/install/linkattacher_msgs/include/linkattacher_msgs/linkattacher_msgs/srv/detail/attach_link__builder.hpp
-- Installing: /home/malith/rarm_ws/install/linkattacher_msgs/include/linkattacher_msgs/linkattacher_msgs/srv/detail/detach_link__type_support.hpp
-- Installing: /home/malith/rarm_ws/install/linkattacher_msgs/include/linkattacher_msgs/linkattacher_msgs/srv/detail/attach_link__type_support.hpp
-- Installing: /home/malith/rarm_ws/install/linkattacher_msgs/include/linkattacher_msgs/linkattacher_msgs/srv/detail/detach_link__builder.hpp
-- Installing: /home/malith/rarm_ws/install/linkattacher_msgs/include/linkattacher_msgs/linkattacher_msgs/srv/detail/attach_link__struct.hpp
-- Installing: /home/malith/rarm_ws/install/linkattacher_msgs/include/linkattacher_msgs/linkattacher_msgs/srv/detail/attach_link__traits.hpp
-- Installing: /home/malith/rarm_ws/install/linkattacher_msgs/include/linkattacher_msgs/linkattacher_msgs/srv/detail/detach_link__traits.hpp
-- Installing: /home/malith/rarm_ws/install/linkattacher_msgs/include/linkattacher_msgs/linkattacher_msgs/srv/detach_link.hpp
-- Up-to-date: /home/malith/rarm_ws/install/linkattacher_msgs/include/linkattacher_msgs/linkattacher_msgs
-- Up-to-date: /home/malith/rarm_ws/install/linkattacher_msgs/include/linkattacher_msgs/linkattacher_msgs/msg
-- Installing: /home/malith/rarm_ws/install/linkattacher_msgs/include/linkattacher_msgs/linkattacher_msgs/msg/rosidl_typesupport_fastrtps_cpp__visibility_control.h
-- Up-to-date: /home/malith/rarm_ws/install/linkattacher_msgs/include/linkattacher_msgs/linkattacher_msgs/srv
-- Up-to-date: /home/malith/rarm_ws/install/linkattacher_msgs/include/linkattacher_msgs/linkattacher_msgs/srv/detail
-- Installing: /home/malith/rarm_ws/install/linkattacher_msgs/include/linkattacher_msgs/linkattacher_msgs/srv/detail/attach_link__rosidl_typesupport_fastrtps_cpp.hpp
-- Installing: /home/malith/rarm_ws/install/linkattacher_msgs/include/linkattacher_msgs/linkattacher_msgs/srv/detail/dds_fastrtps
-- Installing: /home/malith/rarm_ws/install/linkattacher_msgs/include/linkattacher_msgs/linkattacher_msgs/srv/detail/detach_link__rosidl_typesupport_fastrtps_cpp.hpp
-- Installing: /home/malith/rarm_ws/install/linkattacher_msgs/lib/liblinkattacher_msgs__rosidl_typesupport_fastrtps_cpp.so
-- Set non-toolchain portion of runtime path of "/home/malith/rarm_ws/install/linkattacher_msgs/lib/liblinkattacher_msgs__rosidl_typesupport_fastrtps_cpp.so" to ""
-- Up-to-date: /home/malith/rarm_ws/install/linkattacher_msgs/include/linkattacher_msgs/linkattacher_msgs
-- Up-to-date: /home/malith/rarm_ws/install/linkattacher_msgs/include/linkattacher_msgs/linkattacher_msgs/srv
-- Up-to-date: /home/malith/rarm_ws/install/linkattacher_msgs/include/linkattacher_msgs/linkattacher_msgs/srv/detail
-- Installing: /home/malith/rarm_ws/install/linkattacher_msgs/include/linkattacher_msgs/linkattacher_msgs/srv/detail/detach_link__type_support.cpp
-- Installing: /home/malith/rarm_ws/install/linkattacher_msgs/include/linkattacher_msgs/linkattacher_msgs/srv/detail/detach_link__rosidl_typesupport_introspection_cpp.hpp
-- Installing: /home/malith/rarm_ws/install/linkattacher_msgs/include/linkattacher_msgs/linkattacher_msgs/srv/detail/attach_link__rosidl_typesupport_introspection_cpp.hpp
-- Installing: /home/malith/rarm_ws/install/linkattacher_msgs/include/linkattacher_msgs/linkattacher_msgs/srv/detail/attach_link__type_support.cpp
-- Installing: /home/malith/rarm_ws/install/linkattacher_msgs/lib/liblinkattacher_msgs__rosidl_typesupport_introspection_cpp.so
-- Set non-toolchain portion of runtime path of "/home/malith/rarm_ws/install/linkattacher_msgs/lib/liblinkattacher_msgs__rosidl_typesupport_introspection_cpp.so" to ""
-- Installing: /home/malith/rarm_ws/install/linkattacher_msgs/lib/liblinkattacher_msgs__rosidl_typesupport_cpp.so
-- Set non-toolchain portion of runtime path of "/home/malith/rarm_ws/install/linkattacher_msgs/lib/liblinkattacher_msgs__rosidl_typesupport_cpp.so" to ""
-- Installing: /home/malith/rarm_ws/install/linkattacher_msgs/share/linkattacher_msgs/environment/pythonpath.sh
-- Installing: /home/malith/rarm_ws/install/linkattacher_msgs/share/linkattacher_msgs/environment/pythonpath.dsv
-- Installing: /home/malith/rarm_ws/install/linkattacher_msgs/lib/python3.12/site-packages/linkattacher_msgs-0.0.0-py3.12.egg-info
-- Installing: /home/malith/rarm_ws/install/linkattacher_msgs/lib/python3.12/site-packages/linkattacher_msgs-0.0.0-py3.12.egg-info/dependency_links.txt
-- Installing: /home/malith/rarm_ws/install/linkattacher_msgs/lib/python3.12/site-packages/linkattacher_msgs-0.0.0-py3.12.egg-info/top_level.txt
-- Installing: /home/malith/rarm_ws/install/linkattacher_msgs/lib/python3.12/site-packages/linkattacher_msgs-0.0.0-py3.12.egg-info/PKG-INFO
-- Installing: /home/malith/rarm_ws/install/linkattacher_msgs/lib/python3.12/site-packages/linkattacher_msgs-0.0.0-py3.12.egg-info/SOURCES.txt
-- Installing: /home/malith/rarm_ws/install/linkattacher_msgs/lib/python3.12/site-packages/linkattacher_msgs
-- Installing: /home/malith/rarm_ws/install/linkattacher_msgs/lib/python3.12/site-packages/linkattacher_msgs/linkattacher_msgs_s__rosidl_typesupport_introspection_c.so
-- Installing: /home/malith/rarm_ws/install/linkattacher_msgs/lib/python3.12/site-packages/linkattacher_msgs/linkattacher_msgs_s__rosidl_typesupport_fastrtps_c.so
-- Installing: /home/malith/rarm_ws/install/linkattacher_msgs/lib/python3.12/site-packages/linkattacher_msgs/linkattacher_msgs_s__rosidl_typesupport_c.so
-- Installing: /home/malith/rarm_ws/install/linkattacher_msgs/lib/python3.12/site-packages/linkattacher_msgs/_linkattacher_msgs_s.ep.rosidl_typesupport_introspection_c.c
-- Installing: /home/malith/rarm_ws/install/linkattacher_msgs/lib/python3.12/site-packages/linkattacher_msgs/__init__.py
-- Installing: /home/malith/rarm_ws/install/linkattacher_msgs/lib/python3.12/site-packages/linkattacher_msgs/_linkattacher_msgs_s.ep.rosidl_typesupport_c.c
-- Installing: /home/malith/rarm_ws/install/linkattacher_msgs/lib/python3.12/site-packages/linkattacher_msgs/_linkattacher_msgs_s.ep.rosidl_typesupport_fastrtps_c.c
-- Installing: /home/malith/rarm_ws/install/linkattacher_msgs/lib/python3.12/site-packages/linkattacher_msgs/srv
-- Installing: /home/malith/rarm_ws/install/linkattacher_msgs/lib/python3.12/site-packages/linkattacher_msgs/srv/_detach_link_s.c
-- Installing: /home/malith/rarm_ws/install/linkattacher_msgs/lib/python3.12/site-packages/linkattacher_msgs/srv/_detach_link.py
-- Installing: /home/malith/rarm_ws/install/linkattacher_msgs/lib/python3.12/site-packages/linkattacher_msgs/srv/_attach_link_s.c
-- Installing: /home/malith/rarm_ws/install/linkattacher_msgs/lib/python3.12/site-packages/linkattacher_msgs/srv/_attach_link.py
-- Installing: /home/malith/rarm_ws/install/linkattacher_msgs/lib/python3.12/site-packages/linkattacher_msgs/srv/__init__.py
Listing '/home/malith/rarm_ws/install/linkattacher_msgs/lib/python3.12/site-packages/linkattacher_msgs'...
Compiling '/home/malith/rarm_ws/install/linkattacher_msgs/lib/python3.12/site-packages/linkattacher_msgs/__init__.py'...
Listing '/home/malith/rarm_ws/install/linkattacher_msgs/lib/python3.12/site-packages/linkattacher_msgs/srv'...
Compiling '/home/malith/rarm_ws/install/linkattacher_msgs/lib/python3.12/site-packages/linkattacher_msgs/srv/__init__.py'...
Compiling '/home/malith/rarm_ws/install/linkattacher_msgs/lib/python3.12/site-packages/linkattacher_msgs/srv/_attach_link.py'...
Compiling '/home/malith/rarm_ws/install/linkattacher_msgs/lib/python3.12/site-packages/linkattacher_msgs/srv/_detach_link.py'...
-- Installing: /home/malith/rarm_ws/install/linkattacher_msgs/lib/python3.12/site-packages/linkattacher_msgs/linkattacher_msgs_s__rosidl_typesupport_fastrtps_c.so
-- Set non-toolchain portion of runtime path of "/home/malith/rarm_ws/install/linkattacher_msgs/lib/python3.12/site-packages/linkattacher_msgs/linkattacher_msgs_s__rosidl_typesupport_fastrtps_c.so" to ""
-- Installing: /home/malith/rarm_ws/install/linkattacher_msgs/lib/python3.12/site-packages/linkattacher_msgs/linkattacher_msgs_s__rosidl_typesupport_introspection_c.so
-- Set non-toolchain portion of runtime path of "/home/malith/rarm_ws/install/linkattacher_msgs/lib/python3.12/site-packages/linkattacher_msgs/linkattacher_msgs_s__rosidl_typesupport_introspection_c.so" to ""
-- Installing: /home/malith/rarm_ws/install/linkattacher_msgs/lib/python3.12/site-packages/linkattacher_msgs/linkattacher_msgs_s__rosidl_typesupport_c.so
-- Set non-toolchain portion of runtime path of "/home/malith/rarm_ws/install/linkattacher_msgs/lib/python3.12/site-packages/linkattacher_msgs/linkattacher_msgs_s__rosidl_typesupport_c.so" to ""
-- Installing: /home/malith/rarm_ws/install/linkattacher_msgs/lib/liblinkattacher_msgs__rosidl_generator_py.so
-- Set non-toolchain portion of runtime path of "/home/malith/rarm_ws/install/linkattacher_msgs/lib/liblinkattacher_msgs__rosidl_generator_py.so" to ""
-- Installing: /home/malith/rarm_ws/install/linkattacher_msgs/share/linkattacher_msgs/srv/AttachLink.idl
-- Installing: /home/malith/rarm_ws/install/linkattacher_msgs/share/linkattacher_msgs/srv/DetachLink.idl
-- Up-to-date: /home/malith/rarm_ws/install/linkattacher_msgs/share/linkattacher_msgs/srv/AttachLink.srv
-- Up-to-date: /home/malith/rarm_ws/install/linkattacher_msgs/share/linkattacher_msgs/srv/DetachLink.srv
-- Installing: /home/malith/rarm_ws/install/linkattacher_msgs/share/ament_index/resource_index/package_run_dependencies/linkattacher_msgs
-- Installing: /home/malith/rarm_ws/install/linkattacher_msgs/share/ament_index/resource_index/parent_prefix_path/linkattacher_msgs
-- Installing: /home/malith/rarm_ws/install/linkattacher_msgs/share/linkattacher_msgs/environment/ament_prefix_path.sh
-- Installing: /home/malith/rarm_ws/install/linkattacher_msgs/share/linkattacher_msgs/environment/ament_prefix_path.dsv
-- Installing: /home/malith/rarm_ws/install/linkattacher_msgs/share/linkattacher_msgs/environment/path.sh
-- Installing: /home/malith/rarm_ws/install/linkattacher_msgs/share/linkattacher_msgs/environment/path.dsv
-- Installing: /home/malith/rarm_ws/install/linkattacher_msgs/share/linkattacher_msgs/local_setup.bash
-- Installing: /home/malith/rarm_ws/install/linkattacher_msgs/share/linkattacher_msgs/local_setup.sh
-- Installing: /home/malith/rarm_ws/install/linkattacher_msgs/share/linkattacher_msgs/local_setup.zsh
-- Installing: /home/malith/rarm_ws/install/linkattacher_msgs/share/linkattacher_msgs/local_setup.dsv
-- Installing: /home/malith/rarm_ws/install/linkattacher_msgs/share/linkattacher_msgs/package.dsv
-- Installing: /home/malith/rarm_ws/install/linkattacher_msgs/share/ament_index/resource_index/packages/linkattacher_msgs
-- Installing: /home/malith/rarm_ws/install/linkattacher_msgs/share/linkattacher_msgs/cmake/export_linkattacher_msgs__rosidl_generator_cExport.cmake
-- Installing: /home/malith/rarm_ws/install/linkattacher_msgs/share/linkattacher_msgs/cmake/export_linkattacher_msgs__rosidl_generator_cExport-noconfig.cmake
-- Installing: /home/malith/rarm_ws/install/linkattacher_msgs/share/linkattacher_msgs/cmake/export_linkattacher_msgs__rosidl_typesupport_fastrtps_cExport.cmake
-- Installing: /home/malith/rarm_ws/install/linkattacher_msgs/share/linkattacher_msgs/cmake/export_linkattacher_msgs__rosidl_typesupport_fastrtps_cExport-noconfig.cmake
-- Installing: /home/malith/rarm_ws/install/linkattacher_msgs/share/linkattacher_msgs/cmake/linkattacher_msgs__rosidl_typesupport_introspection_cExport.cmake
-- Installing: /home/malith/rarm_ws/install/linkattacher_msgs/share/linkattacher_msgs/cmake/linkattacher_msgs__rosidl_typesupport_introspection_cExport-noconfig.cmake
-- Installing: /home/malith/rarm_ws/install/linkattacher_msgs/share/linkattacher_msgs/cmake/linkattacher_msgs__rosidl_typesupport_cExport.cmake
-- Installing: /home/malith/rarm_ws/install/linkattacher_msgs/share/linkattacher_msgs/cmake/linkattacher_msgs__rosidl_typesupport_cExport-noconfig.cmake
-- Installing: /home/malith/rarm_ws/install/linkattacher_msgs/share/linkattacher_msgs/cmake/export_linkattacher_msgs__rosidl_generator_cppExport.cmake
-- Installing: /home/malith/rarm_ws/install/linkattacher_msgs/share/linkattacher_msgs/cmake/export_linkattacher_msgs__rosidl_typesupport_fastrtps_cppExport.cmake
-- Installing: /home/malith/rarm_ws/install/linkattacher_msgs/share/linkattacher_msgs/cmake/export_linkattacher_msgs__rosidl_typesupport_fastrtps_cppExport-noconfig.cmake
-- Installing: /home/malith/rarm_ws/install/linkattacher_msgs/share/linkattacher_msgs/cmake/linkattacher_msgs__rosidl_typesupport_introspection_cppExport.cmake
-- Installing: /home/malith/rarm_ws/install/linkattacher_msgs/share/linkattacher_msgs/cmake/linkattacher_msgs__rosidl_typesupport_introspection_cppExport-noconfig.cmake
-- Installing: /home/malith/rarm_ws/install/linkattacher_msgs/share/linkattacher_msgs/cmake/linkattacher_msgs__rosidl_typesupport_cppExport.cmake
-- Installing: /home/malith/rarm_ws/install/linkattacher_msgs/share/linkattacher_msgs/cmake/linkattacher_msgs__rosidl_typesupport_cppExport-noconfig.cmake
-- Installing: /home/malith/rarm_ws/install/linkattacher_msgs/share/linkattacher_msgs/cmake/export_linkattacher_msgs__rosidl_generator_pyExport.cmake
-- Installing: /home/malith/rarm_ws/install/linkattacher_msgs/share/linkattacher_msgs/cmake/export_linkattacher_msgs__rosidl_generator_pyExport-noconfig.cmake
-- Installing: /home/malith/rarm_ws/install/linkattacher_msgs/share/linkattacher_msgs/cmake/rosidl_cmake-extras.cmake
-- Installing: /home/malith/rarm_ws/install/linkattacher_msgs/share/linkattacher_msgs/cmake/ament_cmake_export_dependencies-extras.cmake
-- Installing: /home/malith/rarm_ws/install/linkattacher_msgs/share/linkattacher_msgs/cmake/ament_cmake_export_include_directories-extras.cmake
-- Installing: /home/malith/rarm_ws/install/linkattacher_msgs/share/linkattacher_msgs/cmake/ament_cmake_export_libraries-extras.cmake
-- Installing: /home/malith/rarm_ws/install/linkattacher_msgs/share/linkattacher_msgs/cmake/ament_cmake_export_targets-extras.cmake
-- Installing: /home/malith/rarm_ws/install/linkattacher_msgs/share/linkattacher_msgs/cmake/rosidl_cmake_export_typesupport_targets-extras.cmake
-- Installing: /home/malith/rarm_ws/install/linkattacher_msgs/share/linkattacher_msgs/cmake/rosidl_cmake_export_typesupport_libraries-extras.cmake
-- Installing: /home/malith/rarm_ws/install/linkattacher_msgs/share/linkattacher_msgs/cmake/linkattacher_msgsConfig.cmake
-- Installing: /home/malith/rarm_ws/install/linkattacher_msgs/share/linkattacher_msgs/cmake/linkattacher_msgsConfig-version.cmake
-- Installing: /home/malith/rarm_ws/install/linkattacher_msgs/share/linkattacher_msgs/package.xml
