[0.036s] Invoking command in '/home/malith/rarm_ws/build/linkattacher_msgs': CMAKE_PREFIX_PATH=${CMAKE_PREFIX_PATH}:/opt/ros/jazzy /usr/bin/cmake /home/malith/rarm_ws/src/IFRA_LinkAttacher/linkattacher_msgs -DCMAKE_INSTALL_PREFIX=/home/malith/rarm_ws/install/linkattacher_msgs
[0.534s] -- The C compiler identification is GNU 13.3.0
[2.079s] -- The CXX compiler identification is GNU 13.3.0
[3.411s] -- Detecting C compiler ABI info
[4.016s] -- Detecting C compiler ABI info - done
[4.037s] -- Check for working C compiler: /usr/bin/cc - skipped
[4.041s] -- Detecting C compile features
[4.045s] -- Detecting C compile features - done
[4.230s] -- Detecting CXX compiler ABI info
[4.787s] -- Detecting CXX compiler ABI info - done
[4.803s] -- Check for working CXX compiler: /usr/bin/c++ - skipped
[4.804s] -- Detecting CXX compile features
[4.804s] -- Detecting CXX compile features - done
[4.827s] -- Found ament_cmake: 2.5.4 (/opt/ros/jazzy/share/ament_cmake/cmake)
[5.072s] -- Found Python3: /usr/bin/python3 (found version "3.12.3") found components: Interpreter 
[5.308s] -- Found ament_lint_auto: 0.17.3 (/opt/ros/jazzy/share/ament_lint_auto/cmake)
[5.523s] -- Found rosidl_default_generators: 1.6.0 (/opt/ros/jazzy/share/rosidl_default_generators/cmake)
[5.548s] -- Using all available rosidl_typesupport_c: rosidl_typesupport_fastrtps_c;rosidl_typesupport_introspection_c
[5.924s] -- Using all available rosidl_typesupport_cpp: rosidl_typesupport_fastrtps_cpp;rosidl_typesupport_introspection_cpp
[6.049s] -- Found rosidl_adapter: 4.6.6 (/opt/ros/jazzy/share/rosidl_adapter/cmake)
[6.939s] -- Found ament_cmake_ros: 0.12.0 (/opt/ros/jazzy/share/ament_cmake_ros/cmake)
[7.672s] -- Using all available rosidl_typesupport_c: rosidl_typesupport_fastrtps_c;rosidl_typesupport_introspection_c
[8.654s] -- Using all available rosidl_typesupport_cpp: rosidl_typesupport_fastrtps_cpp;rosidl_typesupport_introspection_cpp
[8.665s] -- Found python_cmake_module: 0.11.1 (/opt/ros/jazzy/share/python_cmake_module/cmake)
[8.903s] -- Found PythonExtra: /usr/bin/python3  
[9.744s] -- Found Python3: /usr/bin/python3 (found version "3.12.3") found components: Interpreter Development NumPy Development.Module Development.Embed 
[9.847s] -- Added test 'copyright' to check source files copyright and LICENSE
[9.854s] -- Added test 'lint_cmake' to check CMake code style
[9.859s] -- Added test 'xmllint' to check XML markup files
[9.897s] -- Configuring done (9.8s)
[10.023s] -- Generating done (0.1s)
[10.047s] -- Build files have been written to: /home/malith/rarm_ws/build/linkattacher_msgs
[10.067s] Invoked command in '/home/malith/rarm_ws/build/linkattacher_msgs' returned '0': CMAKE_PREFIX_PATH=${CMAKE_PREFIX_PATH}:/opt/ros/jazzy /usr/bin/cmake /home/malith/rarm_ws/src/IFRA_LinkAttacher/linkattacher_msgs -DCMAKE_INSTALL_PREFIX=/home/malith/rarm_ws/install/linkattacher_msgs
[10.067s] Invoking command in '/home/malith/rarm_ws/build/linkattacher_msgs': CMAKE_PREFIX_PATH=${CMAKE_PREFIX_PATH}:/opt/ros/jazzy /usr/bin/cmake --build /home/malith/rarm_ws/build/linkattacher_msgs -- -j8 -l8
[10.162s] [  2%] [34m[1mGenerating type hashes for ROS interfaces[0m
[10.184s] [  2%] Built target ament_cmake_python_copy_linkattacher_msgs
[10.757s] running egg_info
[10.761s] creating linkattacher_msgs.egg-info
[10.817s] writing linkattacher_msgs.egg-info/PKG-INFO
[10.818s] writing dependency_links to linkattacher_msgs.egg-info/dependency_links.txt
[10.819s] writing top-level names to linkattacher_msgs.egg-info/top_level.txt
[10.820s] writing manifest file 'linkattacher_msgs.egg-info/SOURCES.txt'
[11.009s] reading manifest file 'linkattacher_msgs.egg-info/SOURCES.txt'
[11.011s] writing manifest file 'linkattacher_msgs.egg-info/SOURCES.txt'
[11.086s] [  2%] Built target linkattacher_msgs__rosidl_generator_type_description
[11.123s] [  4%] [34m[1mGenerating C code for ROS interfaces[0m
[11.131s] [  4%] Built target ament_cmake_python_build_linkattacher_msgs_egg
[11.152s] [  6%] [34m[1mGenerating C++ code for ROS interfaces[0m
[12.684s] [  6%] Built target linkattacher_msgs__cpp
[12.781s] [ 11%] [32mBuilding C object CMakeFiles/linkattacher_msgs__rosidl_generator_c.dir/rosidl_generator_c/linkattacher_msgs/srv/detail/attach_link__type_support.c.o[0m
[12.782s] [ 11%] [32mBuilding C object CMakeFiles/linkattacher_msgs__rosidl_generator_c.dir/rosidl_generator_c/linkattacher_msgs/srv/detail/attach_link__description.c.o[0m
[12.794s] [ 13%] [32mBuilding C object CMakeFiles/linkattacher_msgs__rosidl_generator_c.dir/rosidl_generator_c/linkattacher_msgs/srv/detail/attach_link__functions.c.o[0m
[12.812s] [ 15%] [32mBuilding C object CMakeFiles/linkattacher_msgs__rosidl_generator_c.dir/rosidl_generator_c/linkattacher_msgs/srv/detail/detach_link__description.c.o[0m
[12.823s] [ 18%] [32mBuilding C object CMakeFiles/linkattacher_msgs__rosidl_generator_c.dir/rosidl_generator_c/linkattacher_msgs/srv/detail/detach_link__type_support.c.o[0m
[12.849s] [ 20%] [32mBuilding C object CMakeFiles/linkattacher_msgs__rosidl_generator_c.dir/rosidl_generator_c/linkattacher_msgs/srv/detail/detach_link__functions.c.o[0m
[13.176s] [ 22%] [32m[1mLinking C shared library liblinkattacher_msgs__rosidl_generator_c.so[0m
[13.588s] [ 22%] Built target linkattacher_msgs__rosidl_generator_c
[13.613s] [ 25%] [34m[1mGenerating C++ introspection for ROS interfaces[0m
[13.618s] [ 27%] [34m[1mGenerating C type support dispatch for ROS interfaces[0m
[13.622s] [ 29%] [34m[1mGenerating C++ type support for eProsima Fast-RTPS[0m
[13.624s] [ 31%] [34m[1mGenerating C++ type support dispatch for ROS interfaces[0m
[13.648s] [ 34%] [34m[1mGenerating C introspection for ROS interfaces[0m
[13.657s] [ 36%] [34m[1mGenerating C type support for eProsima Fast-RTPS[0m
[14.891s] [ 38%] [32mBuilding CXX object CMakeFiles/linkattacher_msgs__rosidl_typesupport_cpp.dir/rosidl_typesupport_cpp/linkattacher_msgs/srv/attach_link__type_support.cpp.o[0m
[15.011s] [ 40%] [32mBuilding CXX object CMakeFiles/linkattacher_msgs__rosidl_typesupport_cpp.dir/rosidl_typesupport_cpp/linkattacher_msgs/srv/detach_link__type_support.cpp.o[0m
[15.263s] [ 43%] [32mBuilding C object CMakeFiles/linkattacher_msgs__rosidl_typesupport_introspection_c.dir/rosidl_typesupport_introspection_c/linkattacher_msgs/srv/detail/attach_link__type_support.c.o[0m
[15.266s] [ 45%] [32mBuilding C object CMakeFiles/linkattacher_msgs__rosidl_typesupport_introspection_c.dir/rosidl_typesupport_introspection_c/linkattacher_msgs/srv/detail/detach_link__type_support.c.o[0m
[15.487s] [ 47%] [32m[1mLinking C shared library liblinkattacher_msgs__rosidl_typesupport_introspection_c.so[0m
[15.509s] [ 50%] [32mBuilding CXX object CMakeFiles/linkattacher_msgs__rosidl_typesupport_introspection_cpp.dir/rosidl_typesupport_introspection_cpp/linkattacher_msgs/srv/detail/attach_link__type_support.cpp.o[0m
[15.532s] [ 52%] [32mBuilding CXX object CMakeFiles/linkattacher_msgs__rosidl_typesupport_c.dir/rosidl_typesupport_c/linkattacher_msgs/srv/attach_link__type_support.cpp.o[0m
[15.544s] [ 54%] [32mBuilding CXX object CMakeFiles/linkattacher_msgs__rosidl_typesupport_introspection_cpp.dir/rosidl_typesupport_introspection_cpp/linkattacher_msgs/srv/detail/detach_link__type_support.cpp.o[0m
[15.821s] [ 56%] [32mBuilding CXX object CMakeFiles/linkattacher_msgs__rosidl_typesupport_fastrtps_cpp.dir/rosidl_typesupport_fastrtps_cpp/linkattacher_msgs/srv/detail/dds_fastrtps/attach_link__type_support.cpp.o[0m
[15.857s] [ 56%] Built target linkattacher_msgs__rosidl_typesupport_introspection_c
[15.861s] [ 59%] [32mBuilding CXX object CMakeFiles/linkattacher_msgs__rosidl_typesupport_c.dir/rosidl_typesupport_c/linkattacher_msgs/srv/detach_link__type_support.cpp.o[0m
[15.957s] [ 61%] [32mBuilding CXX object CMakeFiles/linkattacher_msgs__rosidl_typesupport_fastrtps_cpp.dir/rosidl_typesupport_fastrtps_cpp/linkattacher_msgs/srv/detail/dds_fastrtps/detach_link__type_support.cpp.o[0m
[16.208s] [ 63%] [32m[1mLinking CXX shared library liblinkattacher_msgs__rosidl_typesupport_c.so[0m
[16.240s] [ 65%] [32mBuilding CXX object CMakeFiles/linkattacher_msgs__rosidl_typesupport_fastrtps_c.dir/rosidl_typesupport_fastrtps_c/linkattacher_msgs/srv/detail/attach_link__type_support_c.cpp.o[0m
[16.774s] [ 65%] Built target linkattacher_msgs__rosidl_typesupport_c
[16.887s] [ 68%] [32mBuilding CXX object CMakeFiles/linkattacher_msgs__rosidl_typesupport_fastrtps_c.dir/rosidl_typesupport_fastrtps_c/linkattacher_msgs/srv/detail/detach_link__type_support_c.cpp.o[0m
[17.316s] [ 70%] [32m[1mLinking CXX shared library liblinkattacher_msgs__rosidl_typesupport_cpp.so[0m
[17.581s] [ 72%] [32m[1mLinking CXX shared library liblinkattacher_msgs__rosidl_typesupport_introspection_cpp.so[0m
[17.765s] [ 72%] Built target linkattacher_msgs__rosidl_typesupport_cpp
[18.252s] [ 72%] Built target linkattacher_msgs__rosidl_typesupport_introspection_cpp
[18.679s] [ 75%] [32m[1mLinking CXX shared library liblinkattacher_msgs__rosidl_typesupport_fastrtps_cpp.so[0m
[18.926s] [ 77%] [32m[1mLinking CXX shared library liblinkattacher_msgs__rosidl_typesupport_fastrtps_c.so[0m
[19.365s] [ 77%] Built target linkattacher_msgs__rosidl_typesupport_fastrtps_cpp
[19.668s] [ 77%] Built target linkattacher_msgs__rosidl_typesupport_fastrtps_c
[19.740s] [ 77%] Built target linkattacher_msgs
[19.813s] [ 79%] [34m[1mGenerating Python code for ROS interfaces[0m
[21.668s] [ 79%] Built target linkattacher_msgs__py
[21.717s] [ 81%] [32mBuilding C object CMakeFiles/linkattacher_msgs__rosidl_generator_py.dir/rosidl_generator_py/linkattacher_msgs/srv/_attach_link_s.c.o[0m
[21.725s] [ 84%] [32mBuilding C object CMakeFiles/linkattacher_msgs__rosidl_generator_py.dir/rosidl_generator_py/linkattacher_msgs/srv/_detach_link_s.c.o[0m
[22.311s] [ 86%] [32m[1mLinking C shared library liblinkattacher_msgs__rosidl_generator_py.so[0m
[22.647s] [ 86%] Built target linkattacher_msgs__rosidl_generator_py
[22.700s] [ 88%] [32mBuilding C object CMakeFiles/linkattacher_msgs_s__rosidl_typesupport_fastrtps_c.dir/rosidl_generator_py/linkattacher_msgs/_linkattacher_msgs_s.ep.rosidl_typesupport_fastrtps_c.c.o[0m
[22.942s] [ 90%] [32m[1mLinking C shared module rosidl_generator_py/linkattacher_msgs/linkattacher_msgs_s__rosidl_typesupport_fastrtps_c.so[0m
[23.195s] [ 90%] Built target linkattacher_msgs_s__rosidl_typesupport_fastrtps_c
[23.256s] [ 93%] [32mBuilding C object CMakeFiles/linkattacher_msgs_s__rosidl_typesupport_c.dir/rosidl_generator_py/linkattacher_msgs/_linkattacher_msgs_s.ep.rosidl_typesupport_c.c.o[0m
[23.488s] [ 95%] [32m[1mLinking C shared module rosidl_generator_py/linkattacher_msgs/linkattacher_msgs_s__rosidl_typesupport_c.so[0m
[23.736s] [ 95%] Built target linkattacher_msgs_s__rosidl_typesupport_c
[23.778s] [ 97%] [32mBuilding C object CMakeFiles/linkattacher_msgs_s__rosidl_typesupport_introspection_c.dir/rosidl_generator_py/linkattacher_msgs/_linkattacher_msgs_s.ep.rosidl_typesupport_introspection_c.c.o[0m
[23.992s] [100%] [32m[1mLinking C shared module rosidl_generator_py/linkattacher_msgs/linkattacher_msgs_s__rosidl_typesupport_introspection_c.so[0m
[24.202s] [100%] Built target linkattacher_msgs_s__rosidl_typesupport_introspection_c
[24.223s] Invoked command in '/home/malith/rarm_ws/build/linkattacher_msgs' returned '0': CMAKE_PREFIX_PATH=${CMAKE_PREFIX_PATH}:/opt/ros/jazzy /usr/bin/cmake --build /home/malith/rarm_ws/build/linkattacher_msgs -- -j8 -l8
[24.225s] Invoking command in '/home/malith/rarm_ws/build/linkattacher_msgs': CMAKE_PREFIX_PATH=${CMAKE_PREFIX_PATH}:/opt/ros/jazzy /usr/bin/cmake --install /home/malith/rarm_ws/build/linkattacher_msgs
[24.242s] -- Install configuration: ""
[24.242s] -- Installing: /home/malith/rarm_ws/install/linkattacher_msgs/share/linkattacher_msgs/srv
[24.242s] -- Installing: /home/malith/rarm_ws/install/linkattacher_msgs/share/linkattacher_msgs/srv/DetachLink.srv
[24.243s] -- Installing: /home/malith/rarm_ws/install/linkattacher_msgs/share/linkattacher_msgs/srv/AttachLink.srv
[24.244s] -- Installing: /home/malith/rarm_ws/install/linkattacher_msgs/share/ament_index/resource_index/rosidl_interfaces/linkattacher_msgs
[24.245s] -- Installing: /home/malith/rarm_ws/install/linkattacher_msgs/share/linkattacher_msgs/srv/AttachLink.json
[24.245s] -- Installing: /home/malith/rarm_ws/install/linkattacher_msgs/share/linkattacher_msgs/srv/DetachLink.json
[24.245s] -- Installing: /home/malith/rarm_ws/install/linkattacher_msgs/include/linkattacher_msgs/linkattacher_msgs
[24.251s] -- Installing: /home/malith/rarm_ws/install/linkattacher_msgs/include/linkattacher_msgs/linkattacher_msgs/msg
[24.252s] -- Installing: /home/malith/rarm_ws/install/linkattacher_msgs/include/linkattacher_msgs/linkattacher_msgs/msg/rosidl_generator_c__visibility_control.h
[24.252s] -- Installing: /home/malith/rarm_ws/install/linkattacher_msgs/include/linkattacher_msgs/linkattacher_msgs/srv
[24.252s] -- Installing: /home/malith/rarm_ws/install/linkattacher_msgs/include/linkattacher_msgs/linkattacher_msgs/srv/detach_link.h
[24.252s] -- Installing: /home/malith/rarm_ws/install/linkattacher_msgs/include/linkattacher_msgs/linkattacher_msgs/srv/attach_link.h
[24.252s] -- Installing: /home/malith/rarm_ws/install/linkattacher_msgs/include/linkattacher_msgs/linkattacher_msgs/srv/detail
[24.253s] -- Installing: /home/malith/rarm_ws/install/linkattacher_msgs/include/linkattacher_msgs/linkattacher_msgs/srv/detail/attach_link__type_support.c
[24.253s] -- Installing: /home/malith/rarm_ws/install/linkattacher_msgs/include/linkattacher_msgs/linkattacher_msgs/srv/detail/detach_link__struct.h
[24.253s] -- Installing: /home/malith/rarm_ws/install/linkattacher_msgs/include/linkattacher_msgs/linkattacher_msgs/srv/detail/attach_link__type_support.h
[24.254s] -- Installing: /home/malith/rarm_ws/install/linkattacher_msgs/include/linkattacher_msgs/linkattacher_msgs/srv/detail/detach_link__description.c
[24.254s] -- Installing: /home/malith/rarm_ws/install/linkattacher_msgs/include/linkattacher_msgs/linkattacher_msgs/srv/detail/detach_link__functions.c
[24.254s] -- Installing: /home/malith/rarm_ws/install/linkattacher_msgs/include/linkattacher_msgs/linkattacher_msgs/srv/detail/attach_link__functions.h
[24.254s] -- Installing: /home/malith/rarm_ws/install/linkattacher_msgs/include/linkattacher_msgs/linkattacher_msgs/srv/detail/attach_link__functions.c
[24.255s] -- Installing: /home/malith/rarm_ws/install/linkattacher_msgs/include/linkattacher_msgs/linkattacher_msgs/srv/detail/detach_link__functions.h
[24.255s] -- Installing: /home/malith/rarm_ws/install/linkattacher_msgs/include/linkattacher_msgs/linkattacher_msgs/srv/detail/attach_link__description.c
[24.255s] -- Installing: /home/malith/rarm_ws/install/linkattacher_msgs/include/linkattacher_msgs/linkattacher_msgs/srv/detail/attach_link__struct.h
[24.255s] -- Installing: /home/malith/rarm_ws/install/linkattacher_msgs/include/linkattacher_msgs/linkattacher_msgs/srv/detail/detach_link__type_support.c
[24.256s] -- Installing: /home/malith/rarm_ws/install/linkattacher_msgs/include/linkattacher_msgs/linkattacher_msgs/srv/detail/detach_link__type_support.h
[24.256s] -- Installing: /home/malith/rarm_ws/install/linkattacher_msgs/share/linkattacher_msgs/environment/library_path.sh
[24.257s] -- Installing: /home/malith/rarm_ws/install/linkattacher_msgs/share/linkattacher_msgs/environment/library_path.dsv
[24.257s] -- Installing: /home/malith/rarm_ws/install/linkattacher_msgs/lib/liblinkattacher_msgs__rosidl_generator_c.so
[24.258s] -- Set non-toolchain portion of runtime path of "/home/malith/rarm_ws/install/linkattacher_msgs/lib/liblinkattacher_msgs__rosidl_generator_c.so" to ""
[24.258s] -- Up-to-date: /home/malith/rarm_ws/install/linkattacher_msgs/include/linkattacher_msgs/linkattacher_msgs
[24.258s] -- Up-to-date: /home/malith/rarm_ws/install/linkattacher_msgs/include/linkattacher_msgs/linkattacher_msgs/msg
[24.259s] -- Installing: /home/malith/rarm_ws/install/linkattacher_msgs/include/linkattacher_msgs/linkattacher_msgs/msg/rosidl_typesupport_fastrtps_c__visibility_control.h
[24.259s] -- Up-to-date: /home/malith/rarm_ws/install/linkattacher_msgs/include/linkattacher_msgs/linkattacher_msgs/srv
[24.259s] -- Up-to-date: /home/malith/rarm_ws/install/linkattacher_msgs/include/linkattacher_msgs/linkattacher_msgs/srv/detail
[24.259s] -- Installing: /home/malith/rarm_ws/install/linkattacher_msgs/include/linkattacher_msgs/linkattacher_msgs/srv/detail/attach_link__rosidl_typesupport_fastrtps_c.h
[24.259s] -- Installing: /home/malith/rarm_ws/install/linkattacher_msgs/include/linkattacher_msgs/linkattacher_msgs/srv/detail/detach_link__rosidl_typesupport_fastrtps_c.h
[24.260s] -- Installing: /home/malith/rarm_ws/install/linkattacher_msgs/lib/liblinkattacher_msgs__rosidl_typesupport_fastrtps_c.so
[24.260s] -- Set non-toolchain portion of runtime path of "/home/malith/rarm_ws/install/linkattacher_msgs/lib/liblinkattacher_msgs__rosidl_typesupport_fastrtps_c.so" to ""
[24.260s] -- Up-to-date: /home/malith/rarm_ws/install/linkattacher_msgs/include/linkattacher_msgs/linkattacher_msgs
[24.261s] -- Up-to-date: /home/malith/rarm_ws/install/linkattacher_msgs/include/linkattacher_msgs/linkattacher_msgs/msg
[24.262s] -- Installing: /home/malith/rarm_ws/install/linkattacher_msgs/include/linkattacher_msgs/linkattacher_msgs/msg/rosidl_typesupport_introspection_c__visibility_control.h
[24.262s] -- Up-to-date: /home/malith/rarm_ws/install/linkattacher_msgs/include/linkattacher_msgs/linkattacher_msgs/srv
[24.262s] -- Up-to-date: /home/malith/rarm_ws/install/linkattacher_msgs/include/linkattacher_msgs/linkattacher_msgs/srv/detail
[24.263s] -- Installing: /home/malith/rarm_ws/install/linkattacher_msgs/include/linkattacher_msgs/linkattacher_msgs/srv/detail/attach_link__type_support.c
[24.263s] -- Installing: /home/malith/rarm_ws/install/linkattacher_msgs/include/linkattacher_msgs/linkattacher_msgs/srv/detail/attach_link__rosidl_typesupport_introspection_c.h
[24.264s] -- Installing: /home/malith/rarm_ws/install/linkattacher_msgs/include/linkattacher_msgs/linkattacher_msgs/srv/detail/detach_link__rosidl_typesupport_introspection_c.h
[24.264s] -- Installing: /home/malith/rarm_ws/install/linkattacher_msgs/include/linkattacher_msgs/linkattacher_msgs/srv/detail/detach_link__type_support.c
[24.264s] -- Installing: /home/malith/rarm_ws/install/linkattacher_msgs/lib/liblinkattacher_msgs__rosidl_typesupport_introspection_c.so
[24.265s] -- Set non-toolchain portion of runtime path of "/home/malith/rarm_ws/install/linkattacher_msgs/lib/liblinkattacher_msgs__rosidl_typesupport_introspection_c.so" to ""
[24.265s] -- Installing: /home/malith/rarm_ws/install/linkattacher_msgs/lib/liblinkattacher_msgs__rosidl_typesupport_c.so
[24.266s] -- Set non-toolchain portion of runtime path of "/home/malith/rarm_ws/install/linkattacher_msgs/lib/liblinkattacher_msgs__rosidl_typesupport_c.so" to ""
[24.266s] -- Up-to-date: /home/malith/rarm_ws/install/linkattacher_msgs/include/linkattacher_msgs/linkattacher_msgs
[24.267s] -- Up-to-date: /home/malith/rarm_ws/install/linkattacher_msgs/include/linkattacher_msgs/linkattacher_msgs/msg
[24.267s] -- Installing: /home/malith/rarm_ws/install/linkattacher_msgs/include/linkattacher_msgs/linkattacher_msgs/msg/rosidl_generator_cpp__visibility_control.hpp
[24.267s] -- Up-to-date: /home/malith/rarm_ws/install/linkattacher_msgs/include/linkattacher_msgs/linkattacher_msgs/srv
[24.267s] -- Installing: /home/malith/rarm_ws/install/linkattacher_msgs/include/linkattacher_msgs/linkattacher_msgs/srv/attach_link.hpp
[24.268s] -- Up-to-date: /home/malith/rarm_ws/install/linkattacher_msgs/include/linkattacher_msgs/linkattacher_msgs/srv/detail
[24.268s] -- Installing: /home/malith/rarm_ws/install/linkattacher_msgs/include/linkattacher_msgs/linkattacher_msgs/srv/detail/detach_link__struct.hpp
[24.268s] -- Installing: /home/malith/rarm_ws/install/linkattacher_msgs/include/linkattacher_msgs/linkattacher_msgs/srv/detail/attach_link__builder.hpp
[24.269s] -- Installing: /home/malith/rarm_ws/install/linkattacher_msgs/include/linkattacher_msgs/linkattacher_msgs/srv/detail/detach_link__type_support.hpp
[24.269s] -- Installing: /home/malith/rarm_ws/install/linkattacher_msgs/include/linkattacher_msgs/linkattacher_msgs/srv/detail/attach_link__type_support.hpp
[24.269s] -- Installing: /home/malith/rarm_ws/install/linkattacher_msgs/include/linkattacher_msgs/linkattacher_msgs/srv/detail/detach_link__builder.hpp
[24.269s] -- Installing: /home/malith/rarm_ws/install/linkattacher_msgs/include/linkattacher_msgs/linkattacher_msgs/srv/detail/attach_link__struct.hpp
[24.269s] -- Installing: /home/malith/rarm_ws/install/linkattacher_msgs/include/linkattacher_msgs/linkattacher_msgs/srv/detail/attach_link__traits.hpp
[24.270s] -- Installing: /home/malith/rarm_ws/install/linkattacher_msgs/include/linkattacher_msgs/linkattacher_msgs/srv/detail/detach_link__traits.hpp
[24.270s] -- Installing: /home/malith/rarm_ws/install/linkattacher_msgs/include/linkattacher_msgs/linkattacher_msgs/srv/detach_link.hpp
[24.270s] -- Up-to-date: /home/malith/rarm_ws/install/linkattacher_msgs/include/linkattacher_msgs/linkattacher_msgs
[24.270s] -- Up-to-date: /home/malith/rarm_ws/install/linkattacher_msgs/include/linkattacher_msgs/linkattacher_msgs/msg
[24.271s] -- Installing: /home/malith/rarm_ws/install/linkattacher_msgs/include/linkattacher_msgs/linkattacher_msgs/msg/rosidl_typesupport_fastrtps_cpp__visibility_control.h
[24.271s] -- Up-to-date: /home/malith/rarm_ws/install/linkattacher_msgs/include/linkattacher_msgs/linkattacher_msgs/srv
[24.271s] -- Up-to-date: /home/malith/rarm_ws/install/linkattacher_msgs/include/linkattacher_msgs/linkattacher_msgs/srv/detail
[24.271s] -- Installing: /home/malith/rarm_ws/install/linkattacher_msgs/include/linkattacher_msgs/linkattacher_msgs/srv/detail/attach_link__rosidl_typesupport_fastrtps_cpp.hpp
[24.271s] -- Installing: /home/malith/rarm_ws/install/linkattacher_msgs/include/linkattacher_msgs/linkattacher_msgs/srv/detail/dds_fastrtps
[24.272s] -- Installing: /home/malith/rarm_ws/install/linkattacher_msgs/include/linkattacher_msgs/linkattacher_msgs/srv/detail/detach_link__rosidl_typesupport_fastrtps_cpp.hpp
[24.272s] -- Installing: /home/malith/rarm_ws/install/linkattacher_msgs/lib/liblinkattacher_msgs__rosidl_typesupport_fastrtps_cpp.so
[24.273s] -- Set non-toolchain portion of runtime path of "/home/malith/rarm_ws/install/linkattacher_msgs/lib/liblinkattacher_msgs__rosidl_typesupport_fastrtps_cpp.so" to ""
[24.273s] -- Up-to-date: /home/malith/rarm_ws/install/linkattacher_msgs/include/linkattacher_msgs/linkattacher_msgs
[24.274s] -- Up-to-date: /home/malith/rarm_ws/install/linkattacher_msgs/include/linkattacher_msgs/linkattacher_msgs/srv
[24.274s] -- Up-to-date: /home/malith/rarm_ws/install/linkattacher_msgs/include/linkattacher_msgs/linkattacher_msgs/srv/detail
[24.274s] -- Installing: /home/malith/rarm_ws/install/linkattacher_msgs/include/linkattacher_msgs/linkattacher_msgs/srv/detail/detach_link__type_support.cpp
[24.275s] -- Installing: /home/malith/rarm_ws/install/linkattacher_msgs/include/linkattacher_msgs/linkattacher_msgs/srv/detail/detach_link__rosidl_typesupport_introspection_cpp.hpp
[24.276s] -- Installing: /home/malith/rarm_ws/install/linkattacher_msgs/include/linkattacher_msgs/linkattacher_msgs/srv/detail/attach_link__rosidl_typesupport_introspection_cpp.hpp
[24.276s] -- Installing: /home/malith/rarm_ws/install/linkattacher_msgs/include/linkattacher_msgs/linkattacher_msgs/srv/detail/attach_link__type_support.cpp
[24.277s] -- Installing: /home/malith/rarm_ws/install/linkattacher_msgs/lib/liblinkattacher_msgs__rosidl_typesupport_introspection_cpp.so
[24.278s] -- Set non-toolchain portion of runtime path of "/home/malith/rarm_ws/install/linkattacher_msgs/lib/liblinkattacher_msgs__rosidl_typesupport_introspection_cpp.so" to ""
[24.278s] -- Installing: /home/malith/rarm_ws/install/linkattacher_msgs/lib/liblinkattacher_msgs__rosidl_typesupport_cpp.so
[24.284s] -- Set non-toolchain portion of runtime path of "/home/malith/rarm_ws/install/linkattacher_msgs/lib/liblinkattacher_msgs__rosidl_typesupport_cpp.so" to ""
[24.285s] -- Installing: /home/malith/rarm_ws/install/linkattacher_msgs/share/linkattacher_msgs/environment/pythonpath.sh
[24.285s] -- Installing: /home/malith/rarm_ws/install/linkattacher_msgs/share/linkattacher_msgs/environment/pythonpath.dsv
[24.285s] -- Installing: /home/malith/rarm_ws/install/linkattacher_msgs/lib/python3.12/site-packages/linkattacher_msgs-0.0.0-py3.12.egg-info
[24.285s] -- Installing: /home/malith/rarm_ws/install/linkattacher_msgs/lib/python3.12/site-packages/linkattacher_msgs-0.0.0-py3.12.egg-info/dependency_links.txt
[24.285s] -- Installing: /home/malith/rarm_ws/install/linkattacher_msgs/lib/python3.12/site-packages/linkattacher_msgs-0.0.0-py3.12.egg-info/top_level.txt
[24.285s] -- Installing: /home/malith/rarm_ws/install/linkattacher_msgs/lib/python3.12/site-packages/linkattacher_msgs-0.0.0-py3.12.egg-info/PKG-INFO
[24.285s] -- Installing: /home/malith/rarm_ws/install/linkattacher_msgs/lib/python3.12/site-packages/linkattacher_msgs-0.0.0-py3.12.egg-info/SOURCES.txt
[24.286s] -- Installing: /home/malith/rarm_ws/install/linkattacher_msgs/lib/python3.12/site-packages/linkattacher_msgs
[24.286s] -- Installing: /home/malith/rarm_ws/install/linkattacher_msgs/lib/python3.12/site-packages/linkattacher_msgs/linkattacher_msgs_s__rosidl_typesupport_introspection_c.so
[24.286s] -- Installing: /home/malith/rarm_ws/install/linkattacher_msgs/lib/python3.12/site-packages/linkattacher_msgs/linkattacher_msgs_s__rosidl_typesupport_fastrtps_c.so
[24.286s] -- Installing: /home/malith/rarm_ws/install/linkattacher_msgs/lib/python3.12/site-packages/linkattacher_msgs/linkattacher_msgs_s__rosidl_typesupport_c.so
[24.286s] -- Installing: /home/malith/rarm_ws/install/linkattacher_msgs/lib/python3.12/site-packages/linkattacher_msgs/_linkattacher_msgs_s.ep.rosidl_typesupport_introspection_c.c
[24.286s] -- Installing: /home/malith/rarm_ws/install/linkattacher_msgs/lib/python3.12/site-packages/linkattacher_msgs/__init__.py
[24.286s] -- Installing: /home/malith/rarm_ws/install/linkattacher_msgs/lib/python3.12/site-packages/linkattacher_msgs/_linkattacher_msgs_s.ep.rosidl_typesupport_c.c
[24.286s] -- Installing: /home/malith/rarm_ws/install/linkattacher_msgs/lib/python3.12/site-packages/linkattacher_msgs/_linkattacher_msgs_s.ep.rosidl_typesupport_fastrtps_c.c
[24.287s] -- Installing: /home/malith/rarm_ws/install/linkattacher_msgs/lib/python3.12/site-packages/linkattacher_msgs/srv
[24.287s] -- Installing: /home/malith/rarm_ws/install/linkattacher_msgs/lib/python3.12/site-packages/linkattacher_msgs/srv/_detach_link_s.c
[24.287s] -- Installing: /home/malith/rarm_ws/install/linkattacher_msgs/lib/python3.12/site-packages/linkattacher_msgs/srv/_detach_link.py
[24.287s] -- Installing: /home/malith/rarm_ws/install/linkattacher_msgs/lib/python3.12/site-packages/linkattacher_msgs/srv/_attach_link_s.c
[24.287s] -- Installing: /home/malith/rarm_ws/install/linkattacher_msgs/lib/python3.12/site-packages/linkattacher_msgs/srv/_attach_link.py
[24.288s] -- Installing: /home/malith/rarm_ws/install/linkattacher_msgs/lib/python3.12/site-packages/linkattacher_msgs/srv/__init__.py
[24.469s] Listing '/home/malith/rarm_ws/install/linkattacher_msgs/lib/python3.12/site-packages/linkattacher_msgs'...
[24.469s] Compiling '/home/malith/rarm_ws/install/linkattacher_msgs/lib/python3.12/site-packages/linkattacher_msgs/__init__.py'...
[24.470s] Listing '/home/malith/rarm_ws/install/linkattacher_msgs/lib/python3.12/site-packages/linkattacher_msgs/srv'...
[24.470s] Compiling '/home/malith/rarm_ws/install/linkattacher_msgs/lib/python3.12/site-packages/linkattacher_msgs/srv/__init__.py'...
[24.470s] Compiling '/home/malith/rarm_ws/install/linkattacher_msgs/lib/python3.12/site-packages/linkattacher_msgs/srv/_attach_link.py'...
[24.470s] Compiling '/home/malith/rarm_ws/install/linkattacher_msgs/lib/python3.12/site-packages/linkattacher_msgs/srv/_detach_link.py'...
[24.499s] -- Installing: /home/malith/rarm_ws/install/linkattacher_msgs/lib/python3.12/site-packages/linkattacher_msgs/linkattacher_msgs_s__rosidl_typesupport_fastrtps_c.so
[24.500s] -- Set non-toolchain portion of runtime path of "/home/malith/rarm_ws/install/linkattacher_msgs/lib/python3.12/site-packages/linkattacher_msgs/linkattacher_msgs_s__rosidl_typesupport_fastrtps_c.so" to ""
[24.500s] -- Installing: /home/malith/rarm_ws/install/linkattacher_msgs/lib/python3.12/site-packages/linkattacher_msgs/linkattacher_msgs_s__rosidl_typesupport_introspection_c.so
[24.504s] -- Set non-toolchain portion of runtime path of "/home/malith/rarm_ws/install/linkattacher_msgs/lib/python3.12/site-packages/linkattacher_msgs/linkattacher_msgs_s__rosidl_typesupport_introspection_c.so" to ""
[24.504s] -- Installing: /home/malith/rarm_ws/install/linkattacher_msgs/lib/python3.12/site-packages/linkattacher_msgs/linkattacher_msgs_s__rosidl_typesupport_c.so
[24.505s] -- Set non-toolchain portion of runtime path of "/home/malith/rarm_ws/install/linkattacher_msgs/lib/python3.12/site-packages/linkattacher_msgs/linkattacher_msgs_s__rosidl_typesupport_c.so" to ""
[24.505s] -- Installing: /home/malith/rarm_ws/install/linkattacher_msgs/lib/liblinkattacher_msgs__rosidl_generator_py.so
[24.535s] -- Set non-toolchain portion of runtime path of "/home/malith/rarm_ws/install/linkattacher_msgs/lib/liblinkattacher_msgs__rosidl_generator_py.so" to ""
[24.539s] -- Installing: /home/malith/rarm_ws/install/linkattacher_msgs/share/linkattacher_msgs/srv/AttachLink.idl
[24.539s] -- Installing: /home/malith/rarm_ws/install/linkattacher_msgs/share/linkattacher_msgs/srv/DetachLink.idl
[24.539s] -- Up-to-date: /home/malith/rarm_ws/install/linkattacher_msgs/share/linkattacher_msgs/srv/AttachLink.srv
[24.539s] -- Up-to-date: /home/malith/rarm_ws/install/linkattacher_msgs/share/linkattacher_msgs/srv/DetachLink.srv
[24.539s] -- Installing: /home/malith/rarm_ws/install/linkattacher_msgs/share/ament_index/resource_index/package_run_dependencies/linkattacher_msgs
[24.541s] -- Installing: /home/malith/rarm_ws/install/linkattacher_msgs/share/ament_index/resource_index/parent_prefix_path/linkattacher_msgs
[24.542s] -- Installing: /home/malith/rarm_ws/install/linkattacher_msgs/share/linkattacher_msgs/environment/ament_prefix_path.sh
[24.542s] -- Installing: /home/malith/rarm_ws/install/linkattacher_msgs/share/linkattacher_msgs/environment/ament_prefix_path.dsv
[24.542s] -- Installing: /home/malith/rarm_ws/install/linkattacher_msgs/share/linkattacher_msgs/environment/path.sh
[24.542s] -- Installing: /home/malith/rarm_ws/install/linkattacher_msgs/share/linkattacher_msgs/environment/path.dsv
[24.542s] -- Installing: /home/malith/rarm_ws/install/linkattacher_msgs/share/linkattacher_msgs/local_setup.bash
[24.542s] -- Installing: /home/malith/rarm_ws/install/linkattacher_msgs/share/linkattacher_msgs/local_setup.sh
[24.542s] -- Installing: /home/malith/rarm_ws/install/linkattacher_msgs/share/linkattacher_msgs/local_setup.zsh
[24.542s] -- Installing: /home/malith/rarm_ws/install/linkattacher_msgs/share/linkattacher_msgs/local_setup.dsv
[24.542s] -- Installing: /home/malith/rarm_ws/install/linkattacher_msgs/share/linkattacher_msgs/package.dsv
[24.543s] -- Installing: /home/malith/rarm_ws/install/linkattacher_msgs/share/ament_index/resource_index/packages/linkattacher_msgs
[24.543s] -- Installing: /home/malith/rarm_ws/install/linkattacher_msgs/share/linkattacher_msgs/cmake/export_linkattacher_msgs__rosidl_generator_cExport.cmake
[24.543s] -- Installing: /home/malith/rarm_ws/install/linkattacher_msgs/share/linkattacher_msgs/cmake/export_linkattacher_msgs__rosidl_generator_cExport-noconfig.cmake
[24.543s] -- Installing: /home/malith/rarm_ws/install/linkattacher_msgs/share/linkattacher_msgs/cmake/export_linkattacher_msgs__rosidl_typesupport_fastrtps_cExport.cmake
[24.543s] -- Installing: /home/malith/rarm_ws/install/linkattacher_msgs/share/linkattacher_msgs/cmake/export_linkattacher_msgs__rosidl_typesupport_fastrtps_cExport-noconfig.cmake
[24.543s] -- Installing: /home/malith/rarm_ws/install/linkattacher_msgs/share/linkattacher_msgs/cmake/linkattacher_msgs__rosidl_typesupport_introspection_cExport.cmake
[24.543s] -- Installing: /home/malith/rarm_ws/install/linkattacher_msgs/share/linkattacher_msgs/cmake/linkattacher_msgs__rosidl_typesupport_introspection_cExport-noconfig.cmake
[24.544s] -- Installing: /home/malith/rarm_ws/install/linkattacher_msgs/share/linkattacher_msgs/cmake/linkattacher_msgs__rosidl_typesupport_cExport.cmake
[24.551s] -- Installing: /home/malith/rarm_ws/install/linkattacher_msgs/share/linkattacher_msgs/cmake/linkattacher_msgs__rosidl_typesupport_cExport-noconfig.cmake
[24.552s] -- Installing: /home/malith/rarm_ws/install/linkattacher_msgs/share/linkattacher_msgs/cmake/export_linkattacher_msgs__rosidl_generator_cppExport.cmake
[24.552s] -- Installing: /home/malith/rarm_ws/install/linkattacher_msgs/share/linkattacher_msgs/cmake/export_linkattacher_msgs__rosidl_typesupport_fastrtps_cppExport.cmake
[24.553s] -- Installing: /home/malith/rarm_ws/install/linkattacher_msgs/share/linkattacher_msgs/cmake/export_linkattacher_msgs__rosidl_typesupport_fastrtps_cppExport-noconfig.cmake
[24.553s] -- Installing: /home/malith/rarm_ws/install/linkattacher_msgs/share/linkattacher_msgs/cmake/linkattacher_msgs__rosidl_typesupport_introspection_cppExport.cmake
[24.553s] -- Installing: /home/malith/rarm_ws/install/linkattacher_msgs/share/linkattacher_msgs/cmake/linkattacher_msgs__rosidl_typesupport_introspection_cppExport-noconfig.cmake
[24.553s] -- Installing: /home/malith/rarm_ws/install/linkattacher_msgs/share/linkattacher_msgs/cmake/linkattacher_msgs__rosidl_typesupport_cppExport.cmake
[24.553s] -- Installing: /home/malith/rarm_ws/install/linkattacher_msgs/share/linkattacher_msgs/cmake/linkattacher_msgs__rosidl_typesupport_cppExport-noconfig.cmake
[24.553s] -- Installing: /home/malith/rarm_ws/install/linkattacher_msgs/share/linkattacher_msgs/cmake/export_linkattacher_msgs__rosidl_generator_pyExport.cmake
[24.553s] -- Installing: /home/malith/rarm_ws/install/linkattacher_msgs/share/linkattacher_msgs/cmake/export_linkattacher_msgs__rosidl_generator_pyExport-noconfig.cmake
[24.554s] -- Installing: /home/malith/rarm_ws/install/linkattacher_msgs/share/linkattacher_msgs/cmake/rosidl_cmake-extras.cmake
[24.554s] -- Installing: /home/malith/rarm_ws/install/linkattacher_msgs/share/linkattacher_msgs/cmake/ament_cmake_export_dependencies-extras.cmake
[24.554s] -- Installing: /home/malith/rarm_ws/install/linkattacher_msgs/share/linkattacher_msgs/cmake/ament_cmake_export_include_directories-extras.cmake
[24.555s] -- Installing: /home/malith/rarm_ws/install/linkattacher_msgs/share/linkattacher_msgs/cmake/ament_cmake_export_libraries-extras.cmake
[24.555s] -- Installing: /home/malith/rarm_ws/install/linkattacher_msgs/share/linkattacher_msgs/cmake/ament_cmake_export_targets-extras.cmake
[24.555s] -- Installing: /home/malith/rarm_ws/install/linkattacher_msgs/share/linkattacher_msgs/cmake/rosidl_cmake_export_typesupport_targets-extras.cmake
[24.555s] -- Installing: /home/malith/rarm_ws/install/linkattacher_msgs/share/linkattacher_msgs/cmake/rosidl_cmake_export_typesupport_libraries-extras.cmake
[24.555s] -- Installing: /home/malith/rarm_ws/install/linkattacher_msgs/share/linkattacher_msgs/cmake/linkattacher_msgsConfig.cmake
[24.556s] -- Installing: /home/malith/rarm_ws/install/linkattacher_msgs/share/linkattacher_msgs/cmake/linkattacher_msgsConfig-version.cmake
[24.556s] -- Installing: /home/malith/rarm_ws/install/linkattacher_msgs/share/linkattacher_msgs/package.xml
[24.557s] Invoked command in '/home/malith/rarm_ws/build/linkattacher_msgs' returned '0': CMAKE_PREFIX_PATH=${CMAKE_PREFIX_PATH}:/opt/ros/jazzy /usr/bin/cmake --install /home/malith/rarm_ws/build/linkattacher_msgs
