[0.039s] Invoking command in '/home/malith/rarm_ws/build/linkattacher_msgs': CMAKE_PREFIX_PATH=${CMAKE_PREFIX_PATH}:/opt/ros/jazzy /usr/bin/cmake --build /home/malith/rarm_ws/build/linkattacher_msgs -- -j8 -l8
[0.085s] -- Found ament_cmake: 2.5.4 (/opt/ros/jazzy/share/ament_cmake/cmake)
[0.160s] -- Found Python3: /usr/bin/python3 (found version "3.12.3") found components: Interpreter 
[0.305s] -- Found ament_lint_auto: 0.17.3 (/opt/ros/jazzy/share/ament_lint_auto/cmake)
[0.494s] -- Found rosidl_default_generators: 1.6.0 (/opt/ros/jazzy/share/rosidl_default_generators/cmake)
[0.505s] -- Using all available rosidl_typesupport_c: rosidl_typesupport_fastrtps_c;rosidl_typesupport_introspection_c
[0.946s] -- Using all available rosidl_typesupport_cpp: rosidl_typesupport_fastrtps_cpp;rosidl_typesupport_introspection_cpp
[1.009s] -- Found rosidl_adapter: 4.6.6 (/opt/ros/jazzy/share/rosidl_adapter/cmake)
[1.396s] -- Found ament_cmake_ros: 0.12.0 (/opt/ros/jazzy/share/ament_cmake_ros/cmake)
[1.572s] -- Using all available rosidl_typesupport_c: rosidl_typesupport_fastrtps_c;rosidl_typesupport_introspection_c
[1.823s] -- Using all available rosidl_typesupport_cpp: rosidl_typesupport_fastrtps_cpp;rosidl_typesupport_introspection_cpp
[1.826s] -- Found python_cmake_module: 0.11.1 (/opt/ros/jazzy/share/python_cmake_module/cmake)
[2.461s] -- Found Python3: /usr/bin/python3 (found version "3.12.3") found components: Interpreter Development NumPy Development.Module Development.Embed 
[2.483s] -- Added test 'copyright' to check source files copyright and LICENSE
[2.486s] -- Added test 'lint_cmake' to check CMake code style
[2.489s] -- Added test 'xmllint' to check XML markup files
[2.495s] -- Configuring done (2.4s)
[2.588s] -- Generating done (0.1s)
[2.649s] -- Build files have been written to: /home/malith/rarm_ws/build/linkattacher_msgs
[2.801s] [  2%] Built target linkattacher_msgs__rosidl_generator_type_description
[2.810s] [  2%] Built target ament_cmake_python_copy_linkattacher_msgs
[2.867s] [  4%] Built target linkattacher_msgs__cpp
[2.877s] [ 22%] Built target linkattacher_msgs__rosidl_generator_c
[2.959s] [ 31%] Built target linkattacher_msgs__rosidl_typesupport_cpp
[2.973s] [ 40%] Built target linkattacher_msgs__rosidl_typesupport_fastrtps_cpp
[2.985s] [ 50%] Built target linkattacher_msgs__rosidl_typesupport_introspection_cpp
[3.000s] [ 59%] Built target linkattacher_msgs__rosidl_typesupport_fastrtps_c
[3.006s] [ 68%] Built target linkattacher_msgs__rosidl_typesupport_c
[3.012s] [ 77%] Built target linkattacher_msgs__rosidl_typesupport_introspection_c
[3.061s] [ 77%] Built target linkattacher_msgs
[3.099s] [ 79%] Built target linkattacher_msgs__py
[3.162s] [ 86%] Built target linkattacher_msgs__rosidl_generator_py
[3.239s] [ 90%] Built target linkattacher_msgs_s__rosidl_typesupport_c
[3.248s] [ 95%] Built target linkattacher_msgs_s__rosidl_typesupport_fastrtps_c
[3.254s] [100%] Built target linkattacher_msgs_s__rosidl_typesupport_introspection_c
[3.378s] running egg_info
[3.422s] writing linkattacher_msgs.egg-info/PKG-INFO
[3.422s] writing dependency_links to linkattacher_msgs.egg-info/dependency_links.txt
[3.423s] writing top-level names to linkattacher_msgs.egg-info/top_level.txt
[3.542s] reading manifest file 'linkattacher_msgs.egg-info/SOURCES.txt'
[3.543s] writing manifest file 'linkattacher_msgs.egg-info/SOURCES.txt'
[3.625s] [100%] Built target ament_cmake_python_build_linkattacher_msgs_egg
[3.649s] Invoked command in '/home/malith/rarm_ws/build/linkattacher_msgs' returned '0': CMAKE_PREFIX_PATH=${CMAKE_PREFIX_PATH}:/opt/ros/jazzy /usr/bin/cmake --build /home/malith/rarm_ws/build/linkattacher_msgs -- -j8 -l8
[3.651s] Invoking command in '/home/malith/rarm_ws/build/linkattacher_msgs': CMAKE_PREFIX_PATH=${CMAKE_PREFIX_PATH}:/opt/ros/jazzy /usr/bin/cmake --install /home/malith/rarm_ws/build/linkattacher_msgs
[3.666s] -- Install configuration: ""
[3.672s] -- Up-to-date: /home/malith/rarm_ws/install/linkattacher_msgs/share/linkattacher_msgs/srv
[3.672s] -- Installing: /home/malith/rarm_ws/install/linkattacher_msgs/share/linkattacher_msgs/srv/DetachLink.srv
[3.672s] -- Installing: /home/malith/rarm_ws/install/linkattacher_msgs/share/linkattacher_msgs/srv/AttachLink.srv
[3.672s] -- Up-to-date: /home/malith/rarm_ws/install/linkattacher_msgs/share/ament_index/resource_index/rosidl_interfaces/linkattacher_msgs
[3.672s] -- Up-to-date: /home/malith/rarm_ws/install/linkattacher_msgs/share/linkattacher_msgs/srv/AttachLink.json
[3.672s] -- Up-to-date: /home/malith/rarm_ws/install/linkattacher_msgs/share/linkattacher_msgs/srv/DetachLink.json
[3.672s] -- Up-to-date: /home/malith/rarm_ws/install/linkattacher_msgs/include/linkattacher_msgs/linkattacher_msgs
[3.673s] -- Up-to-date: /home/malith/rarm_ws/install/linkattacher_msgs/include/linkattacher_msgs/linkattacher_msgs/msg
[3.673s] -- Up-to-date: /home/malith/rarm_ws/install/linkattacher_msgs/include/linkattacher_msgs/linkattacher_msgs/msg/rosidl_generator_c__visibility_control.h
[3.674s] -- Up-to-date: /home/malith/rarm_ws/install/linkattacher_msgs/include/linkattacher_msgs/linkattacher_msgs/srv
[3.674s] -- Up-to-date: /home/malith/rarm_ws/install/linkattacher_msgs/include/linkattacher_msgs/linkattacher_msgs/srv/detach_link.h
[3.674s] -- Up-to-date: /home/malith/rarm_ws/install/linkattacher_msgs/include/linkattacher_msgs/linkattacher_msgs/srv/attach_link.h
[3.675s] -- Up-to-date: /home/malith/rarm_ws/install/linkattacher_msgs/include/linkattacher_msgs/linkattacher_msgs/srv/detail
[3.676s] -- Installing: /home/malith/rarm_ws/install/linkattacher_msgs/include/linkattacher_msgs/linkattacher_msgs/srv/detail/attach_link__type_support.c
[3.676s] -- Up-to-date: /home/malith/rarm_ws/install/linkattacher_msgs/include/linkattacher_msgs/linkattacher_msgs/srv/detail/detach_link__struct.h
[3.676s] -- Up-to-date: /home/malith/rarm_ws/install/linkattacher_msgs/include/linkattacher_msgs/linkattacher_msgs/srv/detail/attach_link__type_support.h
[3.676s] -- Up-to-date: /home/malith/rarm_ws/install/linkattacher_msgs/include/linkattacher_msgs/linkattacher_msgs/srv/detail/detach_link__description.c
[3.676s] -- Up-to-date: /home/malith/rarm_ws/install/linkattacher_msgs/include/linkattacher_msgs/linkattacher_msgs/srv/detail/detach_link__functions.c
[3.676s] -- Up-to-date: /home/malith/rarm_ws/install/linkattacher_msgs/include/linkattacher_msgs/linkattacher_msgs/srv/detail/attach_link__functions.h
[3.676s] -- Up-to-date: /home/malith/rarm_ws/install/linkattacher_msgs/include/linkattacher_msgs/linkattacher_msgs/srv/detail/attach_link__functions.c
[3.677s] -- Up-to-date: /home/malith/rarm_ws/install/linkattacher_msgs/include/linkattacher_msgs/linkattacher_msgs/srv/detail/detach_link__functions.h
[3.677s] -- Up-to-date: /home/malith/rarm_ws/install/linkattacher_msgs/include/linkattacher_msgs/linkattacher_msgs/srv/detail/attach_link__description.c
[3.677s] -- Up-to-date: /home/malith/rarm_ws/install/linkattacher_msgs/include/linkattacher_msgs/linkattacher_msgs/srv/detail/attach_link__struct.h
[3.677s] -- Installing: /home/malith/rarm_ws/install/linkattacher_msgs/include/linkattacher_msgs/linkattacher_msgs/srv/detail/detach_link__type_support.c
[3.677s] -- Up-to-date: /home/malith/rarm_ws/install/linkattacher_msgs/include/linkattacher_msgs/linkattacher_msgs/srv/detail/detach_link__type_support.h
[3.677s] -- Up-to-date: /home/malith/rarm_ws/install/linkattacher_msgs/share/linkattacher_msgs/environment/library_path.sh
[3.677s] -- Up-to-date: /home/malith/rarm_ws/install/linkattacher_msgs/share/linkattacher_msgs/environment/library_path.dsv
[3.678s] -- Up-to-date: /home/malith/rarm_ws/install/linkattacher_msgs/lib/liblinkattacher_msgs__rosidl_generator_c.so
[3.678s] -- Up-to-date: /home/malith/rarm_ws/install/linkattacher_msgs/include/linkattacher_msgs/linkattacher_msgs
[3.678s] -- Up-to-date: /home/malith/rarm_ws/install/linkattacher_msgs/include/linkattacher_msgs/linkattacher_msgs/msg
[3.678s] -- Up-to-date: /home/malith/rarm_ws/install/linkattacher_msgs/include/linkattacher_msgs/linkattacher_msgs/msg/rosidl_typesupport_fastrtps_c__visibility_control.h
[3.678s] -- Up-to-date: /home/malith/rarm_ws/install/linkattacher_msgs/include/linkattacher_msgs/linkattacher_msgs/srv
[3.679s] -- Up-to-date: /home/malith/rarm_ws/install/linkattacher_msgs/include/linkattacher_msgs/linkattacher_msgs/srv/detail
[3.679s] -- Up-to-date: /home/malith/rarm_ws/install/linkattacher_msgs/include/linkattacher_msgs/linkattacher_msgs/srv/detail/attach_link__rosidl_typesupport_fastrtps_c.h
[3.679s] -- Up-to-date: /home/malith/rarm_ws/install/linkattacher_msgs/include/linkattacher_msgs/linkattacher_msgs/srv/detail/detach_link__rosidl_typesupport_fastrtps_c.h
[3.679s] -- Up-to-date: /home/malith/rarm_ws/install/linkattacher_msgs/lib/liblinkattacher_msgs__rosidl_typesupport_fastrtps_c.so
[3.684s] -- Up-to-date: /home/malith/rarm_ws/install/linkattacher_msgs/include/linkattacher_msgs/linkattacher_msgs
[3.685s] -- Up-to-date: /home/malith/rarm_ws/install/linkattacher_msgs/include/linkattacher_msgs/linkattacher_msgs/msg
[3.685s] -- Up-to-date: /home/malith/rarm_ws/install/linkattacher_msgs/include/linkattacher_msgs/linkattacher_msgs/msg/rosidl_typesupport_introspection_c__visibility_control.h
[3.685s] -- Up-to-date: /home/malith/rarm_ws/install/linkattacher_msgs/include/linkattacher_msgs/linkattacher_msgs/srv
[3.685s] -- Up-to-date: /home/malith/rarm_ws/install/linkattacher_msgs/include/linkattacher_msgs/linkattacher_msgs/srv/detail
[3.685s] -- Installing: /home/malith/rarm_ws/install/linkattacher_msgs/include/linkattacher_msgs/linkattacher_msgs/srv/detail/attach_link__type_support.c
[3.685s] -- Up-to-date: /home/malith/rarm_ws/install/linkattacher_msgs/include/linkattacher_msgs/linkattacher_msgs/srv/detail/attach_link__rosidl_typesupport_introspection_c.h
[3.685s] -- Up-to-date: /home/malith/rarm_ws/install/linkattacher_msgs/include/linkattacher_msgs/linkattacher_msgs/srv/detail/detach_link__rosidl_typesupport_introspection_c.h
[3.686s] -- Installing: /home/malith/rarm_ws/install/linkattacher_msgs/include/linkattacher_msgs/linkattacher_msgs/srv/detail/detach_link__type_support.c
[3.686s] -- Up-to-date: /home/malith/rarm_ws/install/linkattacher_msgs/lib/liblinkattacher_msgs__rosidl_typesupport_introspection_c.so
[3.687s] -- Up-to-date: /home/malith/rarm_ws/install/linkattacher_msgs/lib/liblinkattacher_msgs__rosidl_typesupport_c.so
[3.687s] -- Up-to-date: /home/malith/rarm_ws/install/linkattacher_msgs/include/linkattacher_msgs/linkattacher_msgs
[3.687s] -- Up-to-date: /home/malith/rarm_ws/install/linkattacher_msgs/include/linkattacher_msgs/linkattacher_msgs/msg
[3.688s] -- Up-to-date: /home/malith/rarm_ws/install/linkattacher_msgs/include/linkattacher_msgs/linkattacher_msgs/msg/rosidl_generator_cpp__visibility_control.hpp
[3.688s] -- Up-to-date: /home/malith/rarm_ws/install/linkattacher_msgs/include/linkattacher_msgs/linkattacher_msgs/srv
[3.688s] -- Up-to-date: /home/malith/rarm_ws/install/linkattacher_msgs/include/linkattacher_msgs/linkattacher_msgs/srv/attach_link.hpp
[3.688s] -- Up-to-date: /home/malith/rarm_ws/install/linkattacher_msgs/include/linkattacher_msgs/linkattacher_msgs/srv/detail
[3.688s] -- Up-to-date: /home/malith/rarm_ws/install/linkattacher_msgs/include/linkattacher_msgs/linkattacher_msgs/srv/detail/detach_link__struct.hpp
[3.688s] -- Up-to-date: /home/malith/rarm_ws/install/linkattacher_msgs/include/linkattacher_msgs/linkattacher_msgs/srv/detail/attach_link__builder.hpp
[3.689s] -- Up-to-date: /home/malith/rarm_ws/install/linkattacher_msgs/include/linkattacher_msgs/linkattacher_msgs/srv/detail/detach_link__type_support.hpp
[3.689s] -- Up-to-date: /home/malith/rarm_ws/install/linkattacher_msgs/include/linkattacher_msgs/linkattacher_msgs/srv/detail/attach_link__type_support.hpp
[3.689s] -- Up-to-date: /home/malith/rarm_ws/install/linkattacher_msgs/include/linkattacher_msgs/linkattacher_msgs/srv/detail/detach_link__builder.hpp
[3.689s] -- Up-to-date: /home/malith/rarm_ws/install/linkattacher_msgs/include/linkattacher_msgs/linkattacher_msgs/srv/detail/attach_link__struct.hpp
[3.690s] -- Up-to-date: /home/malith/rarm_ws/install/linkattacher_msgs/include/linkattacher_msgs/linkattacher_msgs/srv/detail/attach_link__traits.hpp
[3.690s] -- Up-to-date: /home/malith/rarm_ws/install/linkattacher_msgs/include/linkattacher_msgs/linkattacher_msgs/srv/detail/detach_link__traits.hpp
[3.690s] -- Up-to-date: /home/malith/rarm_ws/install/linkattacher_msgs/include/linkattacher_msgs/linkattacher_msgs/srv/detach_link.hpp
[3.690s] -- Up-to-date: /home/malith/rarm_ws/install/linkattacher_msgs/include/linkattacher_msgs/linkattacher_msgs
[3.690s] -- Up-to-date: /home/malith/rarm_ws/install/linkattacher_msgs/include/linkattacher_msgs/linkattacher_msgs/msg
[3.691s] -- Up-to-date: /home/malith/rarm_ws/install/linkattacher_msgs/include/linkattacher_msgs/linkattacher_msgs/msg/rosidl_typesupport_fastrtps_cpp__visibility_control.h
[3.691s] -- Up-to-date: /home/malith/rarm_ws/install/linkattacher_msgs/include/linkattacher_msgs/linkattacher_msgs/srv
[3.691s] -- Up-to-date: /home/malith/rarm_ws/install/linkattacher_msgs/include/linkattacher_msgs/linkattacher_msgs/srv/detail
[3.692s] -- Up-to-date: /home/malith/rarm_ws/install/linkattacher_msgs/include/linkattacher_msgs/linkattacher_msgs/srv/detail/attach_link__rosidl_typesupport_fastrtps_cpp.hpp
[3.692s] -- Up-to-date: /home/malith/rarm_ws/install/linkattacher_msgs/include/linkattacher_msgs/linkattacher_msgs/srv/detail/dds_fastrtps
[3.692s] -- Up-to-date: /home/malith/rarm_ws/install/linkattacher_msgs/include/linkattacher_msgs/linkattacher_msgs/srv/detail/detach_link__rosidl_typesupport_fastrtps_cpp.hpp
[3.692s] -- Up-to-date: /home/malith/rarm_ws/install/linkattacher_msgs/lib/liblinkattacher_msgs__rosidl_typesupport_fastrtps_cpp.so
[3.692s] -- Up-to-date: /home/malith/rarm_ws/install/linkattacher_msgs/include/linkattacher_msgs/linkattacher_msgs
[3.693s] -- Up-to-date: /home/malith/rarm_ws/install/linkattacher_msgs/include/linkattacher_msgs/linkattacher_msgs/srv
[3.693s] -- Up-to-date: /home/malith/rarm_ws/install/linkattacher_msgs/include/linkattacher_msgs/linkattacher_msgs/srv/detail
[3.693s] -- Up-to-date: /home/malith/rarm_ws/install/linkattacher_msgs/include/linkattacher_msgs/linkattacher_msgs/srv/detail/detach_link__type_support.cpp
[3.693s] -- Up-to-date: /home/malith/rarm_ws/install/linkattacher_msgs/include/linkattacher_msgs/linkattacher_msgs/srv/detail/detach_link__rosidl_typesupport_introspection_cpp.hpp
[3.693s] -- Up-to-date: /home/malith/rarm_ws/install/linkattacher_msgs/include/linkattacher_msgs/linkattacher_msgs/srv/detail/attach_link__rosidl_typesupport_introspection_cpp.hpp
[3.693s] -- Up-to-date: /home/malith/rarm_ws/install/linkattacher_msgs/include/linkattacher_msgs/linkattacher_msgs/srv/detail/attach_link__type_support.cpp
[3.693s] -- Up-to-date: /home/malith/rarm_ws/install/linkattacher_msgs/lib/liblinkattacher_msgs__rosidl_typesupport_introspection_cpp.so
[3.694s] -- Up-to-date: /home/malith/rarm_ws/install/linkattacher_msgs/lib/liblinkattacher_msgs__rosidl_typesupport_cpp.so
[3.694s] -- Up-to-date: /home/malith/rarm_ws/install/linkattacher_msgs/share/linkattacher_msgs/environment/pythonpath.sh
[3.694s] -- Up-to-date: /home/malith/rarm_ws/install/linkattacher_msgs/share/linkattacher_msgs/environment/pythonpath.dsv
[3.694s] -- Up-to-date: /home/malith/rarm_ws/install/linkattacher_msgs/lib/python3.12/site-packages/linkattacher_msgs-0.0.0-py3.12.egg-info
[3.694s] -- Installing: /home/malith/rarm_ws/install/linkattacher_msgs/lib/python3.12/site-packages/linkattacher_msgs-0.0.0-py3.12.egg-info/dependency_links.txt
[3.695s] -- Installing: /home/malith/rarm_ws/install/linkattacher_msgs/lib/python3.12/site-packages/linkattacher_msgs-0.0.0-py3.12.egg-info/top_level.txt
[3.695s] -- Installing: /home/malith/rarm_ws/install/linkattacher_msgs/lib/python3.12/site-packages/linkattacher_msgs-0.0.0-py3.12.egg-info/PKG-INFO
[3.695s] -- Installing: /home/malith/rarm_ws/install/linkattacher_msgs/lib/python3.12/site-packages/linkattacher_msgs-0.0.0-py3.12.egg-info/SOURCES.txt
[3.695s] -- Up-to-date: /home/malith/rarm_ws/install/linkattacher_msgs/lib/python3.12/site-packages/linkattacher_msgs
[3.695s] -- Up-to-date: /home/malith/rarm_ws/install/linkattacher_msgs/lib/python3.12/site-packages/linkattacher_msgs/linkattacher_msgs_s__rosidl_typesupport_introspection_c.so
[3.695s] -- Up-to-date: /home/malith/rarm_ws/install/linkattacher_msgs/lib/python3.12/site-packages/linkattacher_msgs/linkattacher_msgs_s__rosidl_typesupport_fastrtps_c.so
[3.695s] -- Up-to-date: /home/malith/rarm_ws/install/linkattacher_msgs/lib/python3.12/site-packages/linkattacher_msgs/linkattacher_msgs_s__rosidl_typesupport_c.so
[3.695s] -- Up-to-date: /home/malith/rarm_ws/install/linkattacher_msgs/lib/python3.12/site-packages/linkattacher_msgs/_linkattacher_msgs_s.ep.rosidl_typesupport_introspection_c.c
[3.696s] -- Installing: /home/malith/rarm_ws/install/linkattacher_msgs/lib/python3.12/site-packages/linkattacher_msgs/__init__.py
[3.696s] -- Up-to-date: /home/malith/rarm_ws/install/linkattacher_msgs/lib/python3.12/site-packages/linkattacher_msgs/_linkattacher_msgs_s.ep.rosidl_typesupport_c.c
[3.696s] -- Up-to-date: /home/malith/rarm_ws/install/linkattacher_msgs/lib/python3.12/site-packages/linkattacher_msgs/_linkattacher_msgs_s.ep.rosidl_typesupport_fastrtps_c.c
[3.696s] -- Up-to-date: /home/malith/rarm_ws/install/linkattacher_msgs/lib/python3.12/site-packages/linkattacher_msgs/srv
[3.697s] -- Up-to-date: /home/malith/rarm_ws/install/linkattacher_msgs/lib/python3.12/site-packages/linkattacher_msgs/srv/_detach_link_s.c
[3.697s] -- Up-to-date: /home/malith/rarm_ws/install/linkattacher_msgs/lib/python3.12/site-packages/linkattacher_msgs/srv/_detach_link.py
[3.697s] -- Up-to-date: /home/malith/rarm_ws/install/linkattacher_msgs/lib/python3.12/site-packages/linkattacher_msgs/srv/_attach_link_s.c
[3.698s] -- Up-to-date: /home/malith/rarm_ws/install/linkattacher_msgs/lib/python3.12/site-packages/linkattacher_msgs/srv/_attach_link.py
[3.698s] -- Up-to-date: /home/malith/rarm_ws/install/linkattacher_msgs/lib/python3.12/site-packages/linkattacher_msgs/srv/__init__.py
[3.769s] Listing '/home/malith/rarm_ws/install/linkattacher_msgs/lib/python3.12/site-packages/linkattacher_msgs'...
[3.769s] Compiling '/home/malith/rarm_ws/install/linkattacher_msgs/lib/python3.12/site-packages/linkattacher_msgs/__init__.py'...
[3.769s] Listing '/home/malith/rarm_ws/install/linkattacher_msgs/lib/python3.12/site-packages/linkattacher_msgs/srv'...
[3.785s] -- Up-to-date: /home/malith/rarm_ws/install/linkattacher_msgs/lib/python3.12/site-packages/linkattacher_msgs/linkattacher_msgs_s__rosidl_typesupport_fastrtps_c.so
[3.786s] -- Up-to-date: /home/malith/rarm_ws/install/linkattacher_msgs/lib/python3.12/site-packages/linkattacher_msgs/linkattacher_msgs_s__rosidl_typesupport_introspection_c.so
[3.786s] -- Up-to-date: /home/malith/rarm_ws/install/linkattacher_msgs/lib/python3.12/site-packages/linkattacher_msgs/linkattacher_msgs_s__rosidl_typesupport_c.so
[3.786s] -- Up-to-date: /home/malith/rarm_ws/install/linkattacher_msgs/lib/liblinkattacher_msgs__rosidl_generator_py.so
[3.786s] -- Up-to-date: /home/malith/rarm_ws/install/linkattacher_msgs/share/linkattacher_msgs/srv/AttachLink.idl
[3.786s] -- Up-to-date: /home/malith/rarm_ws/install/linkattacher_msgs/share/linkattacher_msgs/srv/DetachLink.idl
[3.786s] -- Up-to-date: /home/malith/rarm_ws/install/linkattacher_msgs/share/linkattacher_msgs/srv/AttachLink.srv
[3.786s] -- Up-to-date: /home/malith/rarm_ws/install/linkattacher_msgs/share/linkattacher_msgs/srv/DetachLink.srv
[3.787s] -- Up-to-date: /home/malith/rarm_ws/install/linkattacher_msgs/share/ament_index/resource_index/package_run_dependencies/linkattacher_msgs
[3.787s] -- Up-to-date: /home/malith/rarm_ws/install/linkattacher_msgs/share/ament_index/resource_index/parent_prefix_path/linkattacher_msgs
[3.787s] -- Up-to-date: /home/malith/rarm_ws/install/linkattacher_msgs/share/linkattacher_msgs/environment/ament_prefix_path.sh
[3.787s] -- Up-to-date: /home/malith/rarm_ws/install/linkattacher_msgs/share/linkattacher_msgs/environment/ament_prefix_path.dsv
[3.787s] -- Up-to-date: /home/malith/rarm_ws/install/linkattacher_msgs/share/linkattacher_msgs/environment/path.sh
[3.787s] -- Up-to-date: /home/malith/rarm_ws/install/linkattacher_msgs/share/linkattacher_msgs/environment/path.dsv
[3.787s] -- Up-to-date: /home/malith/rarm_ws/install/linkattacher_msgs/share/linkattacher_msgs/local_setup.bash
[3.787s] -- Up-to-date: /home/malith/rarm_ws/install/linkattacher_msgs/share/linkattacher_msgs/local_setup.sh
[3.788s] -- Up-to-date: /home/malith/rarm_ws/install/linkattacher_msgs/share/linkattacher_msgs/local_setup.zsh
[3.788s] -- Up-to-date: /home/malith/rarm_ws/install/linkattacher_msgs/share/linkattacher_msgs/local_setup.dsv
[3.788s] -- Installing: /home/malith/rarm_ws/install/linkattacher_msgs/share/linkattacher_msgs/package.dsv
[3.788s] -- Up-to-date: /home/malith/rarm_ws/install/linkattacher_msgs/share/ament_index/resource_index/packages/linkattacher_msgs
[3.788s] -- Up-to-date: /home/malith/rarm_ws/install/linkattacher_msgs/share/linkattacher_msgs/cmake/export_linkattacher_msgs__rosidl_generator_cExport.cmake
[3.788s] -- Up-to-date: /home/malith/rarm_ws/install/linkattacher_msgs/share/linkattacher_msgs/cmake/export_linkattacher_msgs__rosidl_generator_cExport-noconfig.cmake
[3.788s] -- Up-to-date: /home/malith/rarm_ws/install/linkattacher_msgs/share/linkattacher_msgs/cmake/export_linkattacher_msgs__rosidl_typesupport_fastrtps_cExport.cmake
[3.788s] -- Up-to-date: /home/malith/rarm_ws/install/linkattacher_msgs/share/linkattacher_msgs/cmake/export_linkattacher_msgs__rosidl_typesupport_fastrtps_cExport-noconfig.cmake
[3.788s] -- Up-to-date: /home/malith/rarm_ws/install/linkattacher_msgs/share/linkattacher_msgs/cmake/linkattacher_msgs__rosidl_typesupport_introspection_cExport.cmake
[3.789s] -- Up-to-date: /home/malith/rarm_ws/install/linkattacher_msgs/share/linkattacher_msgs/cmake/linkattacher_msgs__rosidl_typesupport_introspection_cExport-noconfig.cmake
[3.789s] -- Up-to-date: /home/malith/rarm_ws/install/linkattacher_msgs/share/linkattacher_msgs/cmake/linkattacher_msgs__rosidl_typesupport_cExport.cmake
[3.789s] -- Up-to-date: /home/malith/rarm_ws/install/linkattacher_msgs/share/linkattacher_msgs/cmake/linkattacher_msgs__rosidl_typesupport_cExport-noconfig.cmake
[3.789s] -- Up-to-date: /home/malith/rarm_ws/install/linkattacher_msgs/share/linkattacher_msgs/cmake/export_linkattacher_msgs__rosidl_generator_cppExport.cmake
[3.789s] -- Up-to-date: /home/malith/rarm_ws/install/linkattacher_msgs/share/linkattacher_msgs/cmake/export_linkattacher_msgs__rosidl_typesupport_fastrtps_cppExport.cmake
[3.790s] -- Up-to-date: /home/malith/rarm_ws/install/linkattacher_msgs/share/linkattacher_msgs/cmake/export_linkattacher_msgs__rosidl_typesupport_fastrtps_cppExport-noconfig.cmake
[3.804s] -- Up-to-date: /home/malith/rarm_ws/install/linkattacher_msgs/share/linkattacher_msgs/cmake/linkattacher_msgs__rosidl_typesupport_introspection_cppExport.cmake
[3.804s] -- Up-to-date: /home/malith/rarm_ws/install/linkattacher_msgs/share/linkattacher_msgs/cmake/linkattacher_msgs__rosidl_typesupport_introspection_cppExport-noconfig.cmake
[3.805s] -- Up-to-date: /home/malith/rarm_ws/install/linkattacher_msgs/share/linkattacher_msgs/cmake/linkattacher_msgs__rosidl_typesupport_cppExport.cmake
[3.805s] -- Up-to-date: /home/malith/rarm_ws/install/linkattacher_msgs/share/linkattacher_msgs/cmake/linkattacher_msgs__rosidl_typesupport_cppExport-noconfig.cmake
[3.805s] -- Up-to-date: /home/malith/rarm_ws/install/linkattacher_msgs/share/linkattacher_msgs/cmake/export_linkattacher_msgs__rosidl_generator_pyExport.cmake
[3.806s] -- Up-to-date: /home/malith/rarm_ws/install/linkattacher_msgs/share/linkattacher_msgs/cmake/export_linkattacher_msgs__rosidl_generator_pyExport-noconfig.cmake
[3.806s] -- Up-to-date: /home/malith/rarm_ws/install/linkattacher_msgs/share/linkattacher_msgs/cmake/rosidl_cmake-extras.cmake
[3.806s] -- Up-to-date: /home/malith/rarm_ws/install/linkattacher_msgs/share/linkattacher_msgs/cmake/ament_cmake_export_dependencies-extras.cmake
[3.807s] -- Up-to-date: /home/malith/rarm_ws/install/linkattacher_msgs/share/linkattacher_msgs/cmake/ament_cmake_export_include_directories-extras.cmake
[3.807s] -- Up-to-date: /home/malith/rarm_ws/install/linkattacher_msgs/share/linkattacher_msgs/cmake/ament_cmake_export_libraries-extras.cmake
[3.807s] -- Up-to-date: /home/malith/rarm_ws/install/linkattacher_msgs/share/linkattacher_msgs/cmake/ament_cmake_export_targets-extras.cmake
[3.807s] -- Up-to-date: /home/malith/rarm_ws/install/linkattacher_msgs/share/linkattacher_msgs/cmake/rosidl_cmake_export_typesupport_targets-extras.cmake
[3.808s] -- Up-to-date: /home/malith/rarm_ws/install/linkattacher_msgs/share/linkattacher_msgs/cmake/rosidl_cmake_export_typesupport_libraries-extras.cmake
[3.808s] -- Up-to-date: /home/malith/rarm_ws/install/linkattacher_msgs/share/linkattacher_msgs/cmake/linkattacher_msgsConfig.cmake
[3.808s] -- Up-to-date: /home/malith/rarm_ws/install/linkattacher_msgs/share/linkattacher_msgs/cmake/linkattacher_msgsConfig-version.cmake
[3.808s] -- Installing: /home/malith/rarm_ws/install/linkattacher_msgs/share/linkattacher_msgs/package.xml
[3.808s] Invoked command in '/home/malith/rarm_ws/build/linkattacher_msgs' returned '0': CMAKE_PREFIX_PATH=${CMAKE_PREFIX_PATH}:/opt/ros/jazzy /usr/bin/cmake --install /home/malith/rarm_ws/build/linkattacher_msgs
