[0.015s] Invoking command in '/home/malith/rarm_ws/build/rarm_mvoeit': CMAKE_PREFIX_PATH=${CMAKE_PREFIX_PATH}:/opt/ros/jazzy /usr/bin/cmake --build /home/malith/rarm_ws/build/rarm_mvoeit -- -j8 -l8
[0.050s] Invoked command in '/home/malith/rarm_ws/build/rarm_mvoeit' returned '0': CMAKE_PREFIX_PATH=${CMAKE_PREFIX_PATH}:/opt/ros/jazzy /usr/bin/cmake --build /home/malith/rarm_ws/build/rarm_mvoeit -- -j8 -l8
[0.059s] Invoking command in '/home/malith/rarm_ws/build/rarm_mvoeit': CMAKE_PREFIX_PATH=${CMAKE_PREFIX_PATH}:/opt/ros/jazzy /usr/bin/cmake --install /home/malith/rarm_ws/build/rarm_mvoeit
[0.066s] -- Install configuration: ""
[0.066s] -- Up-to-date: /home/malith/rarm_ws/install/rarm_mvoeit/share/rarm_mvoeit/scripts
[0.066s] -- Up-to-date: /home/malith/rarm_ws/install/rarm_mvoeit/share/rarm_mvoeit/scripts/arm_gripper_loop_controller.py:Zone.Identifier
[0.066s] -- Up-to-date: /home/malith/rarm_ws/install/rarm_mvoeit/share/rarm_mvoeit/scripts/arm_gripper_loop_controller.py
[0.066s] -- Up-to-date: /home/malith/rarm_ws/install/rarm_mvoeit/share/rarm_mvoeit/src
[0.067s] -- Up-to-date: /home/malith/rarm_ws/install/rarm_mvoeit/share/rarm_mvoeit/src/arm_gripper_loop_controller.cpp
[0.067s] -- Up-to-date: /home/malith/rarm_ws/install/rarm_mvoeit/lib/rarm_mvoeit/arm_gripper_loop_controller.py
[0.067s] -- Up-to-date: /home/malith/rarm_ws/install/rarm_mvoeit/share/ament_index/resource_index/package_run_dependencies/rarm_mvoeit
[0.067s] -- Up-to-date: /home/malith/rarm_ws/install/rarm_mvoeit/share/ament_index/resource_index/parent_prefix_path/rarm_mvoeit
[0.067s] -- Up-to-date: /home/malith/rarm_ws/install/rarm_mvoeit/share/rarm_mvoeit/environment/ament_prefix_path.sh
[0.067s] -- Up-to-date: /home/malith/rarm_ws/install/rarm_mvoeit/share/rarm_mvoeit/environment/ament_prefix_path.dsv
[0.068s] -- Up-to-date: /home/malith/rarm_ws/install/rarm_mvoeit/share/rarm_mvoeit/environment/path.sh
[0.068s] -- Up-to-date: /home/malith/rarm_ws/install/rarm_mvoeit/share/rarm_mvoeit/environment/path.dsv
[0.068s] -- Up-to-date: /home/malith/rarm_ws/install/rarm_mvoeit/share/rarm_mvoeit/local_setup.bash
[0.068s] -- Up-to-date: /home/malith/rarm_ws/install/rarm_mvoeit/share/rarm_mvoeit/local_setup.sh
[0.069s] -- Up-to-date: /home/malith/rarm_ws/install/rarm_mvoeit/share/rarm_mvoeit/local_setup.zsh
[0.070s] -- Up-to-date: /home/malith/rarm_ws/install/rarm_mvoeit/share/rarm_mvoeit/local_setup.dsv
[0.072s] -- Up-to-date: /home/malith/rarm_ws/install/rarm_mvoeit/share/rarm_mvoeit/package.dsv
[0.072s] -- Up-to-date: /home/malith/rarm_ws/install/rarm_mvoeit/share/ament_index/resource_index/packages/rarm_mvoeit
[0.072s] -- Up-to-date: /home/malith/rarm_ws/install/rarm_mvoeit/share/rarm_mvoeit/cmake/rarm_mvoeitConfig.cmake
[0.073s] -- Up-to-date: /home/malith/rarm_ws/install/rarm_mvoeit/share/rarm_mvoeit/cmake/rarm_mvoeitConfig-version.cmake
[0.073s] -- Up-to-date: /home/malith/rarm_ws/install/rarm_mvoeit/share/rarm_mvoeit/package.xml
[0.073s] Invoked command in '/home/malith/rarm_ws/build/rarm_mvoeit' returned '0': CMAKE_PREFIX_PATH=${CMAKE_PREFIX_PATH}:/opt/ros/jazzy /usr/bin/cmake --install /home/malith/rarm_ws/build/rarm_mvoeit
