[0.026s] Invoking command in '/home/malith/rarm_ws/build/rarm_mvoeit': CMAKE_PREFIX_PATH=${CMAKE_PREFIX_PATH}:/opt/ros/jazzy /usr/bin/cmake --build /home/malith/rarm_ws/build/rarm_mvoeit -- -j8 -l8
[0.148s] -- Found ament_cmake: 2.5.4 (/opt/ros/jazzy/share/ament_cmake/cmake)
[0.850s] -- Found rclcpp: 28.1.13 (/opt/ros/jazzy/share/rclcpp/cmake)
[1.391s] -- Found rosidl_generator_c: 4.6.6 (/opt/ros/jazzy/share/rosidl_generator_c/cmake)
[1.424s] -- Found rosidl_generator_cpp: 4.6.6 (/opt/ros/jazzy/share/rosidl_generator_cpp/cmake)
[1.468s] -- Using all available rosidl_typesupport_c: rosidl_typesupport_fastrtps_c;rosidl_typesupport_introspection_c
[1.511s] -- Using all available rosidl_typesupport_cpp: rosidl_typesupport_fastrtps_cpp;rosidl_typesupport_introspection_cpp
[1.751s] -- Found rmw_implementation_cmake: 7.3.2 (/opt/ros/jazzy/share/rmw_implementation_cmake/cmake)
[1.758s] -- Found rmw_fastrtps_cpp: 8.4.3 (/opt/ros/jazzy/share/rmw_fastrtps_cpp/cmake)
[2.470s] -- Using RMW implementation 'rmw_fastrtps_cpp' as default
[3.019s] -- Found rclcpp_action: 28.1.13 (/opt/ros/jazzy/share/rclcpp_action/cmake)
[3.272s] -- Found control_msgs: 5.5.0 (/opt/ros/jazzy/share/control_msgs/cmake)
[3.887s] -- Found ament_lint_auto: 0.17.3 (/opt/ros/jazzy/share/ament_lint_auto/cmake)
[4.238s] -- Added test 'cppcheck' to perform static code analysis on C / C++ code
[4.238s] -- Configured cppcheck include dirs: 
[4.238s] -- Configured cppcheck exclude dirs and/or files: 
[4.240s] -- Added test 'flake8' to check Python code syntax and style conventions
[4.240s] -- Configured 'flake8' exclude dirs and/or files: 
[4.241s] -- Added test 'lint_cmake' to check CMake code style
[4.242s] -- Added test 'pep257' to check Python code against some of the docstring style conventions in PEP 257
[4.244s] -- Added test 'uncrustify' to check C / C++ code style
[4.245s] -- Configured uncrustify additional arguments: 
[4.246s] -- Added test 'xmllint' to check XML markup files
[4.249s] -- Configuring done (4.1s)
[4.331s] -- Generating done (0.0s)
[4.355s] -- Build files have been written to: /home/malith/rarm_ws/build/rarm_mvoeit
[4.466s] [100%] Built target arm_gripper_loop_controller
[4.492s] Invoked command in '/home/malith/rarm_ws/build/rarm_mvoeit' returned '0': CMAKE_PREFIX_PATH=${CMAKE_PREFIX_PATH}:/opt/ros/jazzy /usr/bin/cmake --build /home/malith/rarm_ws/build/rarm_mvoeit -- -j8 -l8
[4.492s] Invoking command in '/home/malith/rarm_ws/build/rarm_mvoeit': CMAKE_PREFIX_PATH=${CMAKE_PREFIX_PATH}:/opt/ros/jazzy /usr/bin/cmake --install /home/malith/rarm_ws/build/rarm_mvoeit
[4.515s] -- Install configuration: ""
[4.515s] -- Up-to-date: /home/malith/rarm_ws/install/rarm_mvoeit/share/rarm_mvoeit/scripts
[4.515s] -- Up-to-date: /home/malith/rarm_ws/install/rarm_mvoeit/share/rarm_mvoeit/scripts/arm_gripper_loop_controller.py:Zone.Identifier
[4.515s] -- Up-to-date: /home/malith/rarm_ws/install/rarm_mvoeit/share/rarm_mvoeit/scripts/__pycache__
[4.516s] -- Up-to-date: /home/malith/rarm_ws/install/rarm_mvoeit/share/rarm_mvoeit/scripts/__pycache__/trajectory_planing.cpython-312.pyc
[4.516s] -- Up-to-date: /home/malith/rarm_ws/install/rarm_mvoeit/share/rarm_mvoeit/scripts/arm_gripper_loop_controller copy.py
[4.516s] -- Up-to-date: /home/malith/rarm_ws/install/rarm_mvoeit/share/rarm_mvoeit/scripts/arm_gripper_loop_controller.py
[4.516s] -- Up-to-date: /home/malith/rarm_ws/install/rarm_mvoeit/share/rarm_mvoeit/scripts/test_motion.py
[4.516s] -- Up-to-date: /home/malith/rarm_ws/install/rarm_mvoeit/share/rarm_mvoeit/scripts/test.py
[4.517s] -- Up-to-date: /home/malith/rarm_ws/install/rarm_mvoeit/share/rarm_mvoeit/scripts/trajectory_planing.py
[4.517s] -- Up-to-date: /home/malith/rarm_ws/install/rarm_mvoeit/share/rarm_mvoeit/src
[4.517s] -- Up-to-date: /home/malith/rarm_ws/install/rarm_mvoeit/share/rarm_mvoeit/src/arm_gripper_loop_controller.cpp
[4.517s] -- Up-to-date: /home/malith/rarm_ws/install/rarm_mvoeit/lib/rarm_mvoeit/arm_gripper_loop_controller
[4.524s] -- Up-to-date: /home/malith/rarm_ws/install/rarm_mvoeit/lib/rarm_mvoeit/arm_gripper_loop_controller.py
[4.525s] -- Up-to-date: /home/malith/rarm_ws/install/rarm_mvoeit/lib/rarm_mvoeit/trajectory_planing.py
[4.526s] -- Installing: /home/malith/rarm_ws/install/rarm_mvoeit/lib/rarm_mvoeit/test_motion.py
[4.526s] -- Up-to-date: /home/malith/rarm_ws/install/rarm_mvoeit/share/ament_index/resource_index/package_run_dependencies/rarm_mvoeit
[4.526s] -- Up-to-date: /home/malith/rarm_ws/install/rarm_mvoeit/share/ament_index/resource_index/parent_prefix_path/rarm_mvoeit
[4.526s] -- Up-to-date: /home/malith/rarm_ws/install/rarm_mvoeit/share/rarm_mvoeit/environment/ament_prefix_path.sh
[4.526s] -- Up-to-date: /home/malith/rarm_ws/install/rarm_mvoeit/share/rarm_mvoeit/environment/ament_prefix_path.dsv
[4.527s] -- Up-to-date: /home/malith/rarm_ws/install/rarm_mvoeit/share/rarm_mvoeit/environment/path.sh
[4.528s] -- Up-to-date: /home/malith/rarm_ws/install/rarm_mvoeit/share/rarm_mvoeit/environment/path.dsv
[4.528s] -- Up-to-date: /home/malith/rarm_ws/install/rarm_mvoeit/share/rarm_mvoeit/local_setup.bash
[4.528s] -- Up-to-date: /home/malith/rarm_ws/install/rarm_mvoeit/share/rarm_mvoeit/local_setup.sh
[4.529s] -- Up-to-date: /home/malith/rarm_ws/install/rarm_mvoeit/share/rarm_mvoeit/local_setup.zsh
[4.531s] -- Up-to-date: /home/malith/rarm_ws/install/rarm_mvoeit/share/rarm_mvoeit/local_setup.dsv
[4.535s] -- Installing: /home/malith/rarm_ws/install/rarm_mvoeit/share/rarm_mvoeit/package.dsv
[4.536s] -- Up-to-date: /home/malith/rarm_ws/install/rarm_mvoeit/share/ament_index/resource_index/packages/rarm_mvoeit
[4.536s] -- Up-to-date: /home/malith/rarm_ws/install/rarm_mvoeit/share/rarm_mvoeit/cmake/rarm_mvoeitConfig.cmake
[4.536s] -- Up-to-date: /home/malith/rarm_ws/install/rarm_mvoeit/share/rarm_mvoeit/cmake/rarm_mvoeitConfig-version.cmake
[4.536s] -- Up-to-date: /home/malith/rarm_ws/install/rarm_mvoeit/share/rarm_mvoeit/package.xml
[4.537s] Invoked command in '/home/malith/rarm_ws/build/rarm_mvoeit' returned '0': CMAKE_PREFIX_PATH=${CMAKE_PREFIX_PATH}:/opt/ros/jazzy /usr/bin/cmake --install /home/malith/rarm_ws/build/rarm_mvoeit
