-- Found ament_cmake: 2.5.4 (/opt/ros/jazzy/share/ament_cmake/cmake)
-- Found rclcpp: 28.1.13 (/opt/ros/jazzy/share/rclcpp/cmake)
-- Found rosidl_generator_c: 4.6.6 (/opt/ros/jazzy/share/rosidl_generator_c/cmake)
-- Found rosidl_generator_cpp: 4.6.6 (/opt/ros/jazzy/share/rosidl_generator_cpp/cmake)
-- Using all available rosidl_typesupport_c: rosidl_typesupport_fastrtps_c;rosidl_typesupport_introspection_c
-- Using all available rosidl_typesupport_cpp: rosidl_typesupport_fastrtps_cpp;rosidl_typesupport_introspection_cpp
-- Found rmw_implementation_cmake: 7.3.2 (/opt/ros/jazzy/share/rmw_implementation_cmake/cmake)
-- Found rmw_fastrtps_cpp: 8.4.3 (/opt/ros/jazzy/share/rmw_fastrtps_cpp/cmake)
-- Using RMW implementation 'rmw_fastrtps_cpp' as default
-- Found rclcpp_action: 28.1.13 (/opt/ros/jazzy/share/rclcpp_action/cmake)
-- Found control_msgs: 5.5.0 (/opt/ros/jazzy/share/control_msgs/cmake)
-- Found ament_lint_auto: 0.17.3 (/opt/ros/jazzy/share/ament_lint_auto/cmake)
-- Added test 'cppcheck' to perform static code analysis on C / C++ code
-- Configured cppcheck include dirs: 
-- Configured cppcheck exclude dirs and/or files: 
-- Added test 'flake8' to check Python code syntax and style conventions
-- Configured 'flake8' exclude dirs and/or files: 
-- Added test 'lint_cmake' to check CMake code style
-- Added test 'pep257' to check Python code against some of the docstring style conventions in PEP 257
-- Added test 'uncrustify' to check C / C++ code style
-- Configured uncrustify additional arguments: 
-- Added test 'xmllint' to check XML markup files
-- Configuring done (2.8s)
-- Generating done (0.0s)
-- Build files have been written to: /home/malith/rarm_ws/build/rarm_mvoeit
[100%] Built target arm_gripper_loop_controller
-- Install configuration: ""
-- Up-to-date: /home/malith/rarm_ws/install/rarm_mvoeit/share/rarm_mvoeit/scripts
-- Up-to-date: /home/malith/rarm_ws/install/rarm_mvoeit/share/rarm_mvoeit/scripts/arm_gripper_loop_controller.py:Zone.Identifier
-- Up-to-date: /home/malith/rarm_ws/install/rarm_mvoeit/share/rarm_mvoeit/scripts/__pycache__
-- Up-to-date: /home/malith/rarm_ws/install/rarm_mvoeit/share/rarm_mvoeit/scripts/__pycache__/trajectory_planing.cpython-312.pyc
-- Up-to-date: /home/malith/rarm_ws/install/rarm_mvoeit/share/rarm_mvoeit/scripts/arm_gripper_loop_controller copy.py
-- Up-to-date: /home/malith/rarm_ws/install/rarm_mvoeit/share/rarm_mvoeit/scripts/arm_gripper_loop_controller.py
-- Up-to-date: /home/malith/rarm_ws/install/rarm_mvoeit/share/rarm_mvoeit/scripts/tests
-- Up-to-date: /home/malith/rarm_ws/install/rarm_mvoeit/share/rarm_mvoeit/scripts/tests/trajectory_planing_copy.py
-- Up-to-date: /home/malith/rarm_ws/install/rarm_mvoeit/share/rarm_mvoeit/scripts/tests/test_motion.py
-- Up-to-date: /home/malith/rarm_ws/install/rarm_mvoeit/share/rarm_mvoeit/scripts/test.py
-- Up-to-date: /home/malith/rarm_ws/install/rarm_mvoeit/share/rarm_mvoeit/scripts/trajectory_planing.py
-- Up-to-date: /home/malith/rarm_ws/install/rarm_mvoeit/share/rarm_mvoeit/src
-- Up-to-date: /home/malith/rarm_ws/install/rarm_mvoeit/share/rarm_mvoeit/src/arm_gripper_loop_controller.cpp
-- Up-to-date: /home/malith/rarm_ws/install/rarm_mvoeit/lib/rarm_mvoeit/arm_gripper_loop_controller
-- Up-to-date: /home/malith/rarm_ws/install/rarm_mvoeit/lib/rarm_mvoeit/arm_gripper_loop_controller.py
-- Up-to-date: /home/malith/rarm_ws/install/rarm_mvoeit/lib/rarm_mvoeit/trajectory_planing.py
-- Up-to-date: /home/malith/rarm_ws/install/rarm_mvoeit/lib/rarm_mvoeit/test_motion.py
-- Installing: /home/malith/rarm_ws/install/rarm_mvoeit/lib/rarm_mvoeit/trajectory_planing_copy.py
-- Up-to-date: /home/malith/rarm_ws/install/rarm_mvoeit/share/ament_index/resource_index/package_run_dependencies/rarm_mvoeit
-- Up-to-date: /home/malith/rarm_ws/install/rarm_mvoeit/share/ament_index/resource_index/parent_prefix_path/rarm_mvoeit
-- Up-to-date: /home/malith/rarm_ws/install/rarm_mvoeit/share/rarm_mvoeit/environment/ament_prefix_path.sh
-- Up-to-date: /home/malith/rarm_ws/install/rarm_mvoeit/share/rarm_mvoeit/environment/ament_prefix_path.dsv
-- Up-to-date: /home/malith/rarm_ws/install/rarm_mvoeit/share/rarm_mvoeit/environment/path.sh
-- Up-to-date: /home/malith/rarm_ws/install/rarm_mvoeit/share/rarm_mvoeit/environment/path.dsv
-- Up-to-date: /home/malith/rarm_ws/install/rarm_mvoeit/share/rarm_mvoeit/local_setup.bash
-- Up-to-date: /home/malith/rarm_ws/install/rarm_mvoeit/share/rarm_mvoeit/local_setup.sh
-- Up-to-date: /home/malith/rarm_ws/install/rarm_mvoeit/share/rarm_mvoeit/local_setup.zsh
-- Up-to-date: /home/malith/rarm_ws/install/rarm_mvoeit/share/rarm_mvoeit/local_setup.dsv
-- Installing: /home/malith/rarm_ws/install/rarm_mvoeit/share/rarm_mvoeit/package.dsv
-- Up-to-date: /home/malith/rarm_ws/install/rarm_mvoeit/share/ament_index/resource_index/packages/rarm_mvoeit
-- Up-to-date: /home/malith/rarm_ws/install/rarm_mvoeit/share/rarm_mvoeit/cmake/rarm_mvoeitConfig.cmake
-- Up-to-date: /home/malith/rarm_ws/install/rarm_mvoeit/share/rarm_mvoeit/cmake/rarm_mvoeitConfig-version.cmake
-- Up-to-date: /home/malith/rarm_ws/install/rarm_mvoeit/share/rarm_mvoeit/package.xml
