[0.032s] Invoking command in '/home/malith/rarm_ws/build/rarm_mvoeit': CMAKE_PREFIX_PATH=${CMAKE_PREFIX_PATH}:/opt/ros/jazzy /usr/bin/cmake --build /home/malith/rarm_ws/build/rarm_mvoeit -- -j8 -l8
[0.088s] -- Found ament_cmake: 2.5.4 (/opt/ros/jazzy/share/ament_cmake/cmake)
[0.564s] -- Found rclcpp: 28.1.13 (/opt/ros/jazzy/share/rclcpp/cmake)
[0.927s] -- Found rosidl_generator_c: 4.6.6 (/opt/ros/jazzy/share/rosidl_generator_c/cmake)
[0.952s] -- Found rosidl_generator_cpp: 4.6.6 (/opt/ros/jazzy/share/rosidl_generator_cpp/cmake)
[0.977s] -- Using all available rosidl_typesupport_c: rosidl_typesupport_fastrtps_c;rosidl_typesupport_introspection_c
[1.001s] -- Using all available rosidl_typesupport_cpp: rosidl_typesupport_fastrtps_cpp;rosidl_typesupport_introspection_cpp
[1.140s] -- Found rmw_implementation_cmake: 7.3.2 (/opt/ros/jazzy/share/rmw_implementation_cmake/cmake)
[1.142s] -- Found rmw_fastrtps_cpp: 8.4.3 (/opt/ros/jazzy/share/rmw_fastrtps_cpp/cmake)
[1.742s] -- Using RMW implementation 'rmw_fastrtps_cpp' as default
[2.189s] -- Found rclcpp_action: 28.1.13 (/opt/ros/jazzy/share/rclcpp_action/cmake)
[2.280s] -- Found control_msgs: 5.5.0 (/opt/ros/jazzy/share/control_msgs/cmake)
[2.558s] -- Found ament_lint_auto: 0.17.3 (/opt/ros/jazzy/share/ament_lint_auto/cmake)
[2.857s] -- Added test 'cppcheck' to perform static code analysis on C / C++ code
[2.857s] -- Configured cppcheck include dirs: 
[2.857s] -- Configured cppcheck exclude dirs and/or files: 
[2.857s] -- Added test 'flake8' to check Python code syntax and style conventions
[2.858s] -- Configured 'flake8' exclude dirs and/or files: 
[2.859s] -- Added test 'lint_cmake' to check CMake code style
[2.859s] -- Added test 'pep257' to check Python code against some of the docstring style conventions in PEP 257
[2.862s] -- Added test 'uncrustify' to check C / C++ code style
[2.863s] -- Configured uncrustify additional arguments: 
[2.865s] -- Added test 'xmllint' to check XML markup files
[2.866s] -- Configuring done (2.8s)
[2.894s] -- Generating done (0.0s)
[2.906s] -- Build files have been written to: /home/malith/rarm_ws/build/rarm_mvoeit
[2.998s] [100%] Built target arm_gripper_loop_controller
[3.022s] Invoked command in '/home/malith/rarm_ws/build/rarm_mvoeit' returned '0': CMAKE_PREFIX_PATH=${CMAKE_PREFIX_PATH}:/opt/ros/jazzy /usr/bin/cmake --build /home/malith/rarm_ws/build/rarm_mvoeit -- -j8 -l8
[3.024s] Invoking command in '/home/malith/rarm_ws/build/rarm_mvoeit': CMAKE_PREFIX_PATH=${CMAKE_PREFIX_PATH}:/opt/ros/jazzy /usr/bin/cmake --install /home/malith/rarm_ws/build/rarm_mvoeit
[3.039s] -- Install configuration: ""
[3.040s] -- Up-to-date: /home/malith/rarm_ws/install/rarm_mvoeit/share/rarm_mvoeit/scripts
[3.040s] -- Up-to-date: /home/malith/rarm_ws/install/rarm_mvoeit/share/rarm_mvoeit/scripts/arm_gripper_loop_controller.py:Zone.Identifier
[3.041s] -- Up-to-date: /home/malith/rarm_ws/install/rarm_mvoeit/share/rarm_mvoeit/scripts/__pycache__
[3.041s] -- Up-to-date: /home/malith/rarm_ws/install/rarm_mvoeit/share/rarm_mvoeit/scripts/__pycache__/trajectory_planing.cpython-312.pyc
[3.041s] -- Up-to-date: /home/malith/rarm_ws/install/rarm_mvoeit/share/rarm_mvoeit/scripts/arm_gripper_loop_controller copy.py
[3.041s] -- Up-to-date: /home/malith/rarm_ws/install/rarm_mvoeit/share/rarm_mvoeit/scripts/arm_gripper_loop_controller.py
[3.041s] -- Up-to-date: /home/malith/rarm_ws/install/rarm_mvoeit/share/rarm_mvoeit/scripts/tests
[3.041s] -- Up-to-date: /home/malith/rarm_ws/install/rarm_mvoeit/share/rarm_mvoeit/scripts/tests/trajectory_planing_copy.py
[3.041s] -- Up-to-date: /home/malith/rarm_ws/install/rarm_mvoeit/share/rarm_mvoeit/scripts/tests/test_motion.py
[3.041s] -- Up-to-date: /home/malith/rarm_ws/install/rarm_mvoeit/share/rarm_mvoeit/scripts/test.py
[3.042s] -- Up-to-date: /home/malith/rarm_ws/install/rarm_mvoeit/share/rarm_mvoeit/scripts/trajectory_planing.py
[3.042s] -- Up-to-date: /home/malith/rarm_ws/install/rarm_mvoeit/share/rarm_mvoeit/src
[3.042s] -- Up-to-date: /home/malith/rarm_ws/install/rarm_mvoeit/share/rarm_mvoeit/src/arm_gripper_loop_controller.cpp
[3.042s] -- Up-to-date: /home/malith/rarm_ws/install/rarm_mvoeit/lib/rarm_mvoeit/arm_gripper_loop_controller
[3.042s] -- Up-to-date: /home/malith/rarm_ws/install/rarm_mvoeit/lib/rarm_mvoeit/arm_gripper_loop_controller.py
[3.043s] -- Up-to-date: /home/malith/rarm_ws/install/rarm_mvoeit/lib/rarm_mvoeit/trajectory_planing.py
[3.043s] -- Up-to-date: /home/malith/rarm_ws/install/rarm_mvoeit/lib/rarm_mvoeit/test_motion.py
[3.043s] -- Installing: /home/malith/rarm_ws/install/rarm_mvoeit/lib/rarm_mvoeit/trajectory_planing_copy.py
[3.043s] -- Up-to-date: /home/malith/rarm_ws/install/rarm_mvoeit/share/ament_index/resource_index/package_run_dependencies/rarm_mvoeit
[3.044s] -- Up-to-date: /home/malith/rarm_ws/install/rarm_mvoeit/share/ament_index/resource_index/parent_prefix_path/rarm_mvoeit
[3.044s] -- Up-to-date: /home/malith/rarm_ws/install/rarm_mvoeit/share/rarm_mvoeit/environment/ament_prefix_path.sh
[3.044s] -- Up-to-date: /home/malith/rarm_ws/install/rarm_mvoeit/share/rarm_mvoeit/environment/ament_prefix_path.dsv
[3.044s] -- Up-to-date: /home/malith/rarm_ws/install/rarm_mvoeit/share/rarm_mvoeit/environment/path.sh
[3.044s] -- Up-to-date: /home/malith/rarm_ws/install/rarm_mvoeit/share/rarm_mvoeit/environment/path.dsv
[3.044s] -- Up-to-date: /home/malith/rarm_ws/install/rarm_mvoeit/share/rarm_mvoeit/local_setup.bash
[3.044s] -- Up-to-date: /home/malith/rarm_ws/install/rarm_mvoeit/share/rarm_mvoeit/local_setup.sh
[3.044s] -- Up-to-date: /home/malith/rarm_ws/install/rarm_mvoeit/share/rarm_mvoeit/local_setup.zsh
[3.045s] -- Up-to-date: /home/malith/rarm_ws/install/rarm_mvoeit/share/rarm_mvoeit/local_setup.dsv
[3.045s] -- Installing: /home/malith/rarm_ws/install/rarm_mvoeit/share/rarm_mvoeit/package.dsv
[3.045s] -- Up-to-date: /home/malith/rarm_ws/install/rarm_mvoeit/share/ament_index/resource_index/packages/rarm_mvoeit
[3.045s] -- Up-to-date: /home/malith/rarm_ws/install/rarm_mvoeit/share/rarm_mvoeit/cmake/rarm_mvoeitConfig.cmake
[3.045s] -- Up-to-date: /home/malith/rarm_ws/install/rarm_mvoeit/share/rarm_mvoeit/cmake/rarm_mvoeitConfig-version.cmake
[3.046s] -- Up-to-date: /home/malith/rarm_ws/install/rarm_mvoeit/share/rarm_mvoeit/package.xml
[3.048s] Invoked command in '/home/malith/rarm_ws/build/rarm_mvoeit' returned '0': CMAKE_PREFIX_PATH=${CMAKE_PREFIX_PATH}:/opt/ros/jazzy /usr/bin/cmake --install /home/malith/rarm_ws/build/rarm_mvoeit
