[0.315s] DEBUG:colcon:Command line arguments: ['/usr/bin/colcon', 'build']
[0.315s] DEBUG:colcon:Parsed command line arguments: Namespace(log_base=None, log_level=None, verb_name='build', build_base='build', install_base='install', merge_install=False, symlink_install=False, test_result_base=None, continue_on_error=False, executor='parallel', parallel_workers=8, event_handlers=None, ignore_user_meta=False, metas=['./colcon.meta'], base_paths=['.'], packages_ignore=None, packages_ignore_regex=None, paths=None, packages_up_to=None, packages_up_to_regex=None, packages_above=None, packages_above_and_dependencies=None, packages_above_depth=None, packages_select_by_dep=None, packages_skip_by_dep=None, packages_skip_up_to=None, packages_select_build_failed=False, packages_skip_build_finished=False, packages_select_test_failures=False, packages_skip_test_passed=False, packages_select=None, packages_skip=None, packages_select_regex=None, packages_skip_regex=None, packages_start=None, packages_end=None, cmake_args=None, cmake_target=None, cmake_target_skip_unavailable=False, cmake_clean_cache=False, cmake_clean_first=False, cmake_force_configure=False, ament_cmake_args=None, catkin_cmake_args=None, catkin_skip_building_tests=False, verb_parser=<colcon_defaults.argument_parser.defaults.DefaultArgumentsDecorator object at 0x7efe8f97a270>, verb_extension=<colcon_core.verb.build.BuildVerb object at 0x7efe8f979cd0>, main=<bound method BuildVerb.main of <colcon_core.verb.build.BuildVerb object at 0x7efe8f979cd0>>)
[0.387s] Level 1:colcon.colcon_core.package_discovery:discover_packages(colcon_meta) check parameters
[0.388s] Level 1:colcon.colcon_core.package_discovery:discover_packages(recursive) check parameters
[0.388s] Level 1:colcon.colcon_core.package_discovery:discover_packages(ignore) check parameters
[0.388s] Level 1:colcon.colcon_core.package_discovery:discover_packages(path) check parameters
[0.388s] Level 1:colcon.colcon_core.package_discovery:discover_packages(colcon_meta) discover
[0.388s] Level 1:colcon.colcon_core.package_discovery:discover_packages(recursive) discover
[0.388s] INFO:colcon.colcon_core.package_discovery:Crawling recursively for packages in '/home/malith/rarm_ws'
[0.388s] Level 1:colcon.colcon_core.package_identification:_identify(.) by extensions ['ignore', 'ignore_ament_install']
[0.389s] Level 1:colcon.colcon_core.package_identification:_identify(.) by extension 'ignore'
[0.389s] Level 1:colcon.colcon_core.package_identification:_identify(.) by extension 'ignore_ament_install'
[0.389s] Level 1:colcon.colcon_core.package_identification:_identify(.) by extensions ['colcon_pkg']
[0.389s] Level 1:colcon.colcon_core.package_identification:_identify(.) by extension 'colcon_pkg'
[0.389s] Level 1:colcon.colcon_core.package_identification:_identify(.) by extensions ['colcon_meta']
[0.389s] Level 1:colcon.colcon_core.package_identification:_identify(.) by extension 'colcon_meta'
[0.389s] Level 1:colcon.colcon_core.package_identification:_identify(.) by extensions ['ros']
[0.389s] Level 1:colcon.colcon_core.package_identification:_identify(.) by extension 'ros'
[0.435s] Level 1:colcon.colcon_core.package_identification:_identify(.) by extensions ['cmake', 'python']
[0.435s] Level 1:colcon.colcon_core.package_identification:_identify(.) by extension 'cmake'
[0.435s] Level 1:colcon.colcon_core.package_identification:_identify(.) by extension 'python'
[0.435s] Level 1:colcon.colcon_core.package_identification:_identify(.) by extensions ['python_setup_py']
[0.435s] Level 1:colcon.colcon_core.package_identification:_identify(.) by extension 'python_setup_py'
[0.435s] Level 1:colcon.colcon_core.package_identification:_identify(build) by extensions ['ignore', 'ignore_ament_install']
[0.435s] Level 1:colcon.colcon_core.package_identification:_identify(build) by extension 'ignore'
[0.436s] Level 1:colcon.colcon_core.package_identification:_identify(build) ignored
[0.436s] Level 1:colcon.colcon_core.package_identification:_identify(install) by extensions ['ignore', 'ignore_ament_install']
[0.436s] Level 1:colcon.colcon_core.package_identification:_identify(install) by extension 'ignore'
[0.436s] Level 1:colcon.colcon_core.package_identification:_identify(install) ignored
[0.436s] Level 1:colcon.colcon_core.package_identification:_identify(log) by extensions ['ignore', 'ignore_ament_install']
[0.436s] Level 1:colcon.colcon_core.package_identification:_identify(log) by extension 'ignore'
[0.437s] Level 1:colcon.colcon_core.package_identification:_identify(log) ignored
[0.437s] Level 1:colcon.colcon_core.package_identification:_identify(src) by extensions ['ignore', 'ignore_ament_install']
[0.437s] Level 1:colcon.colcon_core.package_identification:_identify(src) by extension 'ignore'
[0.437s] Level 1:colcon.colcon_core.package_identification:_identify(src) by extension 'ignore_ament_install'
[0.437s] Level 1:colcon.colcon_core.package_identification:_identify(src) by extensions ['colcon_pkg']
[0.437s] Level 1:colcon.colcon_core.package_identification:_identify(src) by extension 'colcon_pkg'
[0.437s] Level 1:colcon.colcon_core.package_identification:_identify(src) by extensions ['colcon_meta']
[0.437s] Level 1:colcon.colcon_core.package_identification:_identify(src) by extension 'colcon_meta'
[0.437s] Level 1:colcon.colcon_core.package_identification:_identify(src) by extensions ['ros']
[0.437s] Level 1:colcon.colcon_core.package_identification:_identify(src) by extension 'ros'
[0.438s] Level 1:colcon.colcon_core.package_identification:_identify(src) by extensions ['cmake', 'python']
[0.438s] Level 1:colcon.colcon_core.package_identification:_identify(src) by extension 'cmake'
[0.438s] Level 1:colcon.colcon_core.package_identification:_identify(src) by extension 'python'
[0.438s] Level 1:colcon.colcon_core.package_identification:_identify(src) by extensions ['python_setup_py']
[0.438s] Level 1:colcon.colcon_core.package_identification:_identify(src) by extension 'python_setup_py'
[0.438s] Level 1:colcon.colcon_core.package_identification:_identify(src/rarm) by extensions ['ignore', 'ignore_ament_install']
[0.438s] Level 1:colcon.colcon_core.package_identification:_identify(src/rarm) by extension 'ignore'
[0.439s] Level 1:colcon.colcon_core.package_identification:_identify(src/rarm) by extension 'ignore_ament_install'
[0.439s] Level 1:colcon.colcon_core.package_identification:_identify(src/rarm) by extensions ['colcon_pkg']
[0.439s] Level 1:colcon.colcon_core.package_identification:_identify(src/rarm) by extension 'colcon_pkg'
[0.439s] Level 1:colcon.colcon_core.package_identification:_identify(src/rarm) by extensions ['colcon_meta']
[0.439s] Level 1:colcon.colcon_core.package_identification:_identify(src/rarm) by extension 'colcon_meta'
[0.439s] Level 1:colcon.colcon_core.package_identification:_identify(src/rarm) by extensions ['ros']
[0.439s] Level 1:colcon.colcon_core.package_identification:_identify(src/rarm) by extension 'ros'
[0.446s] DEBUG:colcon.colcon_core.package_identification:Package 'src/rarm' with type 'ros.ament_cmake' and name 'rarm'
[0.447s] Level 1:colcon.colcon_core.package_identification:_identify(src/rarm_mvoeit) by extensions ['ignore', 'ignore_ament_install']
[0.447s] Level 1:colcon.colcon_core.package_identification:_identify(src/rarm_mvoeit) by extension 'ignore'
[0.447s] Level 1:colcon.colcon_core.package_identification:_identify(src/rarm_mvoeit) by extension 'ignore_ament_install'
[0.447s] Level 1:colcon.colcon_core.package_identification:_identify(src/rarm_mvoeit) by extensions ['colcon_pkg']
[0.447s] Level 1:colcon.colcon_core.package_identification:_identify(src/rarm_mvoeit) by extension 'colcon_pkg'
[0.447s] Level 1:colcon.colcon_core.package_identification:_identify(src/rarm_mvoeit) by extensions ['colcon_meta']
[0.447s] Level 1:colcon.colcon_core.package_identification:_identify(src/rarm_mvoeit) by extension 'colcon_meta'
[0.447s] Level 1:colcon.colcon_core.package_identification:_identify(src/rarm_mvoeit) by extensions ['ros']
[0.447s] Level 1:colcon.colcon_core.package_identification:_identify(src/rarm_mvoeit) by extension 'ros'
[0.448s] DEBUG:colcon.colcon_core.package_identification:Package 'src/rarm_mvoeit' with type 'ros.ament_cmake' and name 'rarm_mvoeit'
[0.448s] Level 1:colcon.colcon_core.package_discovery:discover_packages(recursive) using defaults
[0.448s] Level 1:colcon.colcon_core.package_discovery:discover_packages(ignore) discover
[0.448s] Level 1:colcon.colcon_core.package_discovery:discover_packages(ignore) using defaults
[0.448s] Level 1:colcon.colcon_core.package_discovery:discover_packages(path) discover
[0.448s] Level 1:colcon.colcon_core.package_discovery:discover_packages(path) using defaults
[0.483s] Level 5:colcon.colcon_core.verb:set package 'rarm' build argument 'cmake_args' from command line to 'None'
[0.483s] Level 5:colcon.colcon_core.verb:set package 'rarm' build argument 'cmake_target' from command line to 'None'
[0.483s] Level 5:colcon.colcon_core.verb:set package 'rarm' build argument 'cmake_target_skip_unavailable' from command line to 'False'
[0.483s] Level 5:colcon.colcon_core.verb:set package 'rarm' build argument 'cmake_clean_cache' from command line to 'False'
[0.483s] Level 5:colcon.colcon_core.verb:set package 'rarm' build argument 'cmake_clean_first' from command line to 'False'
[0.483s] Level 5:colcon.colcon_core.verb:set package 'rarm' build argument 'cmake_force_configure' from command line to 'False'
[0.483s] Level 5:colcon.colcon_core.verb:set package 'rarm' build argument 'ament_cmake_args' from command line to 'None'
[0.483s] Level 5:colcon.colcon_core.verb:set package 'rarm' build argument 'catkin_cmake_args' from command line to 'None'
[0.483s] Level 5:colcon.colcon_core.verb:set package 'rarm' build argument 'catkin_skip_building_tests' from command line to 'False'
[0.483s] DEBUG:colcon.colcon_core.verb:Building package 'rarm' with the following arguments: {'ament_cmake_args': None, 'build_base': '/home/malith/rarm_ws/build/rarm', 'catkin_cmake_args': None, 'catkin_skip_building_tests': False, 'cmake_args': None, 'cmake_clean_cache': False, 'cmake_clean_first': False, 'cmake_force_configure': False, 'cmake_target': None, 'cmake_target_skip_unavailable': False, 'install_base': '/home/malith/rarm_ws/install/rarm', 'merge_install': False, 'path': '/home/malith/rarm_ws/src/rarm', 'symlink_install': False, 'test_result_base': None}
[0.484s] Level 5:colcon.colcon_core.verb:set package 'rarm_mvoeit' build argument 'cmake_args' from command line to 'None'
[0.484s] Level 5:colcon.colcon_core.verb:set package 'rarm_mvoeit' build argument 'cmake_target' from command line to 'None'
[0.484s] Level 5:colcon.colcon_core.verb:set package 'rarm_mvoeit' build argument 'cmake_target_skip_unavailable' from command line to 'False'
[0.484s] Level 5:colcon.colcon_core.verb:set package 'rarm_mvoeit' build argument 'cmake_clean_cache' from command line to 'False'
[0.484s] Level 5:colcon.colcon_core.verb:set package 'rarm_mvoeit' build argument 'cmake_clean_first' from command line to 'False'
[0.484s] Level 5:colcon.colcon_core.verb:set package 'rarm_mvoeit' build argument 'cmake_force_configure' from command line to 'False'
[0.484s] Level 5:colcon.colcon_core.verb:set package 'rarm_mvoeit' build argument 'ament_cmake_args' from command line to 'None'
[0.484s] Level 5:colcon.colcon_core.verb:set package 'rarm_mvoeit' build argument 'catkin_cmake_args' from command line to 'None'
[0.484s] Level 5:colcon.colcon_core.verb:set package 'rarm_mvoeit' build argument 'catkin_skip_building_tests' from command line to 'False'
[0.484s] DEBUG:colcon.colcon_core.verb:Building package 'rarm_mvoeit' with the following arguments: {'ament_cmake_args': None, 'build_base': '/home/malith/rarm_ws/build/rarm_mvoeit', 'catkin_cmake_args': None, 'catkin_skip_building_tests': False, 'cmake_args': None, 'cmake_clean_cache': False, 'cmake_clean_first': False, 'cmake_force_configure': False, 'cmake_target': None, 'cmake_target_skip_unavailable': False, 'install_base': '/home/malith/rarm_ws/install/rarm_mvoeit', 'merge_install': False, 'path': '/home/malith/rarm_ws/src/rarm_mvoeit', 'symlink_install': False, 'test_result_base': None}
[0.484s] INFO:colcon.colcon_core.executor:Executing jobs using 'parallel' executor
[0.486s] DEBUG:colcon.colcon_parallel_executor.executor.parallel:run_until_complete
[0.487s] INFO:colcon.colcon_ros.task.ament_cmake.build:Building ROS package in '/home/malith/rarm_ws/src/rarm' with build type 'ament_cmake'
[0.487s] INFO:colcon.colcon_cmake.task.cmake.build:Building CMake package in '/home/malith/rarm_ws/src/rarm'
[0.491s] INFO:colcon.colcon_core.plugin_system:Skipping extension 'colcon_core.shell.bat': Not used on non-Windows systems
[0.492s] DEBUG:colcon.colcon_core.shell:Skip shell extension 'dsv' for command environment
[0.503s] INFO:colcon.colcon_ros.task.ament_cmake.build:Building ROS package in '/home/malith/rarm_ws/src/rarm_mvoeit' with build type 'ament_cmake'
[0.503s] INFO:colcon.colcon_cmake.task.cmake.build:Building CMake package in '/home/malith/rarm_ws/src/rarm_mvoeit'
[0.504s] DEBUG:colcon.colcon_core.shell:Skip shell extension 'dsv' for command environment
[0.527s] DEBUG:colcon.colcon_core.event_handler.log_command:Invoking command in '/home/malith/rarm_ws/build/rarm': CMAKE_PREFIX_PATH=${CMAKE_PREFIX_PATH}:/opt/ros/jazzy /usr/bin/cmake --build /home/malith/rarm_ws/build/rarm -- -j8 -l8
[0.529s] DEBUG:colcon.colcon_core.event_handler.log_command:Invoking command in '/home/malith/rarm_ws/build/rarm_mvoeit': CMAKE_PREFIX_PATH=${CMAKE_PREFIX_PATH}:/opt/ros/jazzy /usr/bin/cmake --build /home/malith/rarm_ws/build/rarm_mvoeit -- -j8 -l8
[0.621s] DEBUG:colcon.colcon_core.event_handler.log_command:Invoked command in '/home/malith/rarm_ws/build/rarm' returned '0': CMAKE_PREFIX_PATH=${CMAKE_PREFIX_PATH}:/opt/ros/jazzy /usr/bin/cmake --build /home/malith/rarm_ws/build/rarm -- -j8 -l8
[0.642s] DEBUG:colcon.colcon_core.event_handler.log_command:Invoking command in '/home/malith/rarm_ws/build/rarm': CMAKE_PREFIX_PATH=${CMAKE_PREFIX_PATH}:/opt/ros/jazzy /usr/bin/cmake --install /home/malith/rarm_ws/build/rarm
[0.669s] Level 1:colcon.colcon_core.environment:create_environment_scripts_only(rarm)
[0.674s] DEBUG:colcon.colcon_core.event_handler.log_command:Invoked command in '/home/malith/rarm_ws/build/rarm' returned '0': CMAKE_PREFIX_PATH=${CMAKE_PREFIX_PATH}:/opt/ros/jazzy /usr/bin/cmake --install /home/malith/rarm_ws/build/rarm
[0.677s] Level 1:colcon.colcon_core.environment:checking '/home/malith/rarm_ws/install/rarm' for CMake module files
[0.678s] Level 1:colcon.colcon_core.environment:checking '/home/malith/rarm_ws/install/rarm' for CMake config files
[0.679s] Level 1:colcon.colcon_core.shell:create_environment_hook('rarm', 'cmake_prefix_path')
[0.679s] INFO:colcon.colcon_core.shell:Creating environment descriptor '/home/malith/rarm_ws/install/rarm/share/rarm/hook/cmake_prefix_path.dsv'
[0.680s] INFO:colcon.colcon_core.shell:Creating environment hook '/home/malith/rarm_ws/install/rarm/share/rarm/hook/cmake_prefix_path.sh'
[0.682s] Level 1:colcon.colcon_core.environment:checking '/home/malith/rarm_ws/install/rarm/bin'
[0.683s] Level 1:colcon.colcon_core.environment:checking '/home/malith/rarm_ws/install/rarm/lib/pkgconfig/rarm.pc'
[0.687s] Level 1:colcon.colcon_core.environment:checking '/home/malith/rarm_ws/install/rarm/lib/python3.12/site-packages'
[0.688s] Level 1:colcon.colcon_core.environment:checking '/home/malith/rarm_ws/install/rarm/bin'
[0.688s] INFO:colcon.colcon_core.shell:Creating package descriptor '/home/malith/rarm_ws/install/rarm/share/rarm/package.dsv'
[0.689s] INFO:colcon.colcon_core.shell:Creating package script '/home/malith/rarm_ws/install/rarm/share/rarm/package.sh'
[0.691s] INFO:colcon.colcon_core.shell:Creating package script '/home/malith/rarm_ws/install/rarm/share/rarm/package.bash'
[0.694s] INFO:colcon.colcon_core.shell:Creating package script '/home/malith/rarm_ws/install/rarm/share/rarm/package.zsh'
[0.696s] Level 1:colcon.colcon_core.environment:create_file_with_runtime_dependencies(/home/malith/rarm_ws/install/rarm/share/colcon-core/packages/rarm)
[0.699s] Level 1:colcon.colcon_core.environment:create_environment_scripts_only(rarm)
[0.699s] Level 1:colcon.colcon_core.environment:checking '/home/malith/rarm_ws/install/rarm' for CMake module files
[0.700s] Level 1:colcon.colcon_core.environment:checking '/home/malith/rarm_ws/install/rarm' for CMake config files
[0.701s] Level 1:colcon.colcon_core.shell:create_environment_hook('rarm', 'cmake_prefix_path')
[0.701s] INFO:colcon.colcon_core.shell:Creating environment descriptor '/home/malith/rarm_ws/install/rarm/share/rarm/hook/cmake_prefix_path.dsv'
[0.702s] INFO:colcon.colcon_core.shell:Creating environment hook '/home/malith/rarm_ws/install/rarm/share/rarm/hook/cmake_prefix_path.sh'
[0.706s] Level 1:colcon.colcon_core.environment:checking '/home/malith/rarm_ws/install/rarm/bin'
[0.706s] Level 1:colcon.colcon_core.environment:checking '/home/malith/rarm_ws/install/rarm/lib/pkgconfig/rarm.pc'
[0.706s] Level 1:colcon.colcon_core.environment:checking '/home/malith/rarm_ws/install/rarm/lib/python3.12/site-packages'
[0.707s] Level 1:colcon.colcon_core.environment:checking '/home/malith/rarm_ws/install/rarm/bin'
[0.707s] INFO:colcon.colcon_core.shell:Creating package descriptor '/home/malith/rarm_ws/install/rarm/share/rarm/package.dsv'
[0.709s] INFO:colcon.colcon_core.shell:Creating package script '/home/malith/rarm_ws/install/rarm/share/rarm/package.sh'
[0.710s] INFO:colcon.colcon_core.shell:Creating package script '/home/malith/rarm_ws/install/rarm/share/rarm/package.bash'
[0.710s] INFO:colcon.colcon_core.shell:Creating package script '/home/malith/rarm_ws/install/rarm/share/rarm/package.zsh'
[0.711s] Level 1:colcon.colcon_core.environment:create_file_with_runtime_dependencies(/home/malith/rarm_ws/install/rarm/share/colcon-core/packages/rarm)
[3.359s] Level 1:colcon.colcon_core.environment:create_environment_scripts_only(rarm_mvoeit)
[3.360s] Level 1:colcon.colcon_core.environment:checking '/home/malith/rarm_ws/install/rarm_mvoeit' for CMake module files
[3.361s] Level 1:colcon.colcon_core.environment:checking '/home/malith/rarm_ws/install/rarm_mvoeit' for CMake config files
[3.361s] Level 1:colcon.colcon_core.shell:create_environment_hook('rarm_mvoeit', 'cmake_prefix_path')
[3.361s] INFO:colcon.colcon_core.shell:Creating environment descriptor '/home/malith/rarm_ws/install/rarm_mvoeit/share/rarm_mvoeit/hook/cmake_prefix_path.dsv'
[3.362s] INFO:colcon.colcon_core.shell:Creating environment hook '/home/malith/rarm_ws/install/rarm_mvoeit/share/rarm_mvoeit/hook/cmake_prefix_path.sh'
[3.363s] Level 1:colcon.colcon_core.environment:checking '/home/malith/rarm_ws/install/rarm_mvoeit/lib'
[3.363s] Level 1:colcon.colcon_core.environment:checking '/home/malith/rarm_ws/install/rarm_mvoeit/bin'
[3.363s] Level 1:colcon.colcon_core.environment:checking '/home/malith/rarm_ws/install/rarm_mvoeit/lib/pkgconfig/rarm_mvoeit.pc'
[3.364s] Level 1:colcon.colcon_core.environment:checking '/home/malith/rarm_ws/install/rarm_mvoeit/lib/python3.12/site-packages'
[3.364s] Level 1:colcon.colcon_core.environment:checking '/home/malith/rarm_ws/install/rarm_mvoeit/bin'
[3.365s] INFO:colcon.colcon_core.shell:Creating package descriptor '/home/malith/rarm_ws/install/rarm_mvoeit/share/rarm_mvoeit/package.dsv'
[3.365s] INFO:colcon.colcon_core.shell:Creating package script '/home/malith/rarm_ws/install/rarm_mvoeit/share/rarm_mvoeit/package.sh'
[3.367s] DEBUG:colcon.colcon_core.event_handler.log_command:Invoked command in '/home/malith/rarm_ws/build/rarm_mvoeit' returned '2': CMAKE_PREFIX_PATH=${CMAKE_PREFIX_PATH}:/opt/ros/jazzy /usr/bin/cmake --build /home/malith/rarm_ws/build/rarm_mvoeit -- -j8 -l8
[3.368s] INFO:colcon.colcon_core.shell:Creating package script '/home/malith/rarm_ws/install/rarm_mvoeit/share/rarm_mvoeit/package.bash'
[3.369s] INFO:colcon.colcon_core.shell:Creating package script '/home/malith/rarm_ws/install/rarm_mvoeit/share/rarm_mvoeit/package.zsh'
[3.370s] Level 1:colcon.colcon_core.environment:create_file_with_runtime_dependencies(/home/malith/rarm_ws/install/rarm_mvoeit/share/colcon-core/packages/rarm_mvoeit)
[3.372s] DEBUG:colcon.colcon_parallel_executor.executor.parallel:closing loop
[3.372s] DEBUG:colcon.colcon_parallel_executor.executor.parallel:loop closed
[3.373s] DEBUG:colcon.colcon_parallel_executor.executor.parallel:run_until_complete finished with '2'
[3.373s] DEBUG:colcon.colcon_core.event_reactor:joining thread
[3.479s] INFO:colcon.colcon_core.plugin_system:Skipping extension 'colcon_notification.desktop_notification.notify_send': Could not find 'notify-send'
[3.480s] INFO:colcon.colcon_core.plugin_system:Skipping extension 'colcon_notification.desktop_notification.terminal_notifier': Not used on non-Darwin systems
[3.480s] INFO:colcon.colcon_core.plugin_system:Skipping extension 'colcon_notification.desktop_notification.win32': Not used on non-Windows systems
[3.480s] INFO:colcon.colcon_notification.desktop_notification:Sending desktop notification using 'notify2'
[3.483s] DEBUG:colcon.colcon_notification.desktop_notification.notify2:Failed to initialize notify2: org.freedesktop.DBus.Error.ServiceUnknown: The name org.freedesktop.Notifications was not provided by any .service files
[3.483s] DEBUG:colcon.colcon_core.event_reactor:joined thread
[3.484s] INFO:colcon.colcon_core.shell:Creating prefix script '/home/malith/rarm_ws/install/local_setup.sh'
[3.485s] INFO:colcon.colcon_core.shell:Creating prefix util module '/home/malith/rarm_ws/install/_local_setup_util_sh.py'
[3.487s] INFO:colcon.colcon_core.shell:Creating prefix chain script '/home/malith/rarm_ws/install/setup.sh'
[3.489s] INFO:colcon.colcon_core.shell:Creating prefix script '/home/malith/rarm_ws/install/local_setup.bash'
[3.490s] INFO:colcon.colcon_core.shell:Creating prefix chain script '/home/malith/rarm_ws/install/setup.bash'
[3.492s] INFO:colcon.colcon_core.shell:Creating prefix script '/home/malith/rarm_ws/install/local_setup.zsh'
[3.494s] INFO:colcon.colcon_core.shell:Creating prefix chain script '/home/malith/rarm_ws/install/setup.zsh'
