[100%] Built target arm_gripper_loop_controller
-- Install configuration: ""
-- Up-to-date: /home/malith/rarm_ws/install/rarm_moveit/share/rarm_moveit/scripts
-- Up-to-date: /home/malith/rarm_ws/install/rarm_moveit/share/rarm_moveit/scripts/arm_gripper_loop_controller.py:Zone.Identifier
-- Up-to-date: /home/malith/rarm_ws/install/rarm_moveit/share/rarm_moveit/scripts/__pycache__
-- Up-to-date: /home/malith/rarm_ws/install/rarm_moveit/share/rarm_moveit/scripts/__pycache__/trajectory_planing.cpython-312.pyc
-- Up-to-date: /home/malith/rarm_ws/install/rarm_moveit/share/rarm_moveit/scripts/arm_gripper_loop_controller.py
-- Up-to-date: /home/malith/rarm_ws/install/rarm_moveit/share/rarm_moveit/scripts/tests
-- Up-to-date: /home/malith/rarm_ws/install/rarm_moveit/share/rarm_moveit/scripts/tests/__pycache__
-- Up-to-date: /home/malith/rarm_ws/install/rarm_moveit/share/rarm_moveit/scripts/tests/__pycache__/trajectory_planing_copy.cpython-312.pyc
-- Up-to-date: /home/malith/rarm_ws/install/rarm_moveit/share/rarm_moveit/scripts/tests/trajectory_planing_copy.py
-- Up-to-date: /home/malith/rarm_ws/install/rarm_moveit/share/rarm_moveit/scripts/tests/test_motion.py
-- Up-to-date: /home/malith/rarm_ws/install/rarm_moveit/share/rarm_moveit/scripts/tests/test.py
-- Up-to-date: /home/malith/rarm_ws/install/rarm_moveit/share/rarm_moveit/scripts/trajectory_planing.py
-- Up-to-date: /home/malith/rarm_ws/install/rarm_moveit/share/rarm_moveit/src
-- Up-to-date: /home/malith/rarm_ws/install/rarm_moveit/share/rarm_moveit/src/arm_gripper_loop_controller.cpp
-- Up-to-date: /home/malith/rarm_ws/install/rarm_moveit/share/rarm_moveit/data
-- Up-to-date: /home/malith/rarm_ws/install/rarm_moveit/lib/rarm_moveit/arm_gripper_loop_controller
-- Up-to-date: /home/malith/rarm_ws/install/rarm_moveit/lib/rarm_moveit/arm_gripper_loop_controller.py
-- Up-to-date: /home/malith/rarm_ws/install/rarm_moveit/lib/rarm_moveit/trajectory_planing.py
-- Up-to-date: /home/malith/rarm_ws/install/rarm_moveit/lib/rarm_moveit/test_motion.py
-- Up-to-date: /home/malith/rarm_ws/install/rarm_moveit/lib/rarm_moveit/trajectory_planing_copy.py
-- Up-to-date: /home/malith/rarm_ws/install/rarm_moveit/share/ament_index/resource_index/package_run_dependencies/rarm_moveit
-- Up-to-date: /home/malith/rarm_ws/install/rarm_moveit/share/ament_index/resource_index/parent_prefix_path/rarm_moveit
-- Up-to-date: /home/malith/rarm_ws/install/rarm_moveit/share/rarm_moveit/environment/ament_prefix_path.sh
-- Up-to-date: /home/malith/rarm_ws/install/rarm_moveit/share/rarm_moveit/environment/ament_prefix_path.dsv
-- Up-to-date: /home/malith/rarm_ws/install/rarm_moveit/share/rarm_moveit/environment/path.sh
-- Up-to-date: /home/malith/rarm_ws/install/rarm_moveit/share/rarm_moveit/environment/path.dsv
-- Up-to-date: /home/malith/rarm_ws/install/rarm_moveit/share/rarm_moveit/local_setup.bash
-- Up-to-date: /home/malith/rarm_ws/install/rarm_moveit/share/rarm_moveit/local_setup.sh
-- Up-to-date: /home/malith/rarm_ws/install/rarm_moveit/share/rarm_moveit/local_setup.zsh
-- Up-to-date: /home/malith/rarm_ws/install/rarm_moveit/share/rarm_moveit/local_setup.dsv
-- Installing: /home/malith/rarm_ws/install/rarm_moveit/share/rarm_moveit/package.dsv
-- Up-to-date: /home/malith/rarm_ws/install/rarm_moveit/share/ament_index/resource_index/packages/rarm_moveit
-- Up-to-date: /home/malith/rarm_ws/install/rarm_moveit/share/rarm_moveit/cmake/rarm_moveitConfig.cmake
-- Up-to-date: /home/malith/rarm_ws/install/rarm_moveit/share/rarm_moveit/cmake/rarm_moveitConfig-version.cmake
-- Up-to-date: /home/malith/rarm_ws/install/rarm_moveit/share/rarm_moveit/package.xml
