[0.302s] DEBUG:colcon:Command line arguments: ['/usr/bin/colcon', 'build']
[0.302s] DEBUG:colcon:Parsed command line arguments: Namespace(log_base=None, log_level=None, verb_name='build', build_base='build', install_base='install', merge_install=False, symlink_install=False, test_result_base=None, continue_on_error=False, executor='parallel', parallel_workers=8, event_handlers=None, ignore_user_meta=False, metas=['./colcon.meta'], base_paths=['.'], packages_ignore=None, packages_ignore_regex=None, paths=None, packages_up_to=None, packages_up_to_regex=None, packages_above=None, packages_above_and_dependencies=None, packages_above_depth=None, packages_select_by_dep=None, packages_skip_by_dep=None, packages_skip_up_to=None, packages_select_build_failed=False, packages_skip_build_finished=False, packages_select_test_failures=False, packages_skip_test_passed=False, packages_select=None, packages_skip=None, packages_select_regex=None, packages_skip_regex=None, packages_start=None, packages_end=None, cmake_args=None, cmake_target=None, cmake_target_skip_unavailable=False, cmake_clean_cache=False, cmake_clean_first=False, cmake_force_configure=False, ament_cmake_args=None, catkin_cmake_args=None, catkin_skip_building_tests=False, verb_parser=<colcon_defaults.argument_parser.defaults.DefaultArgumentsDecorator object at 0x7fcb8de6e180>, verb_extension=<colcon_core.verb.build.BuildVerb object at 0x7fcb8de6dbb0>, main=<bound method BuildVerb.main of <colcon_core.verb.build.BuildVerb object at 0x7fcb8de6dbb0>>)
[0.419s] Level 1:colcon.colcon_core.package_discovery:discover_packages(colcon_meta) check parameters
[0.419s] Level 1:colcon.colcon_core.package_discovery:discover_packages(recursive) check parameters
[0.419s] Level 1:colcon.colcon_core.package_discovery:discover_packages(ignore) check parameters
[0.419s] Level 1:colcon.colcon_core.package_discovery:discover_packages(path) check parameters
[0.419s] Level 1:colcon.colcon_core.package_discovery:discover_packages(colcon_meta) discover
[0.420s] Level 1:colcon.colcon_core.package_discovery:discover_packages(recursive) discover
[0.420s] INFO:colcon.colcon_core.package_discovery:Crawling recursively for packages in '/home/malith/rarm_ws'
[0.420s] Level 1:colcon.colcon_core.package_identification:_identify(.) by extensions ['ignore', 'ignore_ament_install']
[0.420s] Level 1:colcon.colcon_core.package_identification:_identify(.) by extension 'ignore'
[0.420s] Level 1:colcon.colcon_core.package_identification:_identify(.) by extension 'ignore_ament_install'
[0.420s] Level 1:colcon.colcon_core.package_identification:_identify(.) by extensions ['colcon_pkg']
[0.420s] Level 1:colcon.colcon_core.package_identification:_identify(.) by extension 'colcon_pkg'
[0.421s] Level 1:colcon.colcon_core.package_identification:_identify(.) by extensions ['colcon_meta']
[0.421s] Level 1:colcon.colcon_core.package_identification:_identify(.) by extension 'colcon_meta'
[0.421s] Level 1:colcon.colcon_core.package_identification:_identify(.) by extensions ['ros']
[0.421s] Level 1:colcon.colcon_core.package_identification:_identify(.) by extension 'ros'
[0.474s] Level 1:colcon.colcon_core.package_identification:_identify(.) by extensions ['cmake', 'python']
[0.475s] Level 1:colcon.colcon_core.package_identification:_identify(.) by extension 'cmake'
[0.475s] Level 1:colcon.colcon_core.package_identification:_identify(.) by extension 'python'
[0.475s] Level 1:colcon.colcon_core.package_identification:_identify(.) by extensions ['python_setup_py']
[0.475s] Level 1:colcon.colcon_core.package_identification:_identify(.) by extension 'python_setup_py'
[0.475s] Level 1:colcon.colcon_core.package_identification:_identify(build) by extensions ['ignore', 'ignore_ament_install']
[0.476s] Level 1:colcon.colcon_core.package_identification:_identify(build) by extension 'ignore'
[0.476s] Level 1:colcon.colcon_core.package_identification:_identify(build) ignored
[0.476s] Level 1:colcon.colcon_core.package_identification:_identify(install) by extensions ['ignore', 'ignore_ament_install']
[0.477s] Level 1:colcon.colcon_core.package_identification:_identify(install) by extension 'ignore'
[0.477s] Level 1:colcon.colcon_core.package_identification:_identify(install) ignored
[0.478s] Level 1:colcon.colcon_core.package_identification:_identify(log) by extensions ['ignore', 'ignore_ament_install']
[0.478s] Level 1:colcon.colcon_core.package_identification:_identify(log) by extension 'ignore'
[0.478s] Level 1:colcon.colcon_core.package_identification:_identify(log) ignored
[0.479s] Level 1:colcon.colcon_core.package_identification:_identify(src) by extensions ['ignore', 'ignore_ament_install']
[0.479s] Level 1:colcon.colcon_core.package_identification:_identify(src) by extension 'ignore'
[0.479s] Level 1:colcon.colcon_core.package_identification:_identify(src) by extension 'ignore_ament_install'
[0.479s] Level 1:colcon.colcon_core.package_identification:_identify(src) by extensions ['colcon_pkg']
[0.479s] Level 1:colcon.colcon_core.package_identification:_identify(src) by extension 'colcon_pkg'
[0.479s] Level 1:colcon.colcon_core.package_identification:_identify(src) by extensions ['colcon_meta']
[0.479s] Level 1:colcon.colcon_core.package_identification:_identify(src) by extension 'colcon_meta'
[0.479s] Level 1:colcon.colcon_core.package_identification:_identify(src) by extensions ['ros']
[0.479s] Level 1:colcon.colcon_core.package_identification:_identify(src) by extension 'ros'
[0.480s] Level 1:colcon.colcon_core.package_identification:_identify(src) by extensions ['cmake', 'python']
[0.480s] Level 1:colcon.colcon_core.package_identification:_identify(src) by extension 'cmake'
[0.480s] Level 1:colcon.colcon_core.package_identification:_identify(src) by extension 'python'
[0.480s] Level 1:colcon.colcon_core.package_identification:_identify(src) by extensions ['python_setup_py']
[0.480s] Level 1:colcon.colcon_core.package_identification:_identify(src) by extension 'python_setup_py'
[0.480s] Level 1:colcon.colcon_core.package_identification:_identify(src/rarm) by extensions ['ignore', 'ignore_ament_install']
[0.480s] Level 1:colcon.colcon_core.package_identification:_identify(src/rarm) by extension 'ignore'
[0.480s] Level 1:colcon.colcon_core.package_identification:_identify(src/rarm) by extension 'ignore_ament_install'
[0.481s] Level 1:colcon.colcon_core.package_identification:_identify(src/rarm) by extensions ['colcon_pkg']
[0.481s] Level 1:colcon.colcon_core.package_identification:_identify(src/rarm) by extension 'colcon_pkg'
[0.481s] Level 1:colcon.colcon_core.package_identification:_identify(src/rarm) by extensions ['colcon_meta']
[0.481s] Level 1:colcon.colcon_core.package_identification:_identify(src/rarm) by extension 'colcon_meta'
[0.481s] Level 1:colcon.colcon_core.package_identification:_identify(src/rarm) by extensions ['ros']
[0.481s] Level 1:colcon.colcon_core.package_identification:_identify(src/rarm) by extension 'ros'
[0.494s] DEBUG:colcon.colcon_core.package_identification:Package 'src/rarm' with type 'ros.ament_cmake' and name 'rarm'
[0.494s] Level 1:colcon.colcon_core.package_identification:_identify(src/rarm_mvoeit) by extensions ['ignore', 'ignore_ament_install']
[0.494s] Level 1:colcon.colcon_core.package_identification:_identify(src/rarm_mvoeit) by extension 'ignore'
[0.494s] Level 1:colcon.colcon_core.package_identification:_identify(src/rarm_mvoeit) by extension 'ignore_ament_install'
[0.495s] Level 1:colcon.colcon_core.package_identification:_identify(src/rarm_mvoeit) by extensions ['colcon_pkg']
[0.495s] Level 1:colcon.colcon_core.package_identification:_identify(src/rarm_mvoeit) by extension 'colcon_pkg'
[0.495s] Level 1:colcon.colcon_core.package_identification:_identify(src/rarm_mvoeit) by extensions ['colcon_meta']
[0.495s] Level 1:colcon.colcon_core.package_identification:_identify(src/rarm_mvoeit) by extension 'colcon_meta'
[0.495s] Level 1:colcon.colcon_core.package_identification:_identify(src/rarm_mvoeit) by extensions ['ros']
[0.495s] Level 1:colcon.colcon_core.package_identification:_identify(src/rarm_mvoeit) by extension 'ros'
[0.496s] DEBUG:colcon.colcon_core.package_identification:Package 'src/rarm_mvoeit' with type 'ros.ament_cmake' and name 'rarm_mvoeit'
[0.496s] Level 1:colcon.colcon_core.package_discovery:discover_packages(recursive) using defaults
[0.496s] Level 1:colcon.colcon_core.package_discovery:discover_packages(ignore) discover
[0.496s] Level 1:colcon.colcon_core.package_discovery:discover_packages(ignore) using defaults
[0.496s] Level 1:colcon.colcon_core.package_discovery:discover_packages(path) discover
[0.496s] Level 1:colcon.colcon_core.package_discovery:discover_packages(path) using defaults
[0.537s] Level 5:colcon.colcon_core.verb:set package 'rarm' build argument 'cmake_args' from command line to 'None'
[0.537s] Level 5:colcon.colcon_core.verb:set package 'rarm' build argument 'cmake_target' from command line to 'None'
[0.538s] Level 5:colcon.colcon_core.verb:set package 'rarm' build argument 'cmake_target_skip_unavailable' from command line to 'False'
[0.538s] Level 5:colcon.colcon_core.verb:set package 'rarm' build argument 'cmake_clean_cache' from command line to 'False'
[0.538s] Level 5:colcon.colcon_core.verb:set package 'rarm' build argument 'cmake_clean_first' from command line to 'False'
[0.538s] Level 5:colcon.colcon_core.verb:set package 'rarm' build argument 'cmake_force_configure' from command line to 'False'
[0.538s] Level 5:colcon.colcon_core.verb:set package 'rarm' build argument 'ament_cmake_args' from command line to 'None'
[0.538s] Level 5:colcon.colcon_core.verb:set package 'rarm' build argument 'catkin_cmake_args' from command line to 'None'
[0.538s] Level 5:colcon.colcon_core.verb:set package 'rarm' build argument 'catkin_skip_building_tests' from command line to 'False'
[0.538s] DEBUG:colcon.colcon_core.verb:Building package 'rarm' with the following arguments: {'ament_cmake_args': None, 'build_base': '/home/malith/rarm_ws/build/rarm', 'catkin_cmake_args': None, 'catkin_skip_building_tests': False, 'cmake_args': None, 'cmake_clean_cache': False, 'cmake_clean_first': False, 'cmake_force_configure': False, 'cmake_target': None, 'cmake_target_skip_unavailable': False, 'install_base': '/home/malith/rarm_ws/install/rarm', 'merge_install': False, 'path': '/home/malith/rarm_ws/src/rarm', 'symlink_install': False, 'test_result_base': None}
[0.539s] Level 5:colcon.colcon_core.verb:set package 'rarm_mvoeit' build argument 'cmake_args' from command line to 'None'
[0.539s] Level 5:colcon.colcon_core.verb:set package 'rarm_mvoeit' build argument 'cmake_target' from command line to 'None'
[0.539s] Level 5:colcon.colcon_core.verb:set package 'rarm_mvoeit' build argument 'cmake_target_skip_unavailable' from command line to 'False'
[0.540s] Level 5:colcon.colcon_core.verb:set package 'rarm_mvoeit' build argument 'cmake_clean_cache' from command line to 'False'
[0.540s] Level 5:colcon.colcon_core.verb:set package 'rarm_mvoeit' build argument 'cmake_clean_first' from command line to 'False'
[0.540s] Level 5:colcon.colcon_core.verb:set package 'rarm_mvoeit' build argument 'cmake_force_configure' from command line to 'False'
[0.540s] Level 5:colcon.colcon_core.verb:set package 'rarm_mvoeit' build argument 'ament_cmake_args' from command line to 'None'
[0.540s] Level 5:colcon.colcon_core.verb:set package 'rarm_mvoeit' build argument 'catkin_cmake_args' from command line to 'None'
[0.540s] Level 5:colcon.colcon_core.verb:set package 'rarm_mvoeit' build argument 'catkin_skip_building_tests' from command line to 'False'
[0.540s] DEBUG:colcon.colcon_core.verb:Building package 'rarm_mvoeit' with the following arguments: {'ament_cmake_args': None, 'build_base': '/home/malith/rarm_ws/build/rarm_mvoeit', 'catkin_cmake_args': None, 'catkin_skip_building_tests': False, 'cmake_args': None, 'cmake_clean_cache': False, 'cmake_clean_first': False, 'cmake_force_configure': False, 'cmake_target': None, 'cmake_target_skip_unavailable': False, 'install_base': '/home/malith/rarm_ws/install/rarm_mvoeit', 'merge_install': False, 'path': '/home/malith/rarm_ws/src/rarm_mvoeit', 'symlink_install': False, 'test_result_base': None}
[0.540s] INFO:colcon.colcon_core.executor:Executing jobs using 'parallel' executor
[0.543s] DEBUG:colcon.colcon_parallel_executor.executor.parallel:run_until_complete
[0.544s] INFO:colcon.colcon_ros.task.ament_cmake.build:Building ROS package in '/home/malith/rarm_ws/src/rarm' with build type 'ament_cmake'
[0.544s] INFO:colcon.colcon_cmake.task.cmake.build:Building CMake package in '/home/malith/rarm_ws/src/rarm'
[0.548s] INFO:colcon.colcon_core.plugin_system:Skipping extension 'colcon_core.shell.bat': Not used on non-Windows systems
[0.548s] DEBUG:colcon.colcon_core.shell:Skip shell extension 'dsv' for command environment
[0.558s] INFO:colcon.colcon_ros.task.ament_cmake.build:Building ROS package in '/home/malith/rarm_ws/src/rarm_mvoeit' with build type 'ament_cmake'
[0.558s] INFO:colcon.colcon_cmake.task.cmake.build:Building CMake package in '/home/malith/rarm_ws/src/rarm_mvoeit'
[0.559s] DEBUG:colcon.colcon_core.shell:Skip shell extension 'dsv' for command environment
[0.605s] DEBUG:colcon.colcon_core.event_handler.log_command:Invoking command in '/home/malith/rarm_ws/build/rarm': CMAKE_PREFIX_PATH=${CMAKE_PREFIX_PATH}:/opt/ros/jazzy /usr/bin/cmake --build /home/malith/rarm_ws/build/rarm -- -j8 -l8
[0.628s] DEBUG:colcon.colcon_core.event_handler.log_command:Invoking command in '/home/malith/rarm_ws/build/rarm_mvoeit': CMAKE_PREFIX_PATH=${CMAKE_PREFIX_PATH}:/opt/ros/jazzy /usr/bin/cmake --build /home/malith/rarm_ws/build/rarm_mvoeit -- -j8 -l8
[0.721s] DEBUG:colcon.colcon_core.event_handler.log_command:Invoked command in '/home/malith/rarm_ws/build/rarm' returned '0': CMAKE_PREFIX_PATH=${CMAKE_PREFIX_PATH}:/opt/ros/jazzy /usr/bin/cmake --build /home/malith/rarm_ws/build/rarm -- -j8 -l8
[0.736s] DEBUG:colcon.colcon_core.event_handler.log_command:Invoking command in '/home/malith/rarm_ws/build/rarm': CMAKE_PREFIX_PATH=${CMAKE_PREFIX_PATH}:/opt/ros/jazzy /usr/bin/cmake --install /home/malith/rarm_ws/build/rarm
[0.800s] Level 1:colcon.colcon_core.environment:create_environment_scripts_only(rarm)
[0.808s] Level 1:colcon.colcon_core.environment:checking '/home/malith/rarm_ws/install/rarm' for CMake module files
[0.809s] Level 1:colcon.colcon_core.environment:checking '/home/malith/rarm_ws/install/rarm' for CMake config files
[0.810s] Level 1:colcon.colcon_core.shell:create_environment_hook('rarm', 'cmake_prefix_path')
[0.810s] INFO:colcon.colcon_core.shell:Creating environment descriptor '/home/malith/rarm_ws/install/rarm/share/rarm/hook/cmake_prefix_path.dsv'
[0.813s] INFO:colcon.colcon_core.shell:Creating environment hook '/home/malith/rarm_ws/install/rarm/share/rarm/hook/cmake_prefix_path.sh'
[0.817s] DEBUG:colcon.colcon_core.event_handler.log_command:Invoked command in '/home/malith/rarm_ws/build/rarm' returned '0': CMAKE_PREFIX_PATH=${CMAKE_PREFIX_PATH}:/opt/ros/jazzy /usr/bin/cmake --install /home/malith/rarm_ws/build/rarm
[0.819s] Level 1:colcon.colcon_core.environment:checking '/home/malith/rarm_ws/install/rarm/bin'
[0.819s] Level 1:colcon.colcon_core.environment:checking '/home/malith/rarm_ws/install/rarm/lib/pkgconfig/rarm.pc'
[0.826s] Level 1:colcon.colcon_core.environment:checking '/home/malith/rarm_ws/install/rarm/lib/python3.12/site-packages'
[0.827s] Level 1:colcon.colcon_core.environment:checking '/home/malith/rarm_ws/install/rarm/bin'
[0.828s] INFO:colcon.colcon_core.shell:Creating package descriptor '/home/malith/rarm_ws/install/rarm/share/rarm/package.dsv'
[0.829s] INFO:colcon.colcon_core.shell:Creating package script '/home/malith/rarm_ws/install/rarm/share/rarm/package.sh'
[0.830s] INFO:colcon.colcon_core.shell:Creating package script '/home/malith/rarm_ws/install/rarm/share/rarm/package.bash'
[0.831s] INFO:colcon.colcon_core.shell:Creating package script '/home/malith/rarm_ws/install/rarm/share/rarm/package.zsh'
[0.832s] Level 1:colcon.colcon_core.environment:create_file_with_runtime_dependencies(/home/malith/rarm_ws/install/rarm/share/colcon-core/packages/rarm)
[0.833s] Level 1:colcon.colcon_core.environment:create_environment_scripts_only(rarm)
[0.834s] Level 1:colcon.colcon_core.environment:checking '/home/malith/rarm_ws/install/rarm' for CMake module files
[0.835s] Level 1:colcon.colcon_core.environment:checking '/home/malith/rarm_ws/install/rarm' for CMake config files
[0.835s] Level 1:colcon.colcon_core.shell:create_environment_hook('rarm', 'cmake_prefix_path')
[0.836s] INFO:colcon.colcon_core.shell:Creating environment descriptor '/home/malith/rarm_ws/install/rarm/share/rarm/hook/cmake_prefix_path.dsv'
[0.847s] INFO:colcon.colcon_core.shell:Creating environment hook '/home/malith/rarm_ws/install/rarm/share/rarm/hook/cmake_prefix_path.sh'
[0.848s] Level 1:colcon.colcon_core.environment:checking '/home/malith/rarm_ws/install/rarm/bin'
[0.848s] Level 1:colcon.colcon_core.environment:checking '/home/malith/rarm_ws/install/rarm/lib/pkgconfig/rarm.pc'
[0.849s] Level 1:colcon.colcon_core.environment:checking '/home/malith/rarm_ws/install/rarm/lib/python3.12/site-packages'
[0.849s] Level 1:colcon.colcon_core.environment:checking '/home/malith/rarm_ws/install/rarm/bin'
[0.850s] INFO:colcon.colcon_core.shell:Creating package descriptor '/home/malith/rarm_ws/install/rarm/share/rarm/package.dsv'
[0.851s] INFO:colcon.colcon_core.shell:Creating package script '/home/malith/rarm_ws/install/rarm/share/rarm/package.sh'
[0.854s] INFO:colcon.colcon_core.shell:Creating package script '/home/malith/rarm_ws/install/rarm/share/rarm/package.bash'
[0.856s] INFO:colcon.colcon_core.shell:Creating package script '/home/malith/rarm_ws/install/rarm/share/rarm/package.zsh'
[0.857s] Level 1:colcon.colcon_core.environment:create_file_with_runtime_dependencies(/home/malith/rarm_ws/install/rarm/share/colcon-core/packages/rarm)
[0.862s] DEBUG:colcon.colcon_core.event_handler.log_command:Invoked command in '/home/malith/rarm_ws/build/rarm_mvoeit' returned '0': CMAKE_PREFIX_PATH=${CMAKE_PREFIX_PATH}:/opt/ros/jazzy /usr/bin/cmake --build /home/malith/rarm_ws/build/rarm_mvoeit -- -j8 -l8
[0.863s] DEBUG:colcon.colcon_core.event_handler.log_command:Invoking command in '/home/malith/rarm_ws/build/rarm_mvoeit': CMAKE_PREFIX_PATH=${CMAKE_PREFIX_PATH}:/opt/ros/jazzy /usr/bin/cmake --install /home/malith/rarm_ws/build/rarm_mvoeit
[0.894s] Level 1:colcon.colcon_core.environment:create_environment_scripts_only(rarm_mvoeit)
[0.897s] Level 1:colcon.colcon_core.environment:checking '/home/malith/rarm_ws/install/rarm_mvoeit' for CMake module files
[0.898s] Level 1:colcon.colcon_core.environment:checking '/home/malith/rarm_ws/install/rarm_mvoeit' for CMake config files
[0.898s] Level 1:colcon.colcon_core.shell:create_environment_hook('rarm_mvoeit', 'cmake_prefix_path')
[0.898s] INFO:colcon.colcon_core.shell:Creating environment descriptor '/home/malith/rarm_ws/install/rarm_mvoeit/share/rarm_mvoeit/hook/cmake_prefix_path.dsv'
[0.899s] INFO:colcon.colcon_core.shell:Creating environment hook '/home/malith/rarm_ws/install/rarm_mvoeit/share/rarm_mvoeit/hook/cmake_prefix_path.sh'
[0.900s] Level 1:colcon.colcon_core.environment:checking '/home/malith/rarm_ws/install/rarm_mvoeit/lib'
[0.901s] Level 1:colcon.colcon_core.environment:checking '/home/malith/rarm_ws/install/rarm_mvoeit/bin'
[0.902s] Level 1:colcon.colcon_core.environment:checking '/home/malith/rarm_ws/install/rarm_mvoeit/lib/pkgconfig/rarm_mvoeit.pc'
[0.902s] Level 1:colcon.colcon_core.environment:checking '/home/malith/rarm_ws/install/rarm_mvoeit/lib/python3.12/site-packages'
[0.903s] Level 1:colcon.colcon_core.environment:checking '/home/malith/rarm_ws/install/rarm_mvoeit/bin'
[0.904s] INFO:colcon.colcon_core.shell:Creating package descriptor '/home/malith/rarm_ws/install/rarm_mvoeit/share/rarm_mvoeit/package.dsv'
[0.904s] INFO:colcon.colcon_core.shell:Creating package script '/home/malith/rarm_ws/install/rarm_mvoeit/share/rarm_mvoeit/package.sh'
[0.906s] INFO:colcon.colcon_core.shell:Creating package script '/home/malith/rarm_ws/install/rarm_mvoeit/share/rarm_mvoeit/package.bash'
[0.906s] INFO:colcon.colcon_core.shell:Creating package script '/home/malith/rarm_ws/install/rarm_mvoeit/share/rarm_mvoeit/package.zsh'
[0.907s] Level 1:colcon.colcon_core.environment:create_file_with_runtime_dependencies(/home/malith/rarm_ws/install/rarm_mvoeit/share/colcon-core/packages/rarm_mvoeit)
[0.908s] Level 1:colcon.colcon_core.environment:create_environment_scripts_only(rarm_mvoeit)
[0.909s] Level 1:colcon.colcon_core.environment:checking '/home/malith/rarm_ws/install/rarm_mvoeit' for CMake module files
[0.910s] Level 1:colcon.colcon_core.environment:checking '/home/malith/rarm_ws/install/rarm_mvoeit' for CMake config files
[0.910s] Level 1:colcon.colcon_core.shell:create_environment_hook('rarm_mvoeit', 'cmake_prefix_path')
[0.912s] INFO:colcon.colcon_core.shell:Creating environment descriptor '/home/malith/rarm_ws/install/rarm_mvoeit/share/rarm_mvoeit/hook/cmake_prefix_path.dsv'
[0.913s] INFO:colcon.colcon_core.shell:Creating environment hook '/home/malith/rarm_ws/install/rarm_mvoeit/share/rarm_mvoeit/hook/cmake_prefix_path.sh'
[0.915s] Level 1:colcon.colcon_core.environment:checking '/home/malith/rarm_ws/install/rarm_mvoeit/lib'
[0.916s] DEBUG:colcon.colcon_core.event_handler.log_command:Invoked command in '/home/malith/rarm_ws/build/rarm_mvoeit' returned '0': CMAKE_PREFIX_PATH=${CMAKE_PREFIX_PATH}:/opt/ros/jazzy /usr/bin/cmake --install /home/malith/rarm_ws/build/rarm_mvoeit
[0.916s] Level 1:colcon.colcon_core.environment:checking '/home/malith/rarm_ws/install/rarm_mvoeit/bin'
[0.916s] Level 1:colcon.colcon_core.environment:checking '/home/malith/rarm_ws/install/rarm_mvoeit/lib/pkgconfig/rarm_mvoeit.pc'
[0.917s] Level 1:colcon.colcon_core.environment:checking '/home/malith/rarm_ws/install/rarm_mvoeit/lib/python3.12/site-packages'
[0.918s] Level 1:colcon.colcon_core.environment:checking '/home/malith/rarm_ws/install/rarm_mvoeit/bin'
[0.918s] INFO:colcon.colcon_core.shell:Creating package descriptor '/home/malith/rarm_ws/install/rarm_mvoeit/share/rarm_mvoeit/package.dsv'
[0.919s] INFO:colcon.colcon_core.shell:Creating package script '/home/malith/rarm_ws/install/rarm_mvoeit/share/rarm_mvoeit/package.sh'
[0.920s] INFO:colcon.colcon_core.shell:Creating package script '/home/malith/rarm_ws/install/rarm_mvoeit/share/rarm_mvoeit/package.bash'
[0.921s] INFO:colcon.colcon_core.shell:Creating package script '/home/malith/rarm_ws/install/rarm_mvoeit/share/rarm_mvoeit/package.zsh'
[0.922s] Level 1:colcon.colcon_core.environment:create_file_with_runtime_dependencies(/home/malith/rarm_ws/install/rarm_mvoeit/share/colcon-core/packages/rarm_mvoeit)
[0.922s] DEBUG:colcon.colcon_parallel_executor.executor.parallel:closing loop
[0.923s] DEBUG:colcon.colcon_parallel_executor.executor.parallel:loop closed
[0.923s] DEBUG:colcon.colcon_parallel_executor.executor.parallel:run_until_complete finished with '0'
[0.923s] DEBUG:colcon.colcon_core.event_reactor:joining thread
[1.044s] INFO:colcon.colcon_core.plugin_system:Skipping extension 'colcon_notification.desktop_notification.notify_send': Could not find 'notify-send'
[1.044s] INFO:colcon.colcon_core.plugin_system:Skipping extension 'colcon_notification.desktop_notification.terminal_notifier': Not used on non-Darwin systems
[1.044s] INFO:colcon.colcon_core.plugin_system:Skipping extension 'colcon_notification.desktop_notification.win32': Not used on non-Windows systems
[1.044s] INFO:colcon.colcon_notification.desktop_notification:Sending desktop notification using 'notify2'
[1.046s] DEBUG:colcon.colcon_notification.desktop_notification.notify2:Failed to initialize notify2: org.freedesktop.DBus.Error.ServiceUnknown: The name org.freedesktop.Notifications was not provided by any .service files
[1.051s] DEBUG:colcon.colcon_core.event_reactor:joined thread
[1.052s] INFO:colcon.colcon_core.shell:Creating prefix script '/home/malith/rarm_ws/install/local_setup.sh'
[1.053s] INFO:colcon.colcon_core.shell:Creating prefix util module '/home/malith/rarm_ws/install/_local_setup_util_sh.py'
[1.055s] INFO:colcon.colcon_core.shell:Creating prefix chain script '/home/malith/rarm_ws/install/setup.sh'
[1.058s] INFO:colcon.colcon_core.shell:Creating prefix script '/home/malith/rarm_ws/install/local_setup.bash'
[1.059s] INFO:colcon.colcon_core.shell:Creating prefix chain script '/home/malith/rarm_ws/install/setup.bash'
[1.062s] INFO:colcon.colcon_core.shell:Creating prefix script '/home/malith/rarm_ws/install/local_setup.zsh'
[1.063s] INFO:colcon.colcon_core.shell:Creating prefix chain script '/home/malith/rarm_ws/install/setup.zsh'
