[0.029s] Invoking command in '/home/malith/rarm_ws/build/rarm_mvoeit': CMAKE_PREFIX_PATH=${CMAKE_PREFIX_PATH}:/opt/ros/jazzy /usr/bin/cmake --build /home/malith/rarm_ws/build/rarm_mvoeit -- -j8 -l8
[0.081s] -- Found ament_cmake: 2.5.4 (/opt/ros/jazzy/share/ament_cmake/cmake)
[0.551s] -- Found rclcpp: 28.1.13 (/opt/ros/jazzy/share/rclcpp/cmake)
[0.929s] -- Found rosidl_generator_c: 4.6.6 (/opt/ros/jazzy/share/rosidl_generator_c/cmake)
[0.947s] -- Found rosidl_generator_cpp: 4.6.6 (/opt/ros/jazzy/share/rosidl_generator_cpp/cmake)
[0.971s] -- Using all available rosidl_typesupport_c: rosidl_typesupport_fastrtps_c;rosidl_typesupport_introspection_c
[1.000s] -- Using all available rosidl_typesupport_cpp: rosidl_typesupport_fastrtps_cpp;rosidl_typesupport_introspection_cpp
[1.130s] -- Found rmw_implementation_cmake: 7.3.2 (/opt/ros/jazzy/share/rmw_implementation_cmake/cmake)
[1.134s] -- Found rmw_fastrtps_cpp: 8.4.3 (/opt/ros/jazzy/share/rmw_fastrtps_cpp/cmake)
[1.735s] -- Using RMW implementation 'rmw_fastrtps_cpp' as default
[2.196s] -- Found rclcpp_action: 28.1.13 (/opt/ros/jazzy/share/rclcpp_action/cmake)
[2.283s] -- Found control_msgs: 5.5.0 (/opt/ros/jazzy/share/control_msgs/cmake)
[2.609s] -- Found ament_lint_auto: 0.17.3 (/opt/ros/jazzy/share/ament_lint_auto/cmake)
[2.865s] -- Added test 'cppcheck' to perform static code analysis on C / C++ code
[2.865s] -- Configured cppcheck include dirs: 
[2.865s] -- Configured cppcheck exclude dirs and/or files: 
[2.869s] -- Added test 'flake8' to check Python code syntax and style conventions
[2.869s] -- Configured 'flake8' exclude dirs and/or files: 
[2.870s] -- Added test 'lint_cmake' to check CMake code style
[2.870s] -- Added test 'pep257' to check Python code against some of the docstring style conventions in PEP 257
[2.871s] -- Added test 'uncrustify' to check C / C++ code style
[2.872s] -- Configured uncrustify additional arguments: 
[2.872s] -- Added test 'xmllint' to check XML markup files
[2.875s] -- Configuring done (2.8s)
[2.920s] -- Generating done (0.0s)
[2.936s] -- Build files have been written to: /home/malith/rarm_ws/build/rarm_mvoeit
[3.072s] [100%] Built target arm_gripper_loop_controller
[3.110s] Invoked command in '/home/malith/rarm_ws/build/rarm_mvoeit' returned '0': CMAKE_PREFIX_PATH=${CMAKE_PREFIX_PATH}:/opt/ros/jazzy /usr/bin/cmake --build /home/malith/rarm_ws/build/rarm_mvoeit -- -j8 -l8
[3.114s] Invoking command in '/home/malith/rarm_ws/build/rarm_mvoeit': CMAKE_PREFIX_PATH=${CMAKE_PREFIX_PATH}:/opt/ros/jazzy /usr/bin/cmake --install /home/malith/rarm_ws/build/rarm_mvoeit
[3.131s] -- Install configuration: ""
[3.131s] -- Up-to-date: /home/malith/rarm_ws/install/rarm_mvoeit/share/rarm_mvoeit/scripts
[3.132s] -- Up-to-date: /home/malith/rarm_ws/install/rarm_mvoeit/share/rarm_mvoeit/scripts/arm_gripper_loop_controller.py:Zone.Identifier
[3.132s] -- Up-to-date: /home/malith/rarm_ws/install/rarm_mvoeit/share/rarm_mvoeit/scripts/__pycache__
[3.132s] -- Up-to-date: /home/malith/rarm_ws/install/rarm_mvoeit/share/rarm_mvoeit/scripts/__pycache__/trajectory_planing.cpython-312.pyc
[3.132s] -- Up-to-date: /home/malith/rarm_ws/install/rarm_mvoeit/share/rarm_mvoeit/scripts/arm_gripper_loop_controller copy.py
[3.132s] -- Up-to-date: /home/malith/rarm_ws/install/rarm_mvoeit/share/rarm_mvoeit/scripts/arm_gripper_loop_controller.py
[3.132s] -- Installing: /home/malith/rarm_ws/install/rarm_mvoeit/share/rarm_mvoeit/scripts/tests
[3.133s] -- Installing: /home/malith/rarm_ws/install/rarm_mvoeit/share/rarm_mvoeit/scripts/tests/trajectory_planing_copy.py
[3.133s] -- Installing: /home/malith/rarm_ws/install/rarm_mvoeit/share/rarm_mvoeit/scripts/tests/test_motion.py
[3.133s] -- Up-to-date: /home/malith/rarm_ws/install/rarm_mvoeit/share/rarm_mvoeit/scripts/test.py
[3.134s] -- Up-to-date: /home/malith/rarm_ws/install/rarm_mvoeit/share/rarm_mvoeit/scripts/trajectory_planing.py
[3.134s] -- Up-to-date: /home/malith/rarm_ws/install/rarm_mvoeit/share/rarm_mvoeit/src
[3.134s] -- Up-to-date: /home/malith/rarm_ws/install/rarm_mvoeit/share/rarm_mvoeit/src/arm_gripper_loop_controller.cpp
[3.134s] -- Up-to-date: /home/malith/rarm_ws/install/rarm_mvoeit/lib/rarm_mvoeit/arm_gripper_loop_controller
[3.134s] -- Up-to-date: /home/malith/rarm_ws/install/rarm_mvoeit/lib/rarm_mvoeit/arm_gripper_loop_controller.py
[3.134s] -- Up-to-date: /home/malith/rarm_ws/install/rarm_mvoeit/lib/rarm_mvoeit/trajectory_planing.py
[3.137s] [31mCMake Error at cmake_install.cmake:85 (file):
[3.138s]   file INSTALL cannot find
[3.138s]   "/home/malith/rarm_ws/src/rarm_mvoeit/scripts/*.py": No such file or
[3.139s]   directory.
[3.139s] 
[3.140s] [0m
[3.140s] Invoked command in '/home/malith/rarm_ws/build/rarm_mvoeit' returned '1': CMAKE_PREFIX_PATH=${CMAKE_PREFIX_PATH}:/opt/ros/jazzy /usr/bin/cmake --install /home/malith/rarm_ws/build/rarm_mvoeit
