[0.012s] Invoking command in '/home/malith/rarm_ws/build/rarm': CMAKE_PREFIX_PATH=${CMAKE_PREFIX_PATH}:/opt/ros/jazzy /usr/bin/cmake /home/malith/rarm_ws/src/rarm -DCMAKE_INSTALL_PREFIX=/home/malith/rarm_ws/install/rarm
[0.092s] -- The C compiler identification is GNU 13.3.0
[0.529s] -- The CXX compiler identification is GNU 13.3.0
[0.975s] -- Detecting C compiler ABI info
[1.163s] -- Detecting C compiler ABI info - done
[1.170s] -- Check for working C compiler: /usr/bin/cc - skipped
[1.171s] -- Detecting C compile features
[1.171s] -- Detecting C compile features - done
[1.245s] -- Detecting CXX compiler ABI info
[1.454s] -- Detecting CXX compiler ABI info - done
[1.461s] -- Check for working CXX compiler: /usr/bin/c++ - skipped
[1.461s] -- Detecting CXX compile features
[1.461s] -- Detecting CXX compile features - done
[1.465s] -- Found ament_cmake: 2.5.4 (/opt/ros/jazzy/share/ament_cmake/cmake)
[1.587s] -- Found Python3: /usr/bin/python3 (found version "3.12.3") found components: Interpreter 
[1.684s] -- Found controller_manager: 4.39.2 (/opt/ros/jazzy/share/controller_manager/cmake)
[1.853s] -- Found rosidl_generator_c: 4.6.6 (/opt/ros/jazzy/share/rosidl_generator_c/cmake)
[1.869s] -- Found rosidl_generator_cpp: 4.6.6 (/opt/ros/jazzy/share/rosidl_generator_cpp/cmake)
[1.882s] -- Using all available rosidl_typesupport_c: rosidl_typesupport_fastrtps_c;rosidl_typesupport_introspection_c
[1.899s] -- Using all available rosidl_typesupport_cpp: rosidl_typesupport_fastrtps_cpp;rosidl_typesupport_introspection_cpp
[1.961s] -- Found rmw_implementation_cmake: 7.3.2 (/opt/ros/jazzy/share/rmw_implementation_cmake/cmake)
[1.964s] -- Found rmw_fastrtps_cpp: 8.4.3 (/opt/ros/jazzy/share/rmw_fastrtps_cpp/cmake)
[2.024s] -- Found OpenSSL: /usr/lib/x86_64-linux-gnu/libcrypto.so (found version "3.0.13")  
[2.173s] -- Found FastRTPS: /opt/ros/jazzy/include (Required is at least version "2.13") 
[2.253s] -- Using RMW implementation 'rmw_fastrtps_cpp' as default
[2.991s] -- Found gripper_controllers: 4.34.0 (/opt/ros/jazzy/share/gripper_controllers/cmake)
[3.067s] -- Found eigen3_cmake_module: 0.3.0 (/opt/ros/jazzy/share/eigen3_cmake_module/cmake)
[3.069s] -- Found Eigen3: TRUE (found version "3.4.0") 
[3.069s] -- Ensuring Eigen3 include directory is part of orocos-kdl CMake target
[3.211s] -- Found gz_ros2_control: 1.2.16 (/opt/ros/jazzy/share/gz_ros2_control/cmake)
[3.226s] -- Found ros_gz: 1.0.16 (/opt/ros/jazzy/share/ros_gz/cmake)
[3.229s] -- Found ros_gz_bridge: 1.0.16 (/opt/ros/jazzy/share/ros_gz_bridge/cmake)
[3.260s] -- Looking for gz-msgs10 -- found version 10.3.2
[3.275s] -- Searching for dependencies of gz-msgs10
[4.324s] -- Found Protobuf: /usr/lib/x86_64-linux-gnu/libprotobuf.so (found version "3.21.12") 
[4.328s] -- Looking for gz-utils2 -- found version 2.2.1
[4.329s] -- Searching for dependencies of gz-utils2
[4.332s] -- Looking for gz-math7 -- found version 7.5.2
[4.332s] -- Searching for dependencies of gz-math7
[4.332s] -- Looking for gz-utils2 -- found version 2.2.1
[4.338s] -- Checking for module 'tinyxml2'
[4.349s] --   Found tinyxml2, version 10.0.0
[4.386s] -- Looking for gz-transport13 -- found version 13.5.0
[4.386s] -- Searching for dependencies of gz-transport13
[5.821s] -- Config-file not installed for ZeroMQ -- checking for pkg-config
[5.825s] -- Checking for module 'libzmq >= 4'
[5.836s] --   Found libzmq, version 4.3.5
[5.869s] -- Found ZeroMQ: TRUE (Required is at least version "4") 
[5.912s] -- Checking for module 'uuid'
[5.925s] --   Found uuid, version 2.39.3
[5.947s] -- Found UUID: TRUE  
[5.948s] -- Looking for gz-utils2 -- found version 2.2.1
[5.948s] -- Searching for dependencies of gz-utils2
[5.948s] -- Searching for <gz-utils2> component [cli]
[5.951s] -- Looking for gz-utils2-cli -- found version 2.2.1
[5.951s] -- Searching for dependencies of gz-utils2-cli
[5.952s] -- Looking for gz-msgs10 -- found version 10.3.2
[6.122s] -- Found ros_gz_image: 1.0.16 (/opt/ros/jazzy/share/ros_gz_image/cmake)
[6.126s] -- Found ros_gz_sim: 1.0.16 (/opt/ros/jazzy/share/ros_gz_sim/cmake)
[6.137s] -- Found ros2_control: 4.39.2 (/opt/ros/jazzy/share/ros2_control/cmake)
[6.141s] -- Found ros2_controllers: 4.34.0 (/opt/ros/jazzy/share/ros2_controllers/cmake)
[6.145s] -- Found xacro: 2.1.1 (/opt/ros/jazzy/share/xacro/cmake)
[6.148s] -- Found ament_lint_auto: 0.17.3 (/opt/ros/jazzy/share/ament_lint_auto/cmake)
[6.229s] -- Added test 'flake8' to check Python code syntax and style conventions
[6.229s] -- Configured 'flake8' exclude dirs and/or files: 
[6.231s] -- Added test 'lint_cmake' to check CMake code style
[6.233s] -- Added test 'pep257' to check Python code against some of the docstring style conventions in PEP 257
[6.234s] -- Added test 'xmllint' to check XML markup files
[6.235s] -- Configuring done (6.2s)
[6.240s] -- Generating done (0.0s)
[6.243s] -- Build files have been written to: /home/malith/rarm_ws/build/rarm
[6.255s] Invoked command in '/home/malith/rarm_ws/build/rarm' returned '0': CMAKE_PREFIX_PATH=${CMAKE_PREFIX_PATH}:/opt/ros/jazzy /usr/bin/cmake /home/malith/rarm_ws/src/rarm -DCMAKE_INSTALL_PREFIX=/home/malith/rarm_ws/install/rarm
[6.256s] Invoking command in '/home/malith/rarm_ws/build/rarm': CMAKE_PREFIX_PATH=${CMAKE_PREFIX_PATH}:/opt/ros/jazzy /usr/bin/cmake --build /home/malith/rarm_ws/build/rarm -- -j8 -l8
[6.283s] Invoked command in '/home/malith/rarm_ws/build/rarm' returned '0': CMAKE_PREFIX_PATH=${CMAKE_PREFIX_PATH}:/opt/ros/jazzy /usr/bin/cmake --build /home/malith/rarm_ws/build/rarm -- -j8 -l8
[6.284s] Invoking command in '/home/malith/rarm_ws/build/rarm': CMAKE_PREFIX_PATH=${CMAKE_PREFIX_PATH}:/opt/ros/jazzy /usr/bin/cmake --install /home/malith/rarm_ws/build/rarm
[6.289s] -- Install configuration: ""
[6.289s] -- Installing: /home/malith/rarm_ws/install/rarm/share/rarm/meshes
[6.289s] -- Installing: /home/malith/rarm_ws/install/rarm/share/rarm/meshes/L2.STL
[6.294s] -- Installing: /home/malith/rarm_ws/install/rarm/share/rarm/meshes/L6.STL
[6.295s] -- Installing: /home/malith/rarm_ws/install/rarm/share/rarm/meshes/L1.STL:Zone.Identifier
[6.295s] -- Installing: /home/malith/rarm_ws/install/rarm/share/rarm/meshes/L7.STL
[6.296s] -- Installing: /home/malith/rarm_ws/install/rarm/share/rarm/meshes/base_link.STL
[6.300s] -- Installing: /home/malith/rarm_ws/install/rarm/share/rarm/meshes/L3.STL
[6.302s] -- Installing: /home/malith/rarm_ws/install/rarm/share/rarm/meshes/L5.STL:Zone.Identifier
[6.302s] -- Installing: /home/malith/rarm_ws/install/rarm/share/rarm/meshes/L4.STL
[6.305s] -- Installing: /home/malith/rarm_ws/install/rarm/share/rarm/meshes/base_link.STL:Zone.Identifier
[6.305s] -- Installing: /home/malith/rarm_ws/install/rarm/share/rarm/meshes/L1.STL
[6.307s] -- Installing: /home/malith/rarm_ws/install/rarm/share/rarm/meshes/L2.STL:Zone.Identifier
[6.307s] -- Installing: /home/malith/rarm_ws/install/rarm/share/rarm/meshes/L5.STL
[6.308s] -- Installing: /home/malith/rarm_ws/install/rarm/share/rarm/meshes/L3.STL:Zone.Identifier
[6.308s] -- Installing: /home/malith/rarm_ws/install/rarm/share/rarm/meshes/L4.STL:Zone.Identifier
[6.308s] -- Installing: /home/malith/rarm_ws/install/rarm/share/rarm/meshes/L6.STL:Zone.Identifier
[6.309s] -- Installing: /home/malith/rarm_ws/install/rarm/share/rarm/meshes/L8.STL
[6.309s] -- Installing: /home/malith/rarm_ws/install/rarm/share/rarm/meshes/L7.STL:Zone.Identifier
[6.309s] -- Installing: /home/malith/rarm_ws/install/rarm/share/rarm/meshes/L8.STL:Zone.Identifier
[6.309s] -- Installing: /home/malith/rarm_ws/install/rarm/share/rarm/urdf
[6.309s] -- Installing: /home/malith/rarm_ws/install/rarm/share/rarm/urdf/GP7.urdf.xacro
[6.309s] -- Installing: /home/malith/rarm_ws/install/rarm/share/rarm/urdf/gazebo_sim_ros2_control.urdf.xacro
[6.310s] -- Installing: /home/malith/rarm_ws/install/rarm/share/rarm/urdf/GP7_ros2_control.urdf.xacro
[6.310s] -- Installing: /home/malith/rarm_ws/install/rarm/share/rarm/urdf/GP7_Robot_A1_ZAxis_A2.urdf.xacro
[6.310s] -- Installing: /home/malith/rarm_ws/install/rarm/share/rarm/launch
[6.311s] -- Installing: /home/malith/rarm_ws/install/rarm/share/rarm/launch/GP7.gazebo.launch.py
[6.311s] -- Installing: /home/malith/rarm_ws/install/rarm/share/rarm/launch/load_ros2_controllers.launch.py
[6.311s] -- Installing: /home/malith/rarm_ws/install/rarm/share/rarm/launch/robot_state_publisher.launch.py
[6.311s] -- Installing: /home/malith/rarm_ws/install/rarm/share/rarm/rviz
[6.311s] -- Installing: /home/malith/rarm_ws/install/rarm/share/rarm/rviz/robot_config.rviz
[6.312s] -- Installing: /home/malith/rarm_ws/install/rarm/share/rarm/worlds
[6.312s] -- Installing: /home/malith/rarm_ws/install/rarm/share/rarm/worlds/box.world
[6.312s] -- Installing: /home/malith/rarm_ws/install/rarm/share/rarm/worlds/empty.world
[6.312s] -- Installing: /home/malith/rarm_ws/install/rarm/share/rarm/worlds/pick_and_place_demo.world
[6.312s] -- Installing: /home/malith/rarm_ws/install/rarm/share/rarm/config
[6.312s] -- Installing: /home/malith/rarm_ws/install/rarm/share/rarm/config/ros_gz_bridge.yaml
[6.313s] -- Installing: /home/malith/rarm_ws/install/rarm/share/rarm/config/ros2_controllers_template.yaml
[6.313s] -- Installing: /home/malith/rarm_ws/install/rarm/share/rarm/config/ros2_controllers.yaml
[6.313s] -- Installing: /home/malith/rarm_ws/install/rarm/share/rarm/bring_up
[6.313s] -- Installing: /home/malith/rarm_ws/install/rarm/share/rarm/bring_up/rsp.sh
[6.314s] -- Installing: /home/malith/rarm_ws/install/rarm/share/rarm/bring_up/gp7.sh
[6.314s] -- Installing: /home/malith/rarm_ws/install/rarm/share/ament_index/resource_index/package_run_dependencies/rarm
[6.314s] -- Installing: /home/malith/rarm_ws/install/rarm/share/ament_index/resource_index/parent_prefix_path/rarm
[6.314s] -- Installing: /home/malith/rarm_ws/install/rarm/share/rarm/environment/ament_prefix_path.sh
[6.314s] -- Installing: /home/malith/rarm_ws/install/rarm/share/rarm/environment/ament_prefix_path.dsv
[6.315s] -- Installing: /home/malith/rarm_ws/install/rarm/share/rarm/environment/path.sh
[6.315s] -- Installing: /home/malith/rarm_ws/install/rarm/share/rarm/environment/path.dsv
[6.315s] -- Installing: /home/malith/rarm_ws/install/rarm/share/rarm/local_setup.bash
[6.315s] -- Installing: /home/malith/rarm_ws/install/rarm/share/rarm/local_setup.sh
[6.315s] -- Installing: /home/malith/rarm_ws/install/rarm/share/rarm/local_setup.zsh
[6.315s] -- Installing: /home/malith/rarm_ws/install/rarm/share/rarm/local_setup.dsv
[6.316s] -- Installing: /home/malith/rarm_ws/install/rarm/share/rarm/package.dsv
[6.316s] -- Installing: /home/malith/rarm_ws/install/rarm/share/ament_index/resource_index/packages/rarm
[6.316s] -- Installing: /home/malith/rarm_ws/install/rarm/share/rarm/cmake/rarmConfig.cmake
[6.316s] -- Installing: /home/malith/rarm_ws/install/rarm/share/rarm/cmake/rarmConfig-version.cmake
[6.316s] -- Installing: /home/malith/rarm_ws/install/rarm/share/rarm/package.xml
[6.317s] Invoked command in '/home/malith/rarm_ws/build/rarm' returned '0': CMAKE_PREFIX_PATH=${CMAKE_PREFIX_PATH}:/opt/ros/jazzy /usr/bin/cmake --install /home/malith/rarm_ws/build/rarm
