[0.309s] DEBUG:colcon:Command line arguments: ['/usr/bin/colcon', 'build']
[0.309s] DEBUG:colcon:Parsed command line arguments: Namespace(log_base=None, log_level=None, verb_name='build', build_base='build', install_base='install', merge_install=False, symlink_install=False, test_result_base=None, continue_on_error=False, executor='parallel', parallel_workers=8, event_handlers=None, ignore_user_meta=False, metas=['./colcon.meta'], base_paths=['.'], packages_ignore=None, packages_ignore_regex=None, paths=None, packages_up_to=None, packages_up_to_regex=None, packages_above=None, packages_above_and_dependencies=None, packages_above_depth=None, packages_select_by_dep=None, packages_skip_by_dep=None, packages_skip_up_to=None, packages_select_build_failed=False, packages_skip_build_finished=False, packages_select_test_failures=False, packages_skip_test_passed=False, packages_select=None, packages_skip=None, packages_select_regex=None, packages_skip_regex=None, packages_start=None, packages_end=None, cmake_args=None, cmake_target=None, cmake_target_skip_unavailable=False, cmake_clean_cache=False, cmake_clean_first=False, cmake_force_configure=False, ament_cmake_args=None, catkin_cmake_args=None, catkin_skip_building_tests=False, verb_parser=<colcon_defaults.argument_parser.defaults.DefaultArgumentsDecorator object at 0x7fca92c6dfd0>, verb_extension=<colcon_core.verb.build.BuildVerb object at 0x7fca92c6dbe0>, main=<bound method BuildVerb.main of <colcon_core.verb.build.BuildVerb object at 0x7fca92c6dbe0>>)
[0.379s] Level 1:colcon.colcon_core.package_discovery:discover_packages(colcon_meta) check parameters
[0.379s] Level 1:colcon.colcon_core.package_discovery:discover_packages(recursive) check parameters
[0.382s] Level 1:colcon.colcon_core.package_discovery:discover_packages(ignore) check parameters
[0.382s] Level 1:colcon.colcon_core.package_discovery:discover_packages(path) check parameters
[0.382s] Level 1:colcon.colcon_core.package_discovery:discover_packages(colcon_meta) discover
[0.382s] Level 1:colcon.colcon_core.package_discovery:discover_packages(recursive) discover
[0.383s] INFO:colcon.colcon_core.package_discovery:Crawling recursively for packages in '/home/malith/rarm_ws'
[0.383s] Level 1:colcon.colcon_core.package_identification:_identify(.) by extensions ['ignore', 'ignore_ament_install']
[0.383s] Level 1:colcon.colcon_core.package_identification:_identify(.) by extension 'ignore'
[0.383s] Level 1:colcon.colcon_core.package_identification:_identify(.) by extension 'ignore_ament_install'
[0.383s] Level 1:colcon.colcon_core.package_identification:_identify(.) by extensions ['colcon_pkg']
[0.384s] Level 1:colcon.colcon_core.package_identification:_identify(.) by extension 'colcon_pkg'
[0.384s] Level 1:colcon.colcon_core.package_identification:_identify(.) by extensions ['colcon_meta']
[0.384s] Level 1:colcon.colcon_core.package_identification:_identify(.) by extension 'colcon_meta'
[0.384s] Level 1:colcon.colcon_core.package_identification:_identify(.) by extensions ['ros']
[0.384s] Level 1:colcon.colcon_core.package_identification:_identify(.) by extension 'ros'
[0.443s] Level 1:colcon.colcon_core.package_identification:_identify(.) by extensions ['cmake', 'python']
[0.444s] Level 1:colcon.colcon_core.package_identification:_identify(.) by extension 'cmake'
[0.444s] Level 1:colcon.colcon_core.package_identification:_identify(.) by extension 'python'
[0.444s] Level 1:colcon.colcon_core.package_identification:_identify(.) by extensions ['python_setup_py']
[0.444s] Level 1:colcon.colcon_core.package_identification:_identify(.) by extension 'python_setup_py'
[0.444s] Level 1:colcon.colcon_core.package_identification:_identify(build) by extensions ['ignore', 'ignore_ament_install']
[0.445s] Level 1:colcon.colcon_core.package_identification:_identify(build) by extension 'ignore'
[0.446s] Level 1:colcon.colcon_core.package_identification:_identify(build) ignored
[0.446s] Level 1:colcon.colcon_core.package_identification:_identify(install) by extensions ['ignore', 'ignore_ament_install']
[0.447s] Level 1:colcon.colcon_core.package_identification:_identify(install) by extension 'ignore'
[0.447s] Level 1:colcon.colcon_core.package_identification:_identify(install) ignored
[0.448s] Level 1:colcon.colcon_core.package_identification:_identify(log) by extensions ['ignore', 'ignore_ament_install']
[0.448s] Level 1:colcon.colcon_core.package_identification:_identify(log) by extension 'ignore'
[0.448s] Level 1:colcon.colcon_core.package_identification:_identify(log) ignored
[0.449s] Level 1:colcon.colcon_core.package_identification:_identify(src) by extensions ['ignore', 'ignore_ament_install']
[0.449s] Level 1:colcon.colcon_core.package_identification:_identify(src) by extension 'ignore'
[0.449s] Level 1:colcon.colcon_core.package_identification:_identify(src) by extension 'ignore_ament_install'
[0.449s] Level 1:colcon.colcon_core.package_identification:_identify(src) by extensions ['colcon_pkg']
[0.449s] Level 1:colcon.colcon_core.package_identification:_identify(src) by extension 'colcon_pkg'
[0.449s] Level 1:colcon.colcon_core.package_identification:_identify(src) by extensions ['colcon_meta']
[0.449s] Level 1:colcon.colcon_core.package_identification:_identify(src) by extension 'colcon_meta'
[0.449s] Level 1:colcon.colcon_core.package_identification:_identify(src) by extensions ['ros']
[0.449s] Level 1:colcon.colcon_core.package_identification:_identify(src) by extension 'ros'
[0.449s] Level 1:colcon.colcon_core.package_identification:_identify(src) by extensions ['cmake', 'python']
[0.449s] Level 1:colcon.colcon_core.package_identification:_identify(src) by extension 'cmake'
[0.450s] Level 1:colcon.colcon_core.package_identification:_identify(src) by extension 'python'
[0.450s] Level 1:colcon.colcon_core.package_identification:_identify(src) by extensions ['python_setup_py']
[0.450s] Level 1:colcon.colcon_core.package_identification:_identify(src) by extension 'python_setup_py'
[0.450s] Level 1:colcon.colcon_core.package_identification:_identify(src/rarm) by extensions ['ignore', 'ignore_ament_install']
[0.450s] Level 1:colcon.colcon_core.package_identification:_identify(src/rarm) by extension 'ignore'
[0.450s] Level 1:colcon.colcon_core.package_identification:_identify(src/rarm) by extension 'ignore_ament_install'
[0.450s] Level 1:colcon.colcon_core.package_identification:_identify(src/rarm) by extensions ['colcon_pkg']
[0.450s] Level 1:colcon.colcon_core.package_identification:_identify(src/rarm) by extension 'colcon_pkg'
[0.451s] Level 1:colcon.colcon_core.package_identification:_identify(src/rarm) by extensions ['colcon_meta']
[0.451s] Level 1:colcon.colcon_core.package_identification:_identify(src/rarm) by extension 'colcon_meta'
[0.451s] Level 1:colcon.colcon_core.package_identification:_identify(src/rarm) by extensions ['ros']
[0.451s] Level 1:colcon.colcon_core.package_identification:_identify(src/rarm) by extension 'ros'
[0.468s] DEBUG:colcon.colcon_core.package_identification:Package 'src/rarm' with type 'ros.ament_cmake' and name 'rarm'
[0.468s] Level 1:colcon.colcon_core.package_identification:_identify(src/rarm_mvoeit) by extensions ['ignore', 'ignore_ament_install']
[0.468s] Level 1:colcon.colcon_core.package_identification:_identify(src/rarm_mvoeit) by extension 'ignore'
[0.468s] Level 1:colcon.colcon_core.package_identification:_identify(src/rarm_mvoeit) by extension 'ignore_ament_install'
[0.469s] Level 1:colcon.colcon_core.package_identification:_identify(src/rarm_mvoeit) by extensions ['colcon_pkg']
[0.469s] Level 1:colcon.colcon_core.package_identification:_identify(src/rarm_mvoeit) by extension 'colcon_pkg'
[0.469s] Level 1:colcon.colcon_core.package_identification:_identify(src/rarm_mvoeit) by extensions ['colcon_meta']
[0.469s] Level 1:colcon.colcon_core.package_identification:_identify(src/rarm_mvoeit) by extension 'colcon_meta'
[0.469s] Level 1:colcon.colcon_core.package_identification:_identify(src/rarm_mvoeit) by extensions ['ros']
[0.469s] Level 1:colcon.colcon_core.package_identification:_identify(src/rarm_mvoeit) by extension 'ros'
[0.470s] DEBUG:colcon.colcon_core.package_identification:Package 'src/rarm_mvoeit' with type 'ros.ament_cmake' and name 'rarm_mvoeit'
[0.470s] Level 1:colcon.colcon_core.package_discovery:discover_packages(recursive) using defaults
[0.470s] Level 1:colcon.colcon_core.package_discovery:discover_packages(ignore) discover
[0.470s] Level 1:colcon.colcon_core.package_discovery:discover_packages(ignore) using defaults
[0.470s] Level 1:colcon.colcon_core.package_discovery:discover_packages(path) discover
[0.470s] Level 1:colcon.colcon_core.package_discovery:discover_packages(path) using defaults
[0.513s] Level 5:colcon.colcon_core.verb:set package 'rarm' build argument 'cmake_args' from command line to 'None'
[0.513s] Level 5:colcon.colcon_core.verb:set package 'rarm' build argument 'cmake_target' from command line to 'None'
[0.513s] Level 5:colcon.colcon_core.verb:set package 'rarm' build argument 'cmake_target_skip_unavailable' from command line to 'False'
[0.513s] Level 5:colcon.colcon_core.verb:set package 'rarm' build argument 'cmake_clean_cache' from command line to 'False'
[0.513s] Level 5:colcon.colcon_core.verb:set package 'rarm' build argument 'cmake_clean_first' from command line to 'False'
[0.513s] Level 5:colcon.colcon_core.verb:set package 'rarm' build argument 'cmake_force_configure' from command line to 'False'
[0.513s] Level 5:colcon.colcon_core.verb:set package 'rarm' build argument 'ament_cmake_args' from command line to 'None'
[0.513s] Level 5:colcon.colcon_core.verb:set package 'rarm' build argument 'catkin_cmake_args' from command line to 'None'
[0.513s] Level 5:colcon.colcon_core.verb:set package 'rarm' build argument 'catkin_skip_building_tests' from command line to 'False'
[0.513s] DEBUG:colcon.colcon_core.verb:Building package 'rarm' with the following arguments: {'ament_cmake_args': None, 'build_base': '/home/malith/rarm_ws/build/rarm', 'catkin_cmake_args': None, 'catkin_skip_building_tests': False, 'cmake_args': None, 'cmake_clean_cache': False, 'cmake_clean_first': False, 'cmake_force_configure': False, 'cmake_target': None, 'cmake_target_skip_unavailable': False, 'install_base': '/home/malith/rarm_ws/install/rarm', 'merge_install': False, 'path': '/home/malith/rarm_ws/src/rarm', 'symlink_install': False, 'test_result_base': None}
[0.514s] Level 5:colcon.colcon_core.verb:set package 'rarm_mvoeit' build argument 'cmake_args' from command line to 'None'
[0.514s] Level 5:colcon.colcon_core.verb:set package 'rarm_mvoeit' build argument 'cmake_target' from command line to 'None'
[0.514s] Level 5:colcon.colcon_core.verb:set package 'rarm_mvoeit' build argument 'cmake_target_skip_unavailable' from command line to 'False'
[0.514s] Level 5:colcon.colcon_core.verb:set package 'rarm_mvoeit' build argument 'cmake_clean_cache' from command line to 'False'
[0.514s] Level 5:colcon.colcon_core.verb:set package 'rarm_mvoeit' build argument 'cmake_clean_first' from command line to 'False'
[0.514s] Level 5:colcon.colcon_core.verb:set package 'rarm_mvoeit' build argument 'cmake_force_configure' from command line to 'False'
[0.514s] Level 5:colcon.colcon_core.verb:set package 'rarm_mvoeit' build argument 'ament_cmake_args' from command line to 'None'
[0.514s] Level 5:colcon.colcon_core.verb:set package 'rarm_mvoeit' build argument 'catkin_cmake_args' from command line to 'None'
[0.514s] Level 5:colcon.colcon_core.verb:set package 'rarm_mvoeit' build argument 'catkin_skip_building_tests' from command line to 'False'
[0.514s] DEBUG:colcon.colcon_core.verb:Building package 'rarm_mvoeit' with the following arguments: {'ament_cmake_args': None, 'build_base': '/home/malith/rarm_ws/build/rarm_mvoeit', 'catkin_cmake_args': None, 'catkin_skip_building_tests': False, 'cmake_args': None, 'cmake_clean_cache': False, 'cmake_clean_first': False, 'cmake_force_configure': False, 'cmake_target': None, 'cmake_target_skip_unavailable': False, 'install_base': '/home/malith/rarm_ws/install/rarm_mvoeit', 'merge_install': False, 'path': '/home/malith/rarm_ws/src/rarm_mvoeit', 'symlink_install': False, 'test_result_base': None}
[0.515s] INFO:colcon.colcon_core.executor:Executing jobs using 'parallel' executor
[0.516s] DEBUG:colcon.colcon_parallel_executor.executor.parallel:run_until_complete
[0.517s] INFO:colcon.colcon_ros.task.ament_cmake.build:Building ROS package in '/home/malith/rarm_ws/src/rarm' with build type 'ament_cmake'
[0.517s] INFO:colcon.colcon_cmake.task.cmake.build:Building CMake package in '/home/malith/rarm_ws/src/rarm'
[0.522s] INFO:colcon.colcon_core.plugin_system:Skipping extension 'colcon_core.shell.bat': Not used on non-Windows systems
[0.522s] DEBUG:colcon.colcon_core.shell:Skip shell extension 'dsv' for command environment
[0.533s] INFO:colcon.colcon_ros.task.ament_cmake.build:Building ROS package in '/home/malith/rarm_ws/src/rarm_mvoeit' with build type 'ament_cmake'
[0.534s] INFO:colcon.colcon_cmake.task.cmake.build:Building CMake package in '/home/malith/rarm_ws/src/rarm_mvoeit'
[0.535s] DEBUG:colcon.colcon_core.shell:Skip shell extension 'dsv' for command environment
[0.557s] DEBUG:colcon.colcon_core.event_handler.log_command:Invoking command in '/home/malith/rarm_ws/build/rarm': CMAKE_PREFIX_PATH=${CMAKE_PREFIX_PATH}:/opt/ros/jazzy /usr/bin/cmake --build /home/malith/rarm_ws/build/rarm -- -j8 -l8
[0.584s] DEBUG:colcon.colcon_core.event_handler.log_command:Invoking command in '/home/malith/rarm_ws/build/rarm_mvoeit': CMAKE_PREFIX_PATH=${CMAKE_PREFIX_PATH}:/opt/ros/jazzy /usr/bin/cmake --build /home/malith/rarm_ws/build/rarm_mvoeit -- -j8 -l8
[0.675s] DEBUG:colcon.colcon_core.event_handler.log_command:Invoked command in '/home/malith/rarm_ws/build/rarm' returned '0': CMAKE_PREFIX_PATH=${CMAKE_PREFIX_PATH}:/opt/ros/jazzy /usr/bin/cmake --build /home/malith/rarm_ws/build/rarm -- -j8 -l8
[0.697s] DEBUG:colcon.colcon_core.event_handler.log_command:Invoking command in '/home/malith/rarm_ws/build/rarm': CMAKE_PREFIX_PATH=${CMAKE_PREFIX_PATH}:/opt/ros/jazzy /usr/bin/cmake --install /home/malith/rarm_ws/build/rarm
[0.718s] Level 1:colcon.colcon_core.environment:create_environment_scripts_only(rarm)
[0.734s] DEBUG:colcon.colcon_core.event_handler.log_command:Invoked command in '/home/malith/rarm_ws/build/rarm' returned '0': CMAKE_PREFIX_PATH=${CMAKE_PREFIX_PATH}:/opt/ros/jazzy /usr/bin/cmake --install /home/malith/rarm_ws/build/rarm
[0.745s] Level 1:colcon.colcon_core.environment:checking '/home/malith/rarm_ws/install/rarm' for CMake module files
[0.746s] Level 1:colcon.colcon_core.environment:checking '/home/malith/rarm_ws/install/rarm' for CMake config files
[0.772s] Level 1:colcon.colcon_core.shell:create_environment_hook('rarm', 'cmake_prefix_path')
[0.773s] INFO:colcon.colcon_core.shell:Creating environment descriptor '/home/malith/rarm_ws/install/rarm/share/rarm/hook/cmake_prefix_path.dsv'
[0.783s] INFO:colcon.colcon_core.shell:Creating environment hook '/home/malith/rarm_ws/install/rarm/share/rarm/hook/cmake_prefix_path.sh'
[0.785s] Level 1:colcon.colcon_core.environment:checking '/home/malith/rarm_ws/install/rarm/bin'
[0.786s] Level 1:colcon.colcon_core.environment:checking '/home/malith/rarm_ws/install/rarm/lib/pkgconfig/rarm.pc'
[0.798s] Level 1:colcon.colcon_core.environment:checking '/home/malith/rarm_ws/install/rarm/lib/python3.12/site-packages'
[0.799s] Level 1:colcon.colcon_core.environment:checking '/home/malith/rarm_ws/install/rarm/bin'
[0.800s] INFO:colcon.colcon_core.shell:Creating package descriptor '/home/malith/rarm_ws/install/rarm/share/rarm/package.dsv'
[0.801s] INFO:colcon.colcon_core.shell:Creating package script '/home/malith/rarm_ws/install/rarm/share/rarm/package.sh'
[0.802s] INFO:colcon.colcon_core.shell:Creating package script '/home/malith/rarm_ws/install/rarm/share/rarm/package.bash'
[0.805s] INFO:colcon.colcon_core.shell:Creating package script '/home/malith/rarm_ws/install/rarm/share/rarm/package.zsh'
[0.807s] Level 1:colcon.colcon_core.environment:create_file_with_runtime_dependencies(/home/malith/rarm_ws/install/rarm/share/colcon-core/packages/rarm)
[0.809s] Level 1:colcon.colcon_core.environment:create_environment_scripts_only(rarm)
[0.811s] Level 1:colcon.colcon_core.environment:checking '/home/malith/rarm_ws/install/rarm' for CMake module files
[0.812s] Level 1:colcon.colcon_core.environment:checking '/home/malith/rarm_ws/install/rarm' for CMake config files
[0.813s] Level 1:colcon.colcon_core.shell:create_environment_hook('rarm', 'cmake_prefix_path')
[0.813s] INFO:colcon.colcon_core.shell:Creating environment descriptor '/home/malith/rarm_ws/install/rarm/share/rarm/hook/cmake_prefix_path.dsv'
[0.814s] INFO:colcon.colcon_core.shell:Creating environment hook '/home/malith/rarm_ws/install/rarm/share/rarm/hook/cmake_prefix_path.sh'
[0.815s] Level 1:colcon.colcon_core.environment:checking '/home/malith/rarm_ws/install/rarm/bin'
[0.815s] Level 1:colcon.colcon_core.environment:checking '/home/malith/rarm_ws/install/rarm/lib/pkgconfig/rarm.pc'
[0.816s] Level 1:colcon.colcon_core.environment:checking '/home/malith/rarm_ws/install/rarm/lib/python3.12/site-packages'
[0.816s] Level 1:colcon.colcon_core.environment:checking '/home/malith/rarm_ws/install/rarm/bin'
[0.817s] INFO:colcon.colcon_core.shell:Creating package descriptor '/home/malith/rarm_ws/install/rarm/share/rarm/package.dsv'
[0.818s] INFO:colcon.colcon_core.shell:Creating package script '/home/malith/rarm_ws/install/rarm/share/rarm/package.sh'
[0.819s] INFO:colcon.colcon_core.shell:Creating package script '/home/malith/rarm_ws/install/rarm/share/rarm/package.bash'
[0.820s] INFO:colcon.colcon_core.shell:Creating package script '/home/malith/rarm_ws/install/rarm/share/rarm/package.zsh'
[0.821s] Level 1:colcon.colcon_core.environment:create_file_with_runtime_dependencies(/home/malith/rarm_ws/install/rarm/share/colcon-core/packages/rarm)
[0.833s] DEBUG:colcon.colcon_core.event_handler.log_command:Invoked command in '/home/malith/rarm_ws/build/rarm_mvoeit' returned '0': CMAKE_PREFIX_PATH=${CMAKE_PREFIX_PATH}:/opt/ros/jazzy /usr/bin/cmake --build /home/malith/rarm_ws/build/rarm_mvoeit -- -j8 -l8
[0.837s] DEBUG:colcon.colcon_core.event_handler.log_command:Invoking command in '/home/malith/rarm_ws/build/rarm_mvoeit': CMAKE_PREFIX_PATH=${CMAKE_PREFIX_PATH}:/opt/ros/jazzy /usr/bin/cmake --install /home/malith/rarm_ws/build/rarm_mvoeit
[0.860s] Level 1:colcon.colcon_core.environment:create_environment_scripts_only(rarm_mvoeit)
[0.861s] Level 1:colcon.colcon_core.environment:checking '/home/malith/rarm_ws/install/rarm_mvoeit' for CMake module files
[0.862s] Level 1:colcon.colcon_core.environment:checking '/home/malith/rarm_ws/install/rarm_mvoeit' for CMake config files
[0.862s] Level 1:colcon.colcon_core.shell:create_environment_hook('rarm_mvoeit', 'cmake_prefix_path')
[0.863s] INFO:colcon.colcon_core.shell:Creating environment descriptor '/home/malith/rarm_ws/install/rarm_mvoeit/share/rarm_mvoeit/hook/cmake_prefix_path.dsv'
[0.864s] INFO:colcon.colcon_core.shell:Creating environment hook '/home/malith/rarm_ws/install/rarm_mvoeit/share/rarm_mvoeit/hook/cmake_prefix_path.sh'
[0.865s] Level 1:colcon.colcon_core.environment:checking '/home/malith/rarm_ws/install/rarm_mvoeit/lib'
[0.865s] Level 1:colcon.colcon_core.environment:checking '/home/malith/rarm_ws/install/rarm_mvoeit/bin'
[0.865s] Level 1:colcon.colcon_core.environment:checking '/home/malith/rarm_ws/install/rarm_mvoeit/lib/pkgconfig/rarm_mvoeit.pc'
[0.866s] Level 1:colcon.colcon_core.environment:checking '/home/malith/rarm_ws/install/rarm_mvoeit/lib/python3.12/site-packages'
[0.867s] Level 1:colcon.colcon_core.environment:checking '/home/malith/rarm_ws/install/rarm_mvoeit/bin'
[0.868s] INFO:colcon.colcon_core.shell:Creating package descriptor '/home/malith/rarm_ws/install/rarm_mvoeit/share/rarm_mvoeit/package.dsv'
[0.871s] DEBUG:colcon.colcon_core.event_handler.log_command:Invoked command in '/home/malith/rarm_ws/build/rarm_mvoeit' returned '0': CMAKE_PREFIX_PATH=${CMAKE_PREFIX_PATH}:/opt/ros/jazzy /usr/bin/cmake --install /home/malith/rarm_ws/build/rarm_mvoeit
[0.879s] INFO:colcon.colcon_core.shell:Creating package script '/home/malith/rarm_ws/install/rarm_mvoeit/share/rarm_mvoeit/package.sh'
[0.880s] INFO:colcon.colcon_core.shell:Creating package script '/home/malith/rarm_ws/install/rarm_mvoeit/share/rarm_mvoeit/package.bash'
[0.881s] INFO:colcon.colcon_core.shell:Creating package script '/home/malith/rarm_ws/install/rarm_mvoeit/share/rarm_mvoeit/package.zsh'
[0.881s] Level 1:colcon.colcon_core.environment:create_file_with_runtime_dependencies(/home/malith/rarm_ws/install/rarm_mvoeit/share/colcon-core/packages/rarm_mvoeit)
[0.882s] Level 1:colcon.colcon_core.environment:create_environment_scripts_only(rarm_mvoeit)
[0.883s] Level 1:colcon.colcon_core.environment:checking '/home/malith/rarm_ws/install/rarm_mvoeit' for CMake module files
[0.883s] Level 1:colcon.colcon_core.environment:checking '/home/malith/rarm_ws/install/rarm_mvoeit' for CMake config files
[0.884s] Level 1:colcon.colcon_core.shell:create_environment_hook('rarm_mvoeit', 'cmake_prefix_path')
[0.884s] INFO:colcon.colcon_core.shell:Creating environment descriptor '/home/malith/rarm_ws/install/rarm_mvoeit/share/rarm_mvoeit/hook/cmake_prefix_path.dsv'
[0.885s] INFO:colcon.colcon_core.shell:Creating environment hook '/home/malith/rarm_ws/install/rarm_mvoeit/share/rarm_mvoeit/hook/cmake_prefix_path.sh'
[0.886s] Level 1:colcon.colcon_core.environment:checking '/home/malith/rarm_ws/install/rarm_mvoeit/lib'
[0.886s] Level 1:colcon.colcon_core.environment:checking '/home/malith/rarm_ws/install/rarm_mvoeit/bin'
[0.886s] Level 1:colcon.colcon_core.environment:checking '/home/malith/rarm_ws/install/rarm_mvoeit/lib/pkgconfig/rarm_mvoeit.pc'
[0.886s] Level 1:colcon.colcon_core.environment:checking '/home/malith/rarm_ws/install/rarm_mvoeit/lib/python3.12/site-packages'
[0.899s] Level 1:colcon.colcon_core.environment:checking '/home/malith/rarm_ws/install/rarm_mvoeit/bin'
[0.900s] INFO:colcon.colcon_core.shell:Creating package descriptor '/home/malith/rarm_ws/install/rarm_mvoeit/share/rarm_mvoeit/package.dsv'
[0.901s] INFO:colcon.colcon_core.shell:Creating package script '/home/malith/rarm_ws/install/rarm_mvoeit/share/rarm_mvoeit/package.sh'
[0.902s] INFO:colcon.colcon_core.shell:Creating package script '/home/malith/rarm_ws/install/rarm_mvoeit/share/rarm_mvoeit/package.bash'
[0.903s] INFO:colcon.colcon_core.shell:Creating package script '/home/malith/rarm_ws/install/rarm_mvoeit/share/rarm_mvoeit/package.zsh'
[0.915s] Level 1:colcon.colcon_core.environment:create_file_with_runtime_dependencies(/home/malith/rarm_ws/install/rarm_mvoeit/share/colcon-core/packages/rarm_mvoeit)
[0.915s] DEBUG:colcon.colcon_parallel_executor.executor.parallel:closing loop
[0.917s] DEBUG:colcon.colcon_parallel_executor.executor.parallel:loop closed
[0.918s] DEBUG:colcon.colcon_parallel_executor.executor.parallel:run_until_complete finished with '0'
[0.918s] DEBUG:colcon.colcon_core.event_reactor:joining thread
[1.478s] INFO:colcon.colcon_core.plugin_system:Skipping extension 'colcon_notification.desktop_notification.notify_send': Could not find 'notify-send'
[1.479s] INFO:colcon.colcon_core.plugin_system:Skipping extension 'colcon_notification.desktop_notification.terminal_notifier': Not used on non-Darwin systems
[1.479s] INFO:colcon.colcon_core.plugin_system:Skipping extension 'colcon_notification.desktop_notification.win32': Not used on non-Windows systems
[1.479s] INFO:colcon.colcon_notification.desktop_notification:Sending desktop notification using 'notify2'
[1.481s] DEBUG:colcon.colcon_notification.desktop_notification.notify2:Failed to initialize notify2: org.freedesktop.DBus.Error.ServiceUnknown: The name org.freedesktop.Notifications was not provided by any .service files
[1.481s] DEBUG:colcon.colcon_core.event_reactor:joined thread
[1.481s] INFO:colcon.colcon_core.shell:Creating prefix script '/home/malith/rarm_ws/install/local_setup.sh'
[1.482s] INFO:colcon.colcon_core.shell:Creating prefix util module '/home/malith/rarm_ws/install/_local_setup_util_sh.py'
[1.486s] INFO:colcon.colcon_core.shell:Creating prefix chain script '/home/malith/rarm_ws/install/setup.sh'
[1.490s] INFO:colcon.colcon_core.shell:Creating prefix script '/home/malith/rarm_ws/install/local_setup.bash'
[1.491s] INFO:colcon.colcon_core.shell:Creating prefix chain script '/home/malith/rarm_ws/install/setup.bash'
[1.493s] INFO:colcon.colcon_core.shell:Creating prefix script '/home/malith/rarm_ws/install/local_setup.zsh'
[1.494s] INFO:colcon.colcon_core.shell:Creating prefix chain script '/home/malith/rarm_ws/install/setup.zsh'
