[0.035s] Invoking command in '/home/malith/rarm_ws/build/rarm_mvoeit': CMAKE_PREFIX_PATH=${CMAKE_PREFIX_PATH}:/opt/ros/jazzy /usr/bin/cmake --build /home/malith/rarm_ws/build/rarm_mvoeit -- -j8 -l8
[0.232s] [100%] Built target arm_gripper_loop_controller
[0.298s] Invoked command in '/home/malith/rarm_ws/build/rarm_mvoeit' returned '0': CMAKE_PREFIX_PATH=${CMAKE_PREFIX_PATH}:/opt/ros/jazzy /usr/bin/cmake --build /home/malith/rarm_ws/build/rarm_mvoeit -- -j8 -l8
[0.300s] Invoking command in '/home/malith/rarm_ws/build/rarm_mvoeit': CMAKE_PREFIX_PATH=${CMAKE_PREFIX_PATH}:/opt/ros/jazzy /usr/bin/cmake --install /home/malith/rarm_ws/build/rarm_mvoeit
[0.329s] -- Install configuration: ""
[0.331s] -- Up-to-date: /home/malith/rarm_ws/install/rarm_mvoeit/share/rarm_mvoeit/scripts
[0.332s] -- Up-to-date: /home/malith/rarm_ws/install/rarm_mvoeit/share/rarm_mvoeit/scripts/arm_gripper_loop_controller.py:Zone.Identifier
[0.332s] -- Up-to-date: /home/malith/rarm_ws/install/rarm_mvoeit/share/rarm_mvoeit/scripts/__pycache__
[0.332s] -- Up-to-date: /home/malith/rarm_ws/install/rarm_mvoeit/share/rarm_mvoeit/scripts/__pycache__/trajectory_planing.cpython-312.pyc
[0.333s] -- Up-to-date: /home/malith/rarm_ws/install/rarm_mvoeit/share/rarm_mvoeit/scripts/arm_gripper_loop_controller copy.py
[0.333s] -- Up-to-date: /home/malith/rarm_ws/install/rarm_mvoeit/share/rarm_mvoeit/scripts/arm_gripper_loop_controller.py
[0.333s] -- Up-to-date: /home/malith/rarm_ws/install/rarm_mvoeit/share/rarm_mvoeit/scripts/tests
[0.333s] -- Up-to-date: /home/malith/rarm_ws/install/rarm_mvoeit/share/rarm_mvoeit/scripts/tests/__pycache__
[0.333s] -- Up-to-date: /home/malith/rarm_ws/install/rarm_mvoeit/share/rarm_mvoeit/scripts/tests/__pycache__/trajectory_planing_copy.cpython-312.pyc
[0.333s] -- Up-to-date: /home/malith/rarm_ws/install/rarm_mvoeit/share/rarm_mvoeit/scripts/tests/trajectory_planing_copy.py
[0.334s] -- Installing: /home/malith/rarm_ws/install/rarm_mvoeit/share/rarm_mvoeit/scripts/tests/test_motion.py
[0.334s] -- Up-to-date: /home/malith/rarm_ws/install/rarm_mvoeit/share/rarm_mvoeit/scripts/tests/test.py
[0.334s] -- Up-to-date: /home/malith/rarm_ws/install/rarm_mvoeit/share/rarm_mvoeit/scripts/trajectory_planing.py
[0.334s] -- Up-to-date: /home/malith/rarm_ws/install/rarm_mvoeit/share/rarm_mvoeit/src
[0.334s] -- Up-to-date: /home/malith/rarm_ws/install/rarm_mvoeit/share/rarm_mvoeit/src/arm_gripper_loop_controller.cpp
[0.334s] -- Up-to-date: /home/malith/rarm_ws/install/rarm_mvoeit/lib/rarm_mvoeit/arm_gripper_loop_controller
[0.335s] -- Up-to-date: /home/malith/rarm_ws/install/rarm_mvoeit/lib/rarm_mvoeit/arm_gripper_loop_controller.py
[0.335s] -- Up-to-date: /home/malith/rarm_ws/install/rarm_mvoeit/lib/rarm_mvoeit/trajectory_planing.py
[0.335s] -- Installing: /home/malith/rarm_ws/install/rarm_mvoeit/lib/rarm_mvoeit/test_motion.py
[0.335s] -- Up-to-date: /home/malith/rarm_ws/install/rarm_mvoeit/lib/rarm_mvoeit/trajectory_planing_copy.py
[0.337s] -- Up-to-date: /home/malith/rarm_ws/install/rarm_mvoeit/share/ament_index/resource_index/package_run_dependencies/rarm_mvoeit
[0.337s] -- Up-to-date: /home/malith/rarm_ws/install/rarm_mvoeit/share/ament_index/resource_index/parent_prefix_path/rarm_mvoeit
[0.350s] -- Up-to-date: /home/malith/rarm_ws/install/rarm_mvoeit/share/rarm_mvoeit/environment/ament_prefix_path.sh
[0.351s] -- Up-to-date: /home/malith/rarm_ws/install/rarm_mvoeit/share/rarm_mvoeit/environment/ament_prefix_path.dsv
[0.353s] -- Up-to-date: /home/malith/rarm_ws/install/rarm_mvoeit/share/rarm_mvoeit/environment/path.sh
[0.355s] -- Up-to-date: /home/malith/rarm_ws/install/rarm_mvoeit/share/rarm_mvoeit/environment/path.dsv
[0.356s] -- Up-to-date: /home/malith/rarm_ws/install/rarm_mvoeit/share/rarm_mvoeit/local_setup.bash
[0.356s] -- Up-to-date: /home/malith/rarm_ws/install/rarm_mvoeit/share/rarm_mvoeit/local_setup.sh
[0.356s] -- Up-to-date: /home/malith/rarm_ws/install/rarm_mvoeit/share/rarm_mvoeit/local_setup.zsh
[0.357s] -- Up-to-date: /home/malith/rarm_ws/install/rarm_mvoeit/share/rarm_mvoeit/local_setup.dsv
[0.357s] -- Installing: /home/malith/rarm_ws/install/rarm_mvoeit/share/rarm_mvoeit/package.dsv
[0.357s] -- Up-to-date: /home/malith/rarm_ws/install/rarm_mvoeit/share/ament_index/resource_index/packages/rarm_mvoeit
[0.358s] -- Up-to-date: /home/malith/rarm_ws/install/rarm_mvoeit/share/rarm_mvoeit/cmake/rarm_mvoeitConfig.cmake
[0.358s] -- Up-to-date: /home/malith/rarm_ws/install/rarm_mvoeit/share/rarm_mvoeit/cmake/rarm_mvoeitConfig-version.cmake
[0.358s] -- Up-to-date: /home/malith/rarm_ws/install/rarm_mvoeit/share/rarm_mvoeit/package.xml
[0.358s] Invoked command in '/home/malith/rarm_ws/build/rarm_mvoeit' returned '0': CMAKE_PREFIX_PATH=${CMAKE_PREFIX_PATH}:/opt/ros/jazzy /usr/bin/cmake --install /home/malith/rarm_ws/build/rarm_mvoeit
