[0.188s] DEBUG:colcon:Command line arguments: ['/usr/bin/colcon', 'build']
[0.188s] DEBUG:colcon:Parsed command line arguments: Namespace(log_base=None, log_level=None, verb_name='build', build_base='build', install_base='install', merge_install=False, symlink_install=False, test_result_base=None, continue_on_error=False, executor='parallel', parallel_workers=8, event_handlers=None, ignore_user_meta=False, metas=['./colcon.meta'], base_paths=['.'], packages_ignore=None, packages_ignore_regex=None, paths=None, packages_up_to=None, packages_up_to_regex=None, packages_above=None, packages_above_and_dependencies=None, packages_above_depth=None, packages_select_by_dep=None, packages_skip_by_dep=None, packages_skip_up_to=None, packages_select_build_failed=False, packages_skip_build_finished=False, packages_select_test_failures=False, packages_skip_test_passed=False, packages_select=None, packages_skip=None, packages_select_regex=None, packages_skip_regex=None, packages_start=None, packages_end=None, cmake_args=None, cmake_target=None, cmake_target_skip_unavailable=False, cmake_clean_cache=False, cmake_clean_first=False, cmake_force_configure=False, ament_cmake_args=None, catkin_cmake_args=None, catkin_skip_building_tests=False, verb_parser=<colcon_defaults.argument_parser.defaults.DefaultArgumentsDecorator object at 0x7f602627a3f0>, verb_extension=<colcon_core.verb.build.BuildVerb object at 0x7f6026455280>, main=<bound method BuildVerb.main of <colcon_core.verb.build.BuildVerb object at 0x7f6026455280>>)
[1.057s] Level 1:colcon.colcon_core.package_discovery:discover_packages(colcon_meta) check parameters
[1.057s] Level 1:colcon.colcon_core.package_discovery:discover_packages(recursive) check parameters
[1.057s] Level 1:colcon.colcon_core.package_discovery:discover_packages(ignore) check parameters
[1.057s] Level 1:colcon.colcon_core.package_discovery:discover_packages(path) check parameters
[1.057s] Level 1:colcon.colcon_core.package_discovery:discover_packages(colcon_meta) discover
[1.057s] Level 1:colcon.colcon_core.package_discovery:discover_packages(recursive) discover
[1.058s] INFO:colcon.colcon_core.package_discovery:Crawling recursively for packages in '/home/malith/rarm_ws'
[1.058s] Level 1:colcon.colcon_core.package_identification:_identify(.) by extensions ['ignore', 'ignore_ament_install']
[1.058s] Level 1:colcon.colcon_core.package_identification:_identify(.) by extension 'ignore'
[1.058s] Level 1:colcon.colcon_core.package_identification:_identify(.) by extension 'ignore_ament_install'
[1.058s] Level 1:colcon.colcon_core.package_identification:_identify(.) by extensions ['colcon_pkg']
[1.058s] Level 1:colcon.colcon_core.package_identification:_identify(.) by extension 'colcon_pkg'
[1.058s] Level 1:colcon.colcon_core.package_identification:_identify(.) by extensions ['colcon_meta']
[1.058s] Level 1:colcon.colcon_core.package_identification:_identify(.) by extension 'colcon_meta'
[1.058s] Level 1:colcon.colcon_core.package_identification:_identify(.) by extensions ['ros']
[1.058s] Level 1:colcon.colcon_core.package_identification:_identify(.) by extension 'ros'
[1.085s] Level 1:colcon.colcon_core.package_identification:_identify(.) by extensions ['cmake', 'python']
[1.085s] Level 1:colcon.colcon_core.package_identification:_identify(.) by extension 'cmake'
[1.085s] Level 1:colcon.colcon_core.package_identification:_identify(.) by extension 'python'
[1.085s] Level 1:colcon.colcon_core.package_identification:_identify(.) by extensions ['python_setup_py']
[1.085s] Level 1:colcon.colcon_core.package_identification:_identify(.) by extension 'python_setup_py'
[1.085s] Level 1:colcon.colcon_core.package_identification:_identify(build) by extensions ['ignore', 'ignore_ament_install']
[1.085s] Level 1:colcon.colcon_core.package_identification:_identify(build) by extension 'ignore'
[1.085s] Level 1:colcon.colcon_core.package_identification:_identify(build) ignored
[1.085s] Level 1:colcon.colcon_core.package_identification:_identify(install) by extensions ['ignore', 'ignore_ament_install']
[1.086s] Level 1:colcon.colcon_core.package_identification:_identify(install) by extension 'ignore'
[1.086s] Level 1:colcon.colcon_core.package_identification:_identify(install) ignored
[1.086s] Level 1:colcon.colcon_core.package_identification:_identify(log) by extensions ['ignore', 'ignore_ament_install']
[1.086s] Level 1:colcon.colcon_core.package_identification:_identify(log) by extension 'ignore'
[1.086s] Level 1:colcon.colcon_core.package_identification:_identify(log) ignored
[1.086s] Level 1:colcon.colcon_core.package_identification:_identify(src) by extensions ['ignore', 'ignore_ament_install']
[1.086s] Level 1:colcon.colcon_core.package_identification:_identify(src) by extension 'ignore'
[1.086s] Level 1:colcon.colcon_core.package_identification:_identify(src) by extension 'ignore_ament_install'
[1.086s] Level 1:colcon.colcon_core.package_identification:_identify(src) by extensions ['colcon_pkg']
[1.086s] Level 1:colcon.colcon_core.package_identification:_identify(src) by extension 'colcon_pkg'
[1.086s] Level 1:colcon.colcon_core.package_identification:_identify(src) by extensions ['colcon_meta']
[1.086s] Level 1:colcon.colcon_core.package_identification:_identify(src) by extension 'colcon_meta'
[1.086s] Level 1:colcon.colcon_core.package_identification:_identify(src) by extensions ['ros']
[1.086s] Level 1:colcon.colcon_core.package_identification:_identify(src) by extension 'ros'
[1.086s] Level 1:colcon.colcon_core.package_identification:_identify(src) by extensions ['cmake', 'python']
[1.086s] Level 1:colcon.colcon_core.package_identification:_identify(src) by extension 'cmake'
[1.086s] Level 1:colcon.colcon_core.package_identification:_identify(src) by extension 'python'
[1.086s] Level 1:colcon.colcon_core.package_identification:_identify(src) by extensions ['python_setup_py']
[1.086s] Level 1:colcon.colcon_core.package_identification:_identify(src) by extension 'python_setup_py'
[1.086s] Level 1:colcon.colcon_core.package_identification:_identify(src/rarm) by extensions ['ignore', 'ignore_ament_install']
[1.086s] Level 1:colcon.colcon_core.package_identification:_identify(src/rarm) by extension 'ignore'
[1.086s] Level 1:colcon.colcon_core.package_identification:_identify(src/rarm) by extension 'ignore_ament_install'
[1.087s] Level 1:colcon.colcon_core.package_identification:_identify(src/rarm) by extensions ['colcon_pkg']
[1.087s] Level 1:colcon.colcon_core.package_identification:_identify(src/rarm) by extension 'colcon_pkg'
[1.087s] Level 1:colcon.colcon_core.package_identification:_identify(src/rarm) by extensions ['colcon_meta']
[1.087s] Level 1:colcon.colcon_core.package_identification:_identify(src/rarm) by extension 'colcon_meta'
[1.087s] Level 1:colcon.colcon_core.package_identification:_identify(src/rarm) by extensions ['ros']
[1.087s] Level 1:colcon.colcon_core.package_identification:_identify(src/rarm) by extension 'ros'
[1.093s] DEBUG:colcon.colcon_core.package_identification:Package 'src/rarm' with type 'ros.ament_cmake' and name 'rarm'
[1.093s] Level 1:colcon.colcon_core.package_identification:_identify(src/rarm_mvoeit) by extensions ['ignore', 'ignore_ament_install']
[1.093s] Level 1:colcon.colcon_core.package_identification:_identify(src/rarm_mvoeit) by extension 'ignore'
[1.093s] Level 1:colcon.colcon_core.package_identification:_identify(src/rarm_mvoeit) by extension 'ignore_ament_install'
[1.093s] Level 1:colcon.colcon_core.package_identification:_identify(src/rarm_mvoeit) by extensions ['colcon_pkg']
[1.093s] Level 1:colcon.colcon_core.package_identification:_identify(src/rarm_mvoeit) by extension 'colcon_pkg'
[1.094s] Level 1:colcon.colcon_core.package_identification:_identify(src/rarm_mvoeit) by extensions ['colcon_meta']
[1.094s] Level 1:colcon.colcon_core.package_identification:_identify(src/rarm_mvoeit) by extension 'colcon_meta'
[1.094s] Level 1:colcon.colcon_core.package_identification:_identify(src/rarm_mvoeit) by extensions ['ros']
[1.094s] Level 1:colcon.colcon_core.package_identification:_identify(src/rarm_mvoeit) by extension 'ros'
[1.094s] DEBUG:colcon.colcon_core.package_identification:Package 'src/rarm_mvoeit' with type 'ros.ament_cmake' and name 'rarm_mvoeit'
[1.095s] Level 1:colcon.colcon_core.package_discovery:discover_packages(recursive) using defaults
[1.095s] Level 1:colcon.colcon_core.package_discovery:discover_packages(ignore) discover
[1.095s] Level 1:colcon.colcon_core.package_discovery:discover_packages(ignore) using defaults
[1.095s] Level 1:colcon.colcon_core.package_discovery:discover_packages(path) discover
[1.095s] Level 1:colcon.colcon_core.package_discovery:discover_packages(path) using defaults
[1.115s] Level 5:colcon.colcon_core.verb:set package 'rarm' build argument 'cmake_args' from command line to 'None'
[1.115s] Level 5:colcon.colcon_core.verb:set package 'rarm' build argument 'cmake_target' from command line to 'None'
[1.116s] Level 5:colcon.colcon_core.verb:set package 'rarm' build argument 'cmake_target_skip_unavailable' from command line to 'False'
[1.116s] Level 5:colcon.colcon_core.verb:set package 'rarm' build argument 'cmake_clean_cache' from command line to 'False'
[1.116s] Level 5:colcon.colcon_core.verb:set package 'rarm' build argument 'cmake_clean_first' from command line to 'False'
[1.116s] Level 5:colcon.colcon_core.verb:set package 'rarm' build argument 'cmake_force_configure' from command line to 'False'
[1.116s] Level 5:colcon.colcon_core.verb:set package 'rarm' build argument 'ament_cmake_args' from command line to 'None'
[1.116s] Level 5:colcon.colcon_core.verb:set package 'rarm' build argument 'catkin_cmake_args' from command line to 'None'
[1.116s] Level 5:colcon.colcon_core.verb:set package 'rarm' build argument 'catkin_skip_building_tests' from command line to 'False'
[1.116s] DEBUG:colcon.colcon_core.verb:Building package 'rarm' with the following arguments: {'ament_cmake_args': None, 'build_base': '/home/malith/rarm_ws/build/rarm', 'catkin_cmake_args': None, 'catkin_skip_building_tests': False, 'cmake_args': None, 'cmake_clean_cache': False, 'cmake_clean_first': False, 'cmake_force_configure': False, 'cmake_target': None, 'cmake_target_skip_unavailable': False, 'install_base': '/home/malith/rarm_ws/install/rarm', 'merge_install': False, 'path': '/home/malith/rarm_ws/src/rarm', 'symlink_install': False, 'test_result_base': None}
[1.116s] Level 5:colcon.colcon_core.verb:set package 'rarm_mvoeit' build argument 'cmake_args' from command line to 'None'
[1.116s] Level 5:colcon.colcon_core.verb:set package 'rarm_mvoeit' build argument 'cmake_target' from command line to 'None'
[1.116s] Level 5:colcon.colcon_core.verb:set package 'rarm_mvoeit' build argument 'cmake_target_skip_unavailable' from command line to 'False'
[1.116s] Level 5:colcon.colcon_core.verb:set package 'rarm_mvoeit' build argument 'cmake_clean_cache' from command line to 'False'
[1.116s] Level 5:colcon.colcon_core.verb:set package 'rarm_mvoeit' build argument 'cmake_clean_first' from command line to 'False'
[1.116s] Level 5:colcon.colcon_core.verb:set package 'rarm_mvoeit' build argument 'cmake_force_configure' from command line to 'False'
[1.116s] Level 5:colcon.colcon_core.verb:set package 'rarm_mvoeit' build argument 'ament_cmake_args' from command line to 'None'
[1.116s] Level 5:colcon.colcon_core.verb:set package 'rarm_mvoeit' build argument 'catkin_cmake_args' from command line to 'None'
[1.116s] Level 5:colcon.colcon_core.verb:set package 'rarm_mvoeit' build argument 'catkin_skip_building_tests' from command line to 'False'
[1.116s] DEBUG:colcon.colcon_core.verb:Building package 'rarm_mvoeit' with the following arguments: {'ament_cmake_args': None, 'build_base': '/home/malith/rarm_ws/build/rarm_mvoeit', 'catkin_cmake_args': None, 'catkin_skip_building_tests': False, 'cmake_args': None, 'cmake_clean_cache': False, 'cmake_clean_first': False, 'cmake_force_configure': False, 'cmake_target': None, 'cmake_target_skip_unavailable': False, 'install_base': '/home/malith/rarm_ws/install/rarm_mvoeit', 'merge_install': False, 'path': '/home/malith/rarm_ws/src/rarm_mvoeit', 'symlink_install': False, 'test_result_base': None}
[1.116s] INFO:colcon.colcon_core.executor:Executing jobs using 'parallel' executor
[1.118s] DEBUG:colcon.colcon_parallel_executor.executor.parallel:run_until_complete
[1.118s] INFO:colcon.colcon_ros.task.ament_cmake.build:Building ROS package in '/home/malith/rarm_ws/src/rarm' with build type 'ament_cmake'
[1.119s] INFO:colcon.colcon_cmake.task.cmake.build:Building CMake package in '/home/malith/rarm_ws/src/rarm'
[1.127s] INFO:colcon.colcon_core.plugin_system:Skipping extension 'colcon_core.shell.bat': Not used on non-Windows systems
[1.127s] DEBUG:colcon.colcon_core.shell:Skip shell extension 'dsv' for command environment
[1.139s] INFO:colcon.colcon_ros.task.ament_cmake.build:Building ROS package in '/home/malith/rarm_ws/src/rarm_mvoeit' with build type 'ament_cmake'
[1.139s] INFO:colcon.colcon_cmake.task.cmake.build:Building CMake package in '/home/malith/rarm_ws/src/rarm_mvoeit'
[1.140s] DEBUG:colcon.colcon_core.shell:Skip shell extension 'dsv' for command environment
[1.151s] DEBUG:colcon.colcon_core.event_handler.log_command:Invoking command in '/home/malith/rarm_ws/build/rarm': CMAKE_PREFIX_PATH=${CMAKE_PREFIX_PATH}:/opt/ros/jazzy /usr/bin/cmake --build /home/malith/rarm_ws/build/rarm -- -j8 -l8
[1.159s] DEBUG:colcon.colcon_core.event_handler.log_command:Invoking command in '/home/malith/rarm_ws/build/rarm_mvoeit': CMAKE_PREFIX_PATH=${CMAKE_PREFIX_PATH}:/opt/ros/jazzy /usr/bin/cmake --build /home/malith/rarm_ws/build/rarm_mvoeit -- -j8 -l8
[1.250s] DEBUG:colcon.colcon_core.event_handler.log_command:Invoked command in '/home/malith/rarm_ws/build/rarm' returned '0': CMAKE_PREFIX_PATH=${CMAKE_PREFIX_PATH}:/opt/ros/jazzy /usr/bin/cmake --build /home/malith/rarm_ws/build/rarm -- -j8 -l8
[1.260s] DEBUG:colcon.colcon_core.event_handler.log_command:Invoking command in '/home/malith/rarm_ws/build/rarm': CMAKE_PREFIX_PATH=${CMAKE_PREFIX_PATH}:/opt/ros/jazzy /usr/bin/cmake --install /home/malith/rarm_ws/build/rarm
[1.282s] Level 1:colcon.colcon_core.environment:create_environment_scripts_only(rarm)
[1.288s] DEBUG:colcon.colcon_core.event_handler.log_command:Invoked command in '/home/malith/rarm_ws/build/rarm' returned '0': CMAKE_PREFIX_PATH=${CMAKE_PREFIX_PATH}:/opt/ros/jazzy /usr/bin/cmake --install /home/malith/rarm_ws/build/rarm
[1.314s] Level 1:colcon.colcon_core.environment:checking '/home/malith/rarm_ws/install/rarm' for CMake module files
[1.315s] Level 1:colcon.colcon_core.environment:checking '/home/malith/rarm_ws/install/rarm' for CMake config files
[1.315s] Level 1:colcon.colcon_core.shell:create_environment_hook('rarm', 'cmake_prefix_path')
[1.316s] INFO:colcon.colcon_core.shell:Creating environment descriptor '/home/malith/rarm_ws/install/rarm/share/rarm/hook/cmake_prefix_path.dsv'
[1.317s] INFO:colcon.colcon_core.shell:Creating environment hook '/home/malith/rarm_ws/install/rarm/share/rarm/hook/cmake_prefix_path.sh'
[1.319s] Level 1:colcon.colcon_core.environment:checking '/home/malith/rarm_ws/install/rarm/bin'
[1.319s] Level 1:colcon.colcon_core.environment:checking '/home/malith/rarm_ws/install/rarm/lib/pkgconfig/rarm.pc'
[1.322s] Level 1:colcon.colcon_core.environment:checking '/home/malith/rarm_ws/install/rarm/lib/python3.12/site-packages'
[1.322s] Level 1:colcon.colcon_core.environment:checking '/home/malith/rarm_ws/install/rarm/bin'
[1.324s] INFO:colcon.colcon_core.shell:Creating package descriptor '/home/malith/rarm_ws/install/rarm/share/rarm/package.dsv'
[1.326s] INFO:colcon.colcon_core.shell:Creating package script '/home/malith/rarm_ws/install/rarm/share/rarm/package.sh'
[1.329s] INFO:colcon.colcon_core.shell:Creating package script '/home/malith/rarm_ws/install/rarm/share/rarm/package.bash'
[1.331s] INFO:colcon.colcon_core.shell:Creating package script '/home/malith/rarm_ws/install/rarm/share/rarm/package.zsh'
[1.332s] Level 1:colcon.colcon_core.environment:create_file_with_runtime_dependencies(/home/malith/rarm_ws/install/rarm/share/colcon-core/packages/rarm)
[1.333s] Level 1:colcon.colcon_core.environment:create_environment_scripts_only(rarm)
[1.334s] Level 1:colcon.colcon_core.environment:checking '/home/malith/rarm_ws/install/rarm' for CMake module files
[1.334s] Level 1:colcon.colcon_core.environment:checking '/home/malith/rarm_ws/install/rarm' for CMake config files
[1.335s] Level 1:colcon.colcon_core.shell:create_environment_hook('rarm', 'cmake_prefix_path')
[1.335s] INFO:colcon.colcon_core.shell:Creating environment descriptor '/home/malith/rarm_ws/install/rarm/share/rarm/hook/cmake_prefix_path.dsv'
[1.336s] INFO:colcon.colcon_core.shell:Creating environment hook '/home/malith/rarm_ws/install/rarm/share/rarm/hook/cmake_prefix_path.sh'
[1.336s] Level 1:colcon.colcon_core.environment:checking '/home/malith/rarm_ws/install/rarm/bin'
[1.336s] Level 1:colcon.colcon_core.environment:checking '/home/malith/rarm_ws/install/rarm/lib/pkgconfig/rarm.pc'
[1.337s] Level 1:colcon.colcon_core.environment:checking '/home/malith/rarm_ws/install/rarm/lib/python3.12/site-packages'
[1.337s] Level 1:colcon.colcon_core.environment:checking '/home/malith/rarm_ws/install/rarm/bin'
[1.338s] INFO:colcon.colcon_core.shell:Creating package descriptor '/home/malith/rarm_ws/install/rarm/share/rarm/package.dsv'
[1.338s] INFO:colcon.colcon_core.shell:Creating package script '/home/malith/rarm_ws/install/rarm/share/rarm/package.sh'
[1.339s] INFO:colcon.colcon_core.shell:Creating package script '/home/malith/rarm_ws/install/rarm/share/rarm/package.bash'
[1.340s] INFO:colcon.colcon_core.shell:Creating package script '/home/malith/rarm_ws/install/rarm/share/rarm/package.zsh'
[1.340s] Level 1:colcon.colcon_core.environment:create_file_with_runtime_dependencies(/home/malith/rarm_ws/install/rarm/share/colcon-core/packages/rarm)
[1.351s] DEBUG:colcon.colcon_core.event_handler.log_command:Invoked command in '/home/malith/rarm_ws/build/rarm_mvoeit' returned '0': CMAKE_PREFIX_PATH=${CMAKE_PREFIX_PATH}:/opt/ros/jazzy /usr/bin/cmake --build /home/malith/rarm_ws/build/rarm_mvoeit -- -j8 -l8
[1.353s] DEBUG:colcon.colcon_core.event_handler.log_command:Invoking command in '/home/malith/rarm_ws/build/rarm_mvoeit': CMAKE_PREFIX_PATH=${CMAKE_PREFIX_PATH}:/opt/ros/jazzy /usr/bin/cmake --install /home/malith/rarm_ws/build/rarm_mvoeit
[1.382s] Level 1:colcon.colcon_core.environment:create_environment_scripts_only(rarm_mvoeit)
[1.386s] DEBUG:colcon.colcon_core.event_handler.log_command:Invoked command in '/home/malith/rarm_ws/build/rarm_mvoeit' returned '0': CMAKE_PREFIX_PATH=${CMAKE_PREFIX_PATH}:/opt/ros/jazzy /usr/bin/cmake --install /home/malith/rarm_ws/build/rarm_mvoeit
[1.387s] Level 1:colcon.colcon_core.environment:checking '/home/malith/rarm_ws/install/rarm_mvoeit' for CMake module files
[1.389s] Level 1:colcon.colcon_core.environment:checking '/home/malith/rarm_ws/install/rarm_mvoeit' for CMake config files
[1.389s] Level 1:colcon.colcon_core.shell:create_environment_hook('rarm_mvoeit', 'cmake_prefix_path')
[1.389s] INFO:colcon.colcon_core.shell:Creating environment descriptor '/home/malith/rarm_ws/install/rarm_mvoeit/share/rarm_mvoeit/hook/cmake_prefix_path.dsv'
[1.390s] INFO:colcon.colcon_core.shell:Creating environment hook '/home/malith/rarm_ws/install/rarm_mvoeit/share/rarm_mvoeit/hook/cmake_prefix_path.sh'
[1.395s] Level 1:colcon.colcon_core.environment:checking '/home/malith/rarm_ws/install/rarm_mvoeit/lib'
[1.396s] Level 1:colcon.colcon_core.environment:checking '/home/malith/rarm_ws/install/rarm_mvoeit/bin'
[1.396s] Level 1:colcon.colcon_core.environment:checking '/home/malith/rarm_ws/install/rarm_mvoeit/lib/pkgconfig/rarm_mvoeit.pc'
[1.397s] Level 1:colcon.colcon_core.environment:checking '/home/malith/rarm_ws/install/rarm_mvoeit/lib/python3.12/site-packages'
[1.397s] Level 1:colcon.colcon_core.environment:checking '/home/malith/rarm_ws/install/rarm_mvoeit/bin'
[1.397s] INFO:colcon.colcon_core.shell:Creating package descriptor '/home/malith/rarm_ws/install/rarm_mvoeit/share/rarm_mvoeit/package.dsv'
[1.398s] INFO:colcon.colcon_core.shell:Creating package script '/home/malith/rarm_ws/install/rarm_mvoeit/share/rarm_mvoeit/package.sh'
[1.399s] INFO:colcon.colcon_core.shell:Creating package script '/home/malith/rarm_ws/install/rarm_mvoeit/share/rarm_mvoeit/package.bash'
[1.399s] INFO:colcon.colcon_core.shell:Creating package script '/home/malith/rarm_ws/install/rarm_mvoeit/share/rarm_mvoeit/package.zsh'
[1.399s] Level 1:colcon.colcon_core.environment:create_file_with_runtime_dependencies(/home/malith/rarm_ws/install/rarm_mvoeit/share/colcon-core/packages/rarm_mvoeit)
[1.400s] Level 1:colcon.colcon_core.environment:create_environment_scripts_only(rarm_mvoeit)
[1.400s] Level 1:colcon.colcon_core.environment:checking '/home/malith/rarm_ws/install/rarm_mvoeit' for CMake module files
[1.401s] Level 1:colcon.colcon_core.environment:checking '/home/malith/rarm_ws/install/rarm_mvoeit' for CMake config files
[1.401s] Level 1:colcon.colcon_core.shell:create_environment_hook('rarm_mvoeit', 'cmake_prefix_path')
[1.401s] INFO:colcon.colcon_core.shell:Creating environment descriptor '/home/malith/rarm_ws/install/rarm_mvoeit/share/rarm_mvoeit/hook/cmake_prefix_path.dsv'
[1.401s] INFO:colcon.colcon_core.shell:Creating environment hook '/home/malith/rarm_ws/install/rarm_mvoeit/share/rarm_mvoeit/hook/cmake_prefix_path.sh'
[1.402s] Level 1:colcon.colcon_core.environment:checking '/home/malith/rarm_ws/install/rarm_mvoeit/lib'
[1.402s] Level 1:colcon.colcon_core.environment:checking '/home/malith/rarm_ws/install/rarm_mvoeit/bin'
[1.402s] Level 1:colcon.colcon_core.environment:checking '/home/malith/rarm_ws/install/rarm_mvoeit/lib/pkgconfig/rarm_mvoeit.pc'
[1.403s] Level 1:colcon.colcon_core.environment:checking '/home/malith/rarm_ws/install/rarm_mvoeit/lib/python3.12/site-packages'
[1.403s] Level 1:colcon.colcon_core.environment:checking '/home/malith/rarm_ws/install/rarm_mvoeit/bin'
[1.403s] INFO:colcon.colcon_core.shell:Creating package descriptor '/home/malith/rarm_ws/install/rarm_mvoeit/share/rarm_mvoeit/package.dsv'
[1.404s] INFO:colcon.colcon_core.shell:Creating package script '/home/malith/rarm_ws/install/rarm_mvoeit/share/rarm_mvoeit/package.sh'
[1.404s] INFO:colcon.colcon_core.shell:Creating package script '/home/malith/rarm_ws/install/rarm_mvoeit/share/rarm_mvoeit/package.bash'
[1.405s] INFO:colcon.colcon_core.shell:Creating package script '/home/malith/rarm_ws/install/rarm_mvoeit/share/rarm_mvoeit/package.zsh'
[1.406s] Level 1:colcon.colcon_core.environment:create_file_with_runtime_dependencies(/home/malith/rarm_ws/install/rarm_mvoeit/share/colcon-core/packages/rarm_mvoeit)
[1.407s] DEBUG:colcon.colcon_parallel_executor.executor.parallel:closing loop
[1.407s] DEBUG:colcon.colcon_parallel_executor.executor.parallel:loop closed
[1.410s] DEBUG:colcon.colcon_parallel_executor.executor.parallel:run_until_complete finished with '0'
[1.411s] DEBUG:colcon.colcon_core.event_reactor:joining thread
[1.565s] INFO:colcon.colcon_core.plugin_system:Skipping extension 'colcon_notification.desktop_notification.notify_send': Could not find 'notify-send'
[1.566s] INFO:colcon.colcon_core.plugin_system:Skipping extension 'colcon_notification.desktop_notification.terminal_notifier': Not used on non-Darwin systems
[1.566s] INFO:colcon.colcon_core.plugin_system:Skipping extension 'colcon_notification.desktop_notification.win32': Not used on non-Windows systems
[1.566s] INFO:colcon.colcon_notification.desktop_notification:Sending desktop notification using 'notify2'
[1.567s] DEBUG:colcon.colcon_notification.desktop_notification.notify2:Failed to initialize notify2: org.freedesktop.DBus.Error.ServiceUnknown: The name org.freedesktop.Notifications was not provided by any .service files
[1.567s] DEBUG:colcon.colcon_core.event_reactor:joined thread
[1.568s] INFO:colcon.colcon_core.shell:Creating prefix script '/home/malith/rarm_ws/install/local_setup.sh'
[1.569s] INFO:colcon.colcon_core.shell:Creating prefix util module '/home/malith/rarm_ws/install/_local_setup_util_sh.py'
[1.571s] INFO:colcon.colcon_core.shell:Creating prefix chain script '/home/malith/rarm_ws/install/setup.sh'
[1.572s] INFO:colcon.colcon_core.shell:Creating prefix script '/home/malith/rarm_ws/install/local_setup.bash'
[1.573s] INFO:colcon.colcon_core.shell:Creating prefix chain script '/home/malith/rarm_ws/install/setup.bash'
[1.575s] INFO:colcon.colcon_core.shell:Creating prefix script '/home/malith/rarm_ws/install/local_setup.zsh'
[1.576s] INFO:colcon.colcon_core.shell:Creating prefix chain script '/home/malith/rarm_ws/install/setup.zsh'
