[0.073s] Invoking command in '/home/malith/rarm_ws/build/rarm': CMAKE_PREFIX_PATH=${CMAKE_PREFIX_PATH}:/opt/ros/jazzy /usr/bin/cmake --build /home/malith/rarm_ws/build/rarm -- -j8 -l8
[0.322s] Invoked command in '/home/malith/rarm_ws/build/rarm' returned '0': CMAKE_PREFIX_PATH=${CMAKE_PREFIX_PATH}:/opt/ros/jazzy /usr/bin/cmake --build /home/malith/rarm_ws/build/rarm -- -j8 -l8
[0.357s] Invoking command in '/home/malith/rarm_ws/build/rarm': CMAKE_PREFIX_PATH=${CMAKE_PREFIX_PATH}:/opt/ros/jazzy /usr/bin/cmake --install /home/malith/rarm_ws/build/rarm
[0.371s] -- Install configuration: ""
[0.371s] -- Up-to-date: /home/malith/rarm_ws/install/rarm/share/rarm/meshes
[0.371s] -- Up-to-date: /home/malith/rarm_ws/install/rarm/share/rarm/meshes/L2.STL
[0.372s] -- Up-to-date: /home/malith/rarm_ws/install/rarm/share/rarm/meshes/L6.STL
[0.372s] -- Up-to-date: /home/malith/rarm_ws/install/rarm/share/rarm/meshes/L1.STL:Zone.Identifier
[0.372s] -- Up-to-date: /home/malith/rarm_ws/install/rarm/share/rarm/meshes/L7.STL
[0.373s] -- Up-to-date: /home/malith/rarm_ws/install/rarm/share/rarm/meshes/base_link.STL
[0.373s] -- Up-to-date: /home/malith/rarm_ws/install/rarm/share/rarm/meshes/L3.STL
[0.373s] -- Up-to-date: /home/malith/rarm_ws/install/rarm/share/rarm/meshes/L5.STL:Zone.Identifier
[0.374s] -- Up-to-date: /home/malith/rarm_ws/install/rarm/share/rarm/meshes/L4.STL
[0.375s] -- Up-to-date: /home/malith/rarm_ws/install/rarm/share/rarm/meshes/base_link.STL:Zone.Identifier
[0.376s] -- Up-to-date: /home/malith/rarm_ws/install/rarm/share/rarm/meshes/L1.STL
[0.380s] -- Up-to-date: /home/malith/rarm_ws/install/rarm/share/rarm/meshes/L2.STL:Zone.Identifier
[0.380s] -- Up-to-date: /home/malith/rarm_ws/install/rarm/share/rarm/meshes/L5.STL
[0.381s] -- Up-to-date: /home/malith/rarm_ws/install/rarm/share/rarm/meshes/L3.STL:Zone.Identifier
[0.381s] -- Up-to-date: /home/malith/rarm_ws/install/rarm/share/rarm/meshes/L4.STL:Zone.Identifier
[0.381s] -- Up-to-date: /home/malith/rarm_ws/install/rarm/share/rarm/meshes/L6.STL:Zone.Identifier
[0.381s] -- Up-to-date: /home/malith/rarm_ws/install/rarm/share/rarm/meshes/L8.STL
[0.381s] -- Up-to-date: /home/malith/rarm_ws/install/rarm/share/rarm/meshes/L7.STL:Zone.Identifier
[0.394s] -- Up-to-date: /home/malith/rarm_ws/install/rarm/share/rarm/meshes/L8.STL:Zone.Identifier
[0.394s] -- Up-to-date: /home/malith/rarm_ws/install/rarm/share/rarm/urdf
[0.394s] -- Up-to-date: /home/malith/rarm_ws/install/rarm/share/rarm/urdf/GP7.urdf.xacro
[0.395s] -- Up-to-date: /home/malith/rarm_ws/install/rarm/share/rarm/urdf/gazebo_sim_ros2_control.urdf.xacro
[0.395s] -- Up-to-date: /home/malith/rarm_ws/install/rarm/share/rarm/urdf/GP7_ros2_control.urdf.xacro
[0.395s] -- Up-to-date: /home/malith/rarm_ws/install/rarm/share/rarm/urdf/GP7_Robot_A1_ZAxis_A2.urdf.xacro
[0.395s] -- Up-to-date: /home/malith/rarm_ws/install/rarm/share/rarm/launch
[0.395s] -- Up-to-date: /home/malith/rarm_ws/install/rarm/share/rarm/launch/GP7.gazebo.launch.py
[0.395s] -- Up-to-date: /home/malith/rarm_ws/install/rarm/share/rarm/launch/load_ros2_controllers.launch.py
[0.395s] -- Up-to-date: /home/malith/rarm_ws/install/rarm/share/rarm/launch/robot_state_publisher.launch.py
[0.395s] -- Up-to-date: /home/malith/rarm_ws/install/rarm/share/rarm/rviz
[0.396s] -- Up-to-date: /home/malith/rarm_ws/install/rarm/share/rarm/rviz/robot_config.rviz
[0.396s] -- Up-to-date: /home/malith/rarm_ws/install/rarm/share/rarm/worlds
[0.396s] -- Up-to-date: /home/malith/rarm_ws/install/rarm/share/rarm/worlds/box.world
[0.396s] -- Up-to-date: /home/malith/rarm_ws/install/rarm/share/rarm/worlds/empty.world
[0.396s] -- Up-to-date: /home/malith/rarm_ws/install/rarm/share/rarm/worlds/pick_and_place_demo.world
[0.396s] -- Up-to-date: /home/malith/rarm_ws/install/rarm/share/rarm/config
[0.396s] -- Up-to-date: /home/malith/rarm_ws/install/rarm/share/rarm/config/ros_gz_bridge.yaml
[0.397s] -- Up-to-date: /home/malith/rarm_ws/install/rarm/share/rarm/config/ros2_controllers_template.yaml
[0.397s] -- Up-to-date: /home/malith/rarm_ws/install/rarm/share/rarm/config/ros2_controllers.yaml
[0.397s] -- Up-to-date: /home/malith/rarm_ws/install/rarm/share/rarm/bring_up
[0.397s] -- Up-to-date: /home/malith/rarm_ws/install/rarm/share/rarm/bring_up/rsp.sh
[0.397s] -- Up-to-date: /home/malith/rarm_ws/install/rarm/share/rarm/bring_up/gp7.sh
[0.397s] -- Up-to-date: /home/malith/rarm_ws/install/rarm/share/rarm/bring_up/run_commnds.sh
[0.398s] -- Up-to-date: /home/malith/rarm_ws/install/rarm/share/ament_index/resource_index/package_run_dependencies/rarm
[0.398s] -- Up-to-date: /home/malith/rarm_ws/install/rarm/share/ament_index/resource_index/parent_prefix_path/rarm
[0.398s] -- Up-to-date: /home/malith/rarm_ws/install/rarm/share/rarm/environment/ament_prefix_path.sh
[0.405s] -- Up-to-date: /home/malith/rarm_ws/install/rarm/share/rarm/environment/ament_prefix_path.dsv
[0.405s] -- Up-to-date: /home/malith/rarm_ws/install/rarm/share/rarm/environment/path.sh
[0.405s] -- Up-to-date: /home/malith/rarm_ws/install/rarm/share/rarm/environment/path.dsv
[0.406s] -- Up-to-date: /home/malith/rarm_ws/install/rarm/share/rarm/local_setup.bash
[0.406s] -- Up-to-date: /home/malith/rarm_ws/install/rarm/share/rarm/local_setup.sh
[0.406s] -- Up-to-date: /home/malith/rarm_ws/install/rarm/share/rarm/local_setup.zsh
[0.406s] -- Up-to-date: /home/malith/rarm_ws/install/rarm/share/rarm/local_setup.dsv
[0.406s] -- Installing: /home/malith/rarm_ws/install/rarm/share/rarm/package.dsv
[0.406s] -- Up-to-date: /home/malith/rarm_ws/install/rarm/share/ament_index/resource_index/packages/rarm
[0.406s] -- Up-to-date: /home/malith/rarm_ws/install/rarm/share/rarm/cmake/rarmConfig.cmake
[0.406s] -- Up-to-date: /home/malith/rarm_ws/install/rarm/share/rarm/cmake/rarmConfig-version.cmake
[0.407s] -- Up-to-date: /home/malith/rarm_ws/install/rarm/share/rarm/package.xml
[0.407s] Invoked command in '/home/malith/rarm_ws/build/rarm' returned '0': CMAKE_PREFIX_PATH=${CMAKE_PREFIX_PATH}:/opt/ros/jazzy /usr/bin/cmake --install /home/malith/rarm_ws/build/rarm
