[0.370s] Invoking command in '/home/malith/rarm_ws/build/ros2_linkattacher': AMENT_PREFIX_PATH=/home/malith/rarm_ws/install/linkattacher_msgs:${AMENT_PREFIX_PATH} CMAKE_PREFIX_PATH=/home/malith/rarm_ws/install/linkattacher_msgs:/home/malith/rarm_ws/install/rarm_mvoeit:/home/malith/rarm_ws/install/rarm:/opt/ros/jazzy/opt/gz_sim_vendor:/opt/ros/jazzy/opt/gz_sensors_vendor:/opt/ros/jazzy/opt/gz_physics_vendor:/opt/ros/jazzy/opt/sdformat_vendor:/opt/ros/jazzy/opt/gz_gui_vendor:/opt/ros/jazzy/opt/gz_transport_vendor:/opt/ros/jazzy/opt/gz_rendering_vendor:/opt/ros/jazzy/opt/gz_plugin_vendor:/opt/ros/jazzy/opt/gz_fuel_tools_vendor:/opt/ros/jazzy/opt/gz_msgs_vendor:/opt/ros/jazzy/opt/gz_common_vendor:/opt/ros/jazzy/opt/gz_math_vendor:/opt/ros/jazzy/opt/gz_utils_vendor:/opt/ros/jazzy/opt/gz_tools_vendor:/opt/ros/jazzy/opt/gz_ogre_next_vendor:/opt/ros/jazzy/opt/gz_dartsim_vendor:/opt/ros/jazzy/opt/gz_cmake_vendor:/opt/ros/jazzy LD_LIBRARY_PATH=/home/malith/rarm_ws/install/linkattacher_msgs/lib:${LD_LIBRARY_PATH} PYTHONPATH=/home/malith/rarm_ws/install/linkattacher_msgs/lib/python3.12/site-packages:${PYTHONPATH} /usr/bin/cmake /home/malith/rarm_ws/src/IFRA_LinkAttacher/ros2_LinkAttacher -DCMAKE_INSTALL_PREFIX=/home/malith/rarm_ws/install/ros2_linkattacher
[0.416s] -- Found ament_cmake: 2.5.4 (/opt/ros/jazzy/share/ament_cmake/cmake)
[0.863s] -- Found ament_lint_auto: 0.17.3 (/opt/ros/jazzy/share/ament_lint_auto/cmake)
[3.423s] [31mCMake Error at CMakeLists.txt:38 (find_package):
[3.424s]   By not providing "Findgazebo_ros.cmake" in CMAKE_MODULE_PATH this project
[3.424s]   has asked CMake to find a package configuration file provided by
[3.424s]   "gazebo_ros", but CMake did not find one.
[3.424s] 
[3.424s]   Could not find a package configuration file provided by "gazebo_ros" with
[3.424s]   any of the following names:
[3.424s] 
[3.425s]     gazebo_rosConfig.cmake
[3.425s]     gazebo_ros-config.cmake
[3.425s] 
[3.425s]   Add the installation prefix of "gazebo_ros" to CMAKE_PREFIX_PATH or set
[3.425s]   "gazebo_ros_DIR" to a directory containing one of the above files.  If
[3.425s]   "gazebo_ros" provides a separate development package or SDK, be sure it has
[3.425s]   been installed.
[3.425s] 
[3.425s] [0m
[3.426s] -- Configuring incomplete, errors occurred!
[3.430s] Invoked command in '/home/malith/rarm_ws/build/ros2_linkattacher' returned '1': AMENT_PREFIX_PATH=/home/malith/rarm_ws/install/linkattacher_msgs:${AMENT_PREFIX_PATH} CMAKE_PREFIX_PATH=/home/malith/rarm_ws/install/linkattacher_msgs:/home/malith/rarm_ws/install/rarm_mvoeit:/home/malith/rarm_ws/install/rarm:/opt/ros/jazzy/opt/gz_sim_vendor:/opt/ros/jazzy/opt/gz_sensors_vendor:/opt/ros/jazzy/opt/gz_physics_vendor:/opt/ros/jazzy/opt/sdformat_vendor:/opt/ros/jazzy/opt/gz_gui_vendor:/opt/ros/jazzy/opt/gz_transport_vendor:/opt/ros/jazzy/opt/gz_rendering_vendor:/opt/ros/jazzy/opt/gz_plugin_vendor:/opt/ros/jazzy/opt/gz_fuel_tools_vendor:/opt/ros/jazzy/opt/gz_msgs_vendor:/opt/ros/jazzy/opt/gz_common_vendor:/opt/ros/jazzy/opt/gz_math_vendor:/opt/ros/jazzy/opt/gz_utils_vendor:/opt/ros/jazzy/opt/gz_tools_vendor:/opt/ros/jazzy/opt/gz_ogre_next_vendor:/opt/ros/jazzy/opt/gz_dartsim_vendor:/opt/ros/jazzy/opt/gz_cmake_vendor:/opt/ros/jazzy LD_LIBRARY_PATH=/home/malith/rarm_ws/install/linkattacher_msgs/lib:${LD_LIBRARY_PATH} PYTHONPATH=/home/malith/rarm_ws/install/linkattacher_msgs/lib/python3.12/site-packages:${PYTHONPATH} /usr/bin/cmake /home/malith/rarm_ws/src/IFRA_LinkAttacher/ros2_LinkAttacher -DCMAKE_INSTALL_PREFIX=/home/malith/rarm_ws/install/ros2_linkattacher
