-- The C compiler identification is GNU 13.3.0
-- The CXX compiler identification is GNU 13.3.0
-- Detecting C compiler ABI info
-- Detecting C compiler ABI info - done
-- Check for working C compiler: /usr/bin/cc - skipped
-- Detecting C compile features
-- Detecting C compile features - done
-- Detecting CXX compiler ABI info
-- Detecting CXX compiler ABI info - done
-- Check for working CXX compiler: /usr/bin/c++ - skipped
-- Detecting CXX compile features
-- Detecting CXX compile features - done
-- Found ament_cmake: 2.5.4 (/opt/ros/jazzy/share/ament_cmake/cmake)
-- Found Python3: /usr/bin/python3 (found version "3.12.3") found components: Interpreter 
-- Found rclcpp: 28.1.13 (/opt/ros/jazzy/share/rclcpp/cmake)
-- Found rosidl_generator_c: 4.6.6 (/opt/ros/jazzy/share/rosidl_generator_c/cmake)
-- Found rosidl_generator_cpp: 4.6.6 (/opt/ros/jazzy/share/rosidl_generator_cpp/cmake)
-- Using all available rosidl_typesupport_c: rosidl_typesupport_fastrtps_c;rosidl_typesupport_introspection_c
-- Using all available rosidl_typesupport_cpp: rosidl_typesupport_fastrtps_cpp;rosidl_typesupport_introspection_cpp
-- Found rmw_implementation_cmake: 7.3.2 (/opt/ros/jazzy/share/rmw_implementation_cmake/cmake)
-- Found rmw_fastrtps_cpp: 8.4.3 (/opt/ros/jazzy/share/rmw_fastrtps_cpp/cmake)
-- Found OpenSSL: /usr/lib/x86_64-linux-gnu/libcrypto.so (found version "3.0.13")  
-- Found FastRTPS: /opt/ros/jazzy/include (Required is at least version "2.13") 
-- Using RMW implementation 'rmw_fastrtps_cpp' as default
-- Found rclcpp_action: 28.1.13 (/opt/ros/jazzy/share/rclcpp_action/cmake)
-- Found control_msgs: 5.5.0 (/opt/ros/jazzy/share/control_msgs/cmake)
-- Found ament_lint_auto: 0.17.3 (/opt/ros/jazzy/share/ament_lint_auto/cmake)
-- Added test 'cppcheck' to perform static code analysis on C / C++ code
-- Configured cppcheck include dirs: 
-- Configured cppcheck exclude dirs and/or files: 
-- Added test 'flake8' to check Python code syntax and style conventions
-- Configured 'flake8' exclude dirs and/or files: 
-- Added test 'lint_cmake' to check CMake code style
-- Added test 'pep257' to check Python code against some of the docstring style conventions in PEP 257
-- Added test 'uncrustify' to check C / C++ code style
-- Configured uncrustify additional arguments: 
-- Added test 'xmllint' to check XML markup files
-- Configuring done (3.7s)
-- Generating done (0.0s)
-- Build files have been written to: /home/malith/rarm_ws/build/rarm_moveit
[ 50%] [32mBuilding CXX object CMakeFiles/arm_gripper_loop_controller.dir/src/arm_gripper_loop_controller.cpp.o[0m
[100%] [32m[1mLinking CXX executable arm_gripper_loop_controller[0m
[100%] Built target arm_gripper_loop_controller
-- Install configuration: ""
-- Installing: /home/malith/rarm_ws/install/rarm_moveit/share/rarm_moveit/scripts
-- Installing: /home/malith/rarm_ws/install/rarm_moveit/share/rarm_moveit/scripts/arm_gripper_loop_controller.py:Zone.Identifier
-- Installing: /home/malith/rarm_ws/install/rarm_moveit/share/rarm_moveit/scripts/__pycache__
-- Installing: /home/malith/rarm_ws/install/rarm_moveit/share/rarm_moveit/scripts/__pycache__/trajectory_planing.cpython-312.pyc
-- Installing: /home/malith/rarm_ws/install/rarm_moveit/share/rarm_moveit/scripts/arm_gripper_loop_controller.py
-- Installing: /home/malith/rarm_ws/install/rarm_moveit/share/rarm_moveit/scripts/tests
-- Installing: /home/malith/rarm_ws/install/rarm_moveit/share/rarm_moveit/scripts/tests/__pycache__
-- Installing: /home/malith/rarm_ws/install/rarm_moveit/share/rarm_moveit/scripts/tests/__pycache__/trajectory_planing_copy.cpython-312.pyc
-- Installing: /home/malith/rarm_ws/install/rarm_moveit/share/rarm_moveit/scripts/tests/trajectory_planing_copy.py
-- Installing: /home/malith/rarm_ws/install/rarm_moveit/share/rarm_moveit/scripts/tests/test_motion.py
-- Installing: /home/malith/rarm_ws/install/rarm_moveit/share/rarm_moveit/scripts/tests/test.py
-- Installing: /home/malith/rarm_ws/install/rarm_moveit/share/rarm_moveit/scripts/trajectory_planing.py
-- Installing: /home/malith/rarm_ws/install/rarm_moveit/share/rarm_moveit/src
-- Installing: /home/malith/rarm_ws/install/rarm_moveit/share/rarm_moveit/src/arm_gripper_loop_controller.cpp
-- Installing: /home/malith/rarm_ws/install/rarm_moveit/share/rarm_moveit/data
-- Installing: /home/malith/rarm_ws/install/rarm_moveit/lib/rarm_moveit/arm_gripper_loop_controller
-- Set non-toolchain portion of runtime path of "/home/malith/rarm_ws/install/rarm_moveit/lib/rarm_moveit/arm_gripper_loop_controller" to ""
-- Installing: /home/malith/rarm_ws/install/rarm_moveit/lib/rarm_moveit/arm_gripper_loop_controller.py
-- Installing: /home/malith/rarm_ws/install/rarm_moveit/lib/rarm_moveit/trajectory_planing.py
-- Installing: /home/malith/rarm_ws/install/rarm_moveit/lib/rarm_moveit/test_motion.py
-- Installing: /home/malith/rarm_ws/install/rarm_moveit/lib/rarm_moveit/trajectory_planing_copy.py
-- Installing: /home/malith/rarm_ws/install/rarm_moveit/share/ament_index/resource_index/package_run_dependencies/rarm_moveit
-- Installing: /home/malith/rarm_ws/install/rarm_moveit/share/ament_index/resource_index/parent_prefix_path/rarm_moveit
-- Installing: /home/malith/rarm_ws/install/rarm_moveit/share/rarm_moveit/environment/ament_prefix_path.sh
-- Installing: /home/malith/rarm_ws/install/rarm_moveit/share/rarm_moveit/environment/ament_prefix_path.dsv
-- Installing: /home/malith/rarm_ws/install/rarm_moveit/share/rarm_moveit/environment/path.sh
-- Installing: /home/malith/rarm_ws/install/rarm_moveit/share/rarm_moveit/environment/path.dsv
-- Installing: /home/malith/rarm_ws/install/rarm_moveit/share/rarm_moveit/local_setup.bash
-- Installing: /home/malith/rarm_ws/install/rarm_moveit/share/rarm_moveit/local_setup.sh
-- Installing: /home/malith/rarm_ws/install/rarm_moveit/share/rarm_moveit/local_setup.zsh
-- Installing: /home/malith/rarm_ws/install/rarm_moveit/share/rarm_moveit/local_setup.dsv
-- Installing: /home/malith/rarm_ws/install/rarm_moveit/share/rarm_moveit/package.dsv
-- Installing: /home/malith/rarm_ws/install/rarm_moveit/share/ament_index/resource_index/packages/rarm_moveit
-- Installing: /home/malith/rarm_ws/install/rarm_moveit/share/rarm_moveit/cmake/rarm_moveitConfig.cmake
-- Installing: /home/malith/rarm_ws/install/rarm_moveit/share/rarm_moveit/cmake/rarm_moveitConfig-version.cmake
-- Installing: /home/malith/rarm_ws/install/rarm_moveit/share/rarm_moveit/package.xml
