[0.017s] Invoking command in '/home/malith/rarm_ws/build/rarm_moveit': CMAKE_PREFIX_PATH=${CMAKE_PREFIX_PATH}:/opt/ros/jazzy /usr/bin/cmake /home/malith/rarm_ws/src/rarm_moveit -DCMAKE_INSTALL_PREFIX=/home/malith/rarm_ws/install/rarm_moveit
[0.117s] -- The C compiler identification is GNU 13.3.0
[0.599s] -- The CXX compiler identification is GNU 13.3.0
[1.081s] -- Detecting C compiler ABI info
[1.467s] -- Detecting C compiler ABI info - done
[1.477s] -- Check for working C compiler: /usr/bin/cc - skipped
[1.478s] -- Detecting C compile features
[1.478s] -- Detecting C compile features - done
[1.585s] -- Detecting CXX compiler ABI info
[1.825s] -- Detecting CXX compiler ABI info - done
[1.841s] -- Check for working CXX compiler: /usr/bin/c++ - skipped
[1.842s] -- Detecting CXX compile features
[1.843s] -- Detecting CXX compile features - done
[1.847s] -- Found ament_cmake: 2.5.4 (/opt/ros/jazzy/share/ament_cmake/cmake)
[2.006s] -- Found Python3: /usr/bin/python3 (found version "3.12.3") found components: Interpreter 
[2.136s] -- Found rclcpp: 28.1.13 (/opt/ros/jazzy/share/rclcpp/cmake)
[2.336s] -- Found rosidl_generator_c: 4.6.6 (/opt/ros/jazzy/share/rosidl_generator_c/cmake)
[2.356s] -- Found rosidl_generator_cpp: 4.6.6 (/opt/ros/jazzy/share/rosidl_generator_cpp/cmake)
[2.381s] -- Using all available rosidl_typesupport_c: rosidl_typesupport_fastrtps_c;rosidl_typesupport_introspection_c
[2.411s] -- Using all available rosidl_typesupport_cpp: rosidl_typesupport_fastrtps_cpp;rosidl_typesupport_introspection_cpp
[2.529s] -- Found rmw_implementation_cmake: 7.3.2 (/opt/ros/jazzy/share/rmw_implementation_cmake/cmake)
[2.534s] -- Found rmw_fastrtps_cpp: 8.4.3 (/opt/ros/jazzy/share/rmw_fastrtps_cpp/cmake)
[2.631s] -- Found OpenSSL: /usr/lib/x86_64-linux-gnu/libcrypto.so (found version "3.0.13")  
[2.859s] -- Found FastRTPS: /opt/ros/jazzy/include (Required is at least version "2.13") 
[3.002s] -- Using RMW implementation 'rmw_fastrtps_cpp' as default
[3.346s] -- Found rclcpp_action: 28.1.13 (/opt/ros/jazzy/share/rclcpp_action/cmake)
[3.401s] -- Found control_msgs: 5.5.0 (/opt/ros/jazzy/share/control_msgs/cmake)
[3.560s] -- Found ament_lint_auto: 0.17.3 (/opt/ros/jazzy/share/ament_lint_auto/cmake)
[3.683s] -- Added test 'cppcheck' to perform static code analysis on C / C++ code
[3.683s] -- Configured cppcheck include dirs: 
[3.683s] -- Configured cppcheck exclude dirs and/or files: 
[3.684s] -- Added test 'flake8' to check Python code syntax and style conventions
[3.684s] -- Configured 'flake8' exclude dirs and/or files: 
[3.685s] -- Added test 'lint_cmake' to check CMake code style
[3.686s] -- Added test 'pep257' to check Python code against some of the docstring style conventions in PEP 257
[3.687s] -- Added test 'uncrustify' to check C / C++ code style
[3.687s] -- Configured uncrustify additional arguments: 
[3.688s] -- Added test 'xmllint' to check XML markup files
[3.690s] -- Configuring done (3.7s)
[3.703s] -- Generating done (0.0s)
[3.708s] -- Build files have been written to: /home/malith/rarm_ws/build/rarm_moveit
[3.723s] Invoked command in '/home/malith/rarm_ws/build/rarm_moveit' returned '0': CMAKE_PREFIX_PATH=${CMAKE_PREFIX_PATH}:/opt/ros/jazzy /usr/bin/cmake /home/malith/rarm_ws/src/rarm_moveit -DCMAKE_INSTALL_PREFIX=/home/malith/rarm_ws/install/rarm_moveit
[3.724s] Invoking command in '/home/malith/rarm_ws/build/rarm_moveit': CMAKE_PREFIX_PATH=${CMAKE_PREFIX_PATH}:/opt/ros/jazzy /usr/bin/cmake --build /home/malith/rarm_ws/build/rarm_moveit -- -j8 -l8
[3.769s] [ 50%] [32mBuilding CXX object CMakeFiles/arm_gripper_loop_controller.dir/src/arm_gripper_loop_controller.cpp.o[0m
[9.916s] [100%] [32m[1mLinking CXX executable arm_gripper_loop_controller[0m
[10.259s] [100%] Built target arm_gripper_loop_controller
[10.272s] Invoked command in '/home/malith/rarm_ws/build/rarm_moveit' returned '0': CMAKE_PREFIX_PATH=${CMAKE_PREFIX_PATH}:/opt/ros/jazzy /usr/bin/cmake --build /home/malith/rarm_ws/build/rarm_moveit -- -j8 -l8
[10.274s] Invoking command in '/home/malith/rarm_ws/build/rarm_moveit': CMAKE_PREFIX_PATH=${CMAKE_PREFIX_PATH}:/opt/ros/jazzy /usr/bin/cmake --install /home/malith/rarm_ws/build/rarm_moveit
[10.282s] -- Install configuration: ""
[10.282s] -- Installing: /home/malith/rarm_ws/install/rarm_moveit/share/rarm_moveit/scripts
[10.283s] -- Installing: /home/malith/rarm_ws/install/rarm_moveit/share/rarm_moveit/scripts/arm_gripper_loop_controller.py:Zone.Identifier
[10.283s] -- Installing: /home/malith/rarm_ws/install/rarm_moveit/share/rarm_moveit/scripts/__pycache__
[10.283s] -- Installing: /home/malith/rarm_ws/install/rarm_moveit/share/rarm_moveit/scripts/__pycache__/trajectory_planing.cpython-312.pyc
[10.283s] -- Installing: /home/malith/rarm_ws/install/rarm_moveit/share/rarm_moveit/scripts/arm_gripper_loop_controller.py
[10.283s] -- Installing: /home/malith/rarm_ws/install/rarm_moveit/share/rarm_moveit/scripts/tests
[10.284s] -- Installing: /home/malith/rarm_ws/install/rarm_moveit/share/rarm_moveit/scripts/tests/__pycache__
[10.284s] -- Installing: /home/malith/rarm_ws/install/rarm_moveit/share/rarm_moveit/scripts/tests/__pycache__/trajectory_planing_copy.cpython-312.pyc
[10.284s] -- Installing: /home/malith/rarm_ws/install/rarm_moveit/share/rarm_moveit/scripts/tests/trajectory_planing_copy.py
[10.285s] -- Installing: /home/malith/rarm_ws/install/rarm_moveit/share/rarm_moveit/scripts/tests/test_motion.py
[10.285s] -- Installing: /home/malith/rarm_ws/install/rarm_moveit/share/rarm_moveit/scripts/tests/test.py
[10.285s] -- Installing: /home/malith/rarm_ws/install/rarm_moveit/share/rarm_moveit/scripts/trajectory_planing.py
[10.286s] -- Installing: /home/malith/rarm_ws/install/rarm_moveit/share/rarm_moveit/src
[10.286s] -- Installing: /home/malith/rarm_ws/install/rarm_moveit/share/rarm_moveit/src/arm_gripper_loop_controller.cpp
[10.286s] -- Installing: /home/malith/rarm_ws/install/rarm_moveit/share/rarm_moveit/data
[10.286s] -- Installing: /home/malith/rarm_ws/install/rarm_moveit/lib/rarm_moveit/arm_gripper_loop_controller
[10.288s] -- Set non-toolchain portion of runtime path of "/home/malith/rarm_ws/install/rarm_moveit/lib/rarm_moveit/arm_gripper_loop_controller" to ""
[10.288s] -- Installing: /home/malith/rarm_ws/install/rarm_moveit/lib/rarm_moveit/arm_gripper_loop_controller.py
[10.288s] -- Installing: /home/malith/rarm_ws/install/rarm_moveit/lib/rarm_moveit/trajectory_planing.py
[10.288s] -- Installing: /home/malith/rarm_ws/install/rarm_moveit/lib/rarm_moveit/test_motion.py
[10.289s] -- Installing: /home/malith/rarm_ws/install/rarm_moveit/lib/rarm_moveit/trajectory_planing_copy.py
[10.289s] -- Installing: /home/malith/rarm_ws/install/rarm_moveit/share/ament_index/resource_index/package_run_dependencies/rarm_moveit
[10.289s] -- Installing: /home/malith/rarm_ws/install/rarm_moveit/share/ament_index/resource_index/parent_prefix_path/rarm_moveit
[10.290s] -- Installing: /home/malith/rarm_ws/install/rarm_moveit/share/rarm_moveit/environment/ament_prefix_path.sh
[10.290s] -- Installing: /home/malith/rarm_ws/install/rarm_moveit/share/rarm_moveit/environment/ament_prefix_path.dsv
[10.290s] -- Installing: /home/malith/rarm_ws/install/rarm_moveit/share/rarm_moveit/environment/path.sh
[10.291s] -- Installing: /home/malith/rarm_ws/install/rarm_moveit/share/rarm_moveit/environment/path.dsv
[10.291s] -- Installing: /home/malith/rarm_ws/install/rarm_moveit/share/rarm_moveit/local_setup.bash
[10.291s] -- Installing: /home/malith/rarm_ws/install/rarm_moveit/share/rarm_moveit/local_setup.sh
[10.292s] -- Installing: /home/malith/rarm_ws/install/rarm_moveit/share/rarm_moveit/local_setup.zsh
[10.292s] -- Installing: /home/malith/rarm_ws/install/rarm_moveit/share/rarm_moveit/local_setup.dsv
[10.292s] -- Installing: /home/malith/rarm_ws/install/rarm_moveit/share/rarm_moveit/package.dsv
[10.292s] -- Installing: /home/malith/rarm_ws/install/rarm_moveit/share/ament_index/resource_index/packages/rarm_moveit
[10.293s] -- Installing: /home/malith/rarm_ws/install/rarm_moveit/share/rarm_moveit/cmake/rarm_moveitConfig.cmake
[10.293s] -- Installing: /home/malith/rarm_ws/install/rarm_moveit/share/rarm_moveit/cmake/rarm_moveitConfig-version.cmake
[10.293s] -- Installing: /home/malith/rarm_ws/install/rarm_moveit/share/rarm_moveit/package.xml
[10.295s] Invoked command in '/home/malith/rarm_ws/build/rarm_moveit' returned '0': CMAKE_PREFIX_PATH=${CMAKE_PREFIX_PATH}:/opt/ros/jazzy /usr/bin/cmake --install /home/malith/rarm_ws/build/rarm_moveit
