[0.026s] Invoking command in '/home/malith/rarm_ws/build/rarm_mvoeit': CMAKE_PREFIX_PATH=${CMAKE_PREFIX_PATH}:/opt/ros/jazzy /usr/bin/cmake --build /home/malith/rarm_ws/build/rarm_mvoeit -- -j8 -l8
[0.118s] -- Found ament_cmake: 2.5.4 (/opt/ros/jazzy/share/ament_cmake/cmake)
[0.596s] -- Found rclcpp: 28.1.13 (/opt/ros/jazzy/share/rclcpp/cmake)
[0.961s] -- Found rosidl_generator_c: 4.6.6 (/opt/ros/jazzy/share/rosidl_generator_c/cmake)
[0.979s] -- Found rosidl_generator_cpp: 4.6.6 (/opt/ros/jazzy/share/rosidl_generator_cpp/cmake)
[1.005s] -- Using all available rosidl_typesupport_c: rosidl_typesupport_fastrtps_c;rosidl_typesupport_introspection_c
[1.035s] -- Using all available rosidl_typesupport_cpp: rosidl_typesupport_fastrtps_cpp;rosidl_typesupport_introspection_cpp
[1.168s] -- Found rmw_implementation_cmake: 7.3.2 (/opt/ros/jazzy/share/rmw_implementation_cmake/cmake)
[1.171s] -- Found rmw_fastrtps_cpp: 8.4.3 (/opt/ros/jazzy/share/rmw_fastrtps_cpp/cmake)
[1.674s] -- Using RMW implementation 'rmw_fastrtps_cpp' as default
[2.129s] -- Found rclcpp_action: 28.1.13 (/opt/ros/jazzy/share/rclcpp_action/cmake)
[2.236s] -- Found control_msgs: 5.5.0 (/opt/ros/jazzy/share/control_msgs/cmake)
[2.514s] [31mCMake Error at CMakeLists.txt:42 (install):
[2.514s]   install PROGRAMS given directory "scripts/" to install.
[2.515s] 
[2.515s] [0m
[2.515s] -- Found ament_lint_auto: 0.17.3 (/opt/ros/jazzy/share/ament_lint_auto/cmake)
[2.809s] -- Added test 'cppcheck' to perform static code analysis on C / C++ code
[2.810s] -- Configured cppcheck include dirs: 
[2.810s] -- Configured cppcheck exclude dirs and/or files: 
[2.810s] -- Added test 'flake8' to check Python code syntax and style conventions
[2.810s] -- Configured 'flake8' exclude dirs and/or files: 
[2.811s] -- Added test 'lint_cmake' to check CMake code style
[2.812s] -- Added test 'pep257' to check Python code against some of the docstring style conventions in PEP 257
[2.813s] -- Added test 'uncrustify' to check C / C++ code style
[2.814s] -- Configured uncrustify additional arguments: 
[2.815s] -- Added test 'xmllint' to check XML markup files
[2.816s] -- Configuring incomplete, errors occurred!
[2.853s] gmake: *** [Makefile:267: cmake_check_build_system] Error 1
[2.864s] Invoked command in '/home/malith/rarm_ws/build/rarm_mvoeit' returned '2': CMAKE_PREFIX_PATH=${CMAKE_PREFIX_PATH}:/opt/ros/jazzy /usr/bin/cmake --build /home/malith/rarm_ws/build/rarm_mvoeit -- -j8 -l8
