[0.015s] Invoking command in '/home/malith/rarm_ws/build/rarm_mvoeit': CMAKE_PREFIX_PATH=${CMAKE_PREFIX_PATH}:/opt/ros/jazzy /usr/bin/cmake --build /home/malith/rarm_ws/build/rarm_mvoeit -- -j8 -l8
[0.056s] -- Found ament_cmake: 2.5.4 (/opt/ros/jazzy/share/ament_cmake/cmake)
[0.286s] -- Found rclcpp: 28.1.13 (/opt/ros/jazzy/share/rclcpp/cmake)
[0.479s] -- Found rosidl_generator_c: 4.6.6 (/opt/ros/jazzy/share/rosidl_generator_c/cmake)
[0.494s] -- Found rosidl_generator_cpp: 4.6.6 (/opt/ros/jazzy/share/rosidl_generator_cpp/cmake)
[0.519s] -- Using all available rosidl_typesupport_c: rosidl_typesupport_fastrtps_c;rosidl_typesupport_introspection_c
[0.542s] -- Using all available rosidl_typesupport_cpp: rosidl_typesupport_fastrtps_cpp;rosidl_typesupport_introspection_cpp
[0.635s] -- Found rmw_implementation_cmake: 7.3.2 (/opt/ros/jazzy/share/rmw_implementation_cmake/cmake)
[0.638s] -- Found rmw_fastrtps_cpp: 8.4.3 (/opt/ros/jazzy/share/rmw_fastrtps_cpp/cmake)
[0.931s] -- Using RMW implementation 'rmw_fastrtps_cpp' as default
[1.173s] -- Found rclcpp_action: 28.1.13 (/opt/ros/jazzy/share/rclcpp_action/cmake)
[1.230s] -- Found control_msgs: 5.5.0 (/opt/ros/jazzy/share/control_msgs/cmake)
[2.623s] [31mCMake Error at CMakeLists.txt:13 (find_package):
[2.623s]   By not providing "Findnumpy.cmake" in CMAKE_MODULE_PATH this project has
[2.623s]   asked CMake to find a package configuration file provided by "numpy", but
[2.623s]   CMake did not find one.
[2.623s] 
[2.623s]   Could not find a package configuration file provided by "numpy" with any of
[2.623s]   the following names:
[2.623s] 
[2.623s]     numpyConfig.cmake
[2.623s]     numpy-config.cmake
[2.623s] 
[2.624s]   Add the installation prefix of "numpy" to CMAKE_PREFIX_PATH or set
[2.624s]   "numpy_DIR" to a directory containing one of the above files.  If "numpy"
[2.624s]   provides a separate development package or SDK, be sure it has been
[2.624s]   installed.
[2.624s] 
[2.624s] [0m
[2.624s] -- Configuring incomplete, errors occurred!
[2.634s] gmake: *** [Makefile:267: cmake_check_build_system] Error 1
[2.635s] Invoked command in '/home/malith/rarm_ws/build/rarm_mvoeit' returned '2': CMAKE_PREFIX_PATH=${CMAKE_PREFIX_PATH}:/opt/ros/jazzy /usr/bin/cmake --build /home/malith/rarm_ws/build/rarm_mvoeit -- -j8 -l8
