[0.118s] DEBUG:colcon:Command line arguments: ['/usr/bin/colcon', 'build']
[0.118s] DEBUG:colcon:Parsed command line arguments: Namespace(log_base=None, log_level=None, verb_name='build', build_base='build', install_base='install', merge_install=False, symlink_install=False, test_result_base=None, continue_on_error=False, executor='parallel', parallel_workers=8, event_handlers=None, ignore_user_meta=False, metas=['./colcon.meta'], base_paths=['.'], packages_ignore=None, packages_ignore_regex=None, paths=None, packages_up_to=None, packages_up_to_regex=None, packages_above=None, packages_above_and_dependencies=None, packages_above_depth=None, packages_select_by_dep=None, packages_skip_by_dep=None, packages_skip_up_to=None, packages_select_build_failed=False, packages_skip_build_finished=False, packages_select_test_failures=False, packages_skip_test_passed=False, packages_select=None, packages_skip=None, packages_select_regex=None, packages_skip_regex=None, packages_start=None, packages_end=None, cmake_args=None, cmake_target=None, cmake_target_skip_unavailable=False, cmake_clean_cache=False, cmake_clean_first=False, cmake_force_configure=False, ament_cmake_args=None, catkin_cmake_args=None, catkin_skip_building_tests=False, verb_parser=<colcon_defaults.argument_parser.defaults.DefaultArgumentsDecorator object at 0x7ff5356ca270>, verb_extension=<colcon_core.verb.build.BuildVerb object at 0x7ff5356c9fa0>, main=<bound method BuildVerb.main of <colcon_core.verb.build.BuildVerb object at 0x7ff5356c9fa0>>)
[0.147s] Level 1:colcon.colcon_core.package_discovery:discover_packages(colcon_meta) check parameters
[0.147s] Level 1:colcon.colcon_core.package_discovery:discover_packages(recursive) check parameters
[0.147s] Level 1:colcon.colcon_core.package_discovery:discover_packages(ignore) check parameters
[0.147s] Level 1:colcon.colcon_core.package_discovery:discover_packages(path) check parameters
[0.147s] Level 1:colcon.colcon_core.package_discovery:discover_packages(colcon_meta) discover
[0.147s] Level 1:colcon.colcon_core.package_discovery:discover_packages(recursive) discover
[0.147s] INFO:colcon.colcon_core.package_discovery:Crawling recursively for packages in '/home/malith/rarm_ws'
[0.147s] Level 1:colcon.colcon_core.package_identification:_identify(.) by extensions ['ignore', 'ignore_ament_install']
[0.147s] Level 1:colcon.colcon_core.package_identification:_identify(.) by extension 'ignore'
[0.147s] Level 1:colcon.colcon_core.package_identification:_identify(.) by extension 'ignore_ament_install'
[0.147s] Level 1:colcon.colcon_core.package_identification:_identify(.) by extensions ['colcon_pkg']
[0.147s] Level 1:colcon.colcon_core.package_identification:_identify(.) by extension 'colcon_pkg'
[0.147s] Level 1:colcon.colcon_core.package_identification:_identify(.) by extensions ['colcon_meta']
[0.147s] Level 1:colcon.colcon_core.package_identification:_identify(.) by extension 'colcon_meta'
[0.147s] Level 1:colcon.colcon_core.package_identification:_identify(.) by extensions ['ros']
[0.147s] Level 1:colcon.colcon_core.package_identification:_identify(.) by extension 'ros'
[0.167s] Level 1:colcon.colcon_core.package_identification:_identify(.) by extensions ['cmake', 'python']
[0.167s] Level 1:colcon.colcon_core.package_identification:_identify(.) by extension 'cmake'
[0.167s] Level 1:colcon.colcon_core.package_identification:_identify(.) by extension 'python'
[0.167s] Level 1:colcon.colcon_core.package_identification:_identify(.) by extensions ['python_setup_py']
[0.167s] Level 1:colcon.colcon_core.package_identification:_identify(.) by extension 'python_setup_py'
[0.168s] Level 1:colcon.colcon_core.package_identification:_identify(build) by extensions ['ignore', 'ignore_ament_install']
[0.168s] Level 1:colcon.colcon_core.package_identification:_identify(build) by extension 'ignore'
[0.168s] Level 1:colcon.colcon_core.package_identification:_identify(build) ignored
[0.168s] Level 1:colcon.colcon_core.package_identification:_identify(install) by extensions ['ignore', 'ignore_ament_install']
[0.168s] Level 1:colcon.colcon_core.package_identification:_identify(install) by extension 'ignore'
[0.168s] Level 1:colcon.colcon_core.package_identification:_identify(install) ignored
[0.168s] Level 1:colcon.colcon_core.package_identification:_identify(log) by extensions ['ignore', 'ignore_ament_install']
[0.168s] Level 1:colcon.colcon_core.package_identification:_identify(log) by extension 'ignore'
[0.168s] Level 1:colcon.colcon_core.package_identification:_identify(log) ignored
[0.168s] Level 1:colcon.colcon_core.package_identification:_identify(src) by extensions ['ignore', 'ignore_ament_install']
[0.168s] Level 1:colcon.colcon_core.package_identification:_identify(src) by extension 'ignore'
[0.168s] Level 1:colcon.colcon_core.package_identification:_identify(src) by extension 'ignore_ament_install'
[0.168s] Level 1:colcon.colcon_core.package_identification:_identify(src) by extensions ['colcon_pkg']
[0.168s] Level 1:colcon.colcon_core.package_identification:_identify(src) by extension 'colcon_pkg'
[0.168s] Level 1:colcon.colcon_core.package_identification:_identify(src) by extensions ['colcon_meta']
[0.168s] Level 1:colcon.colcon_core.package_identification:_identify(src) by extension 'colcon_meta'
[0.168s] Level 1:colcon.colcon_core.package_identification:_identify(src) by extensions ['ros']
[0.168s] Level 1:colcon.colcon_core.package_identification:_identify(src) by extension 'ros'
[0.168s] Level 1:colcon.colcon_core.package_identification:_identify(src) by extensions ['cmake', 'python']
[0.168s] Level 1:colcon.colcon_core.package_identification:_identify(src) by extension 'cmake'
[0.168s] Level 1:colcon.colcon_core.package_identification:_identify(src) by extension 'python'
[0.168s] Level 1:colcon.colcon_core.package_identification:_identify(src) by extensions ['python_setup_py']
[0.169s] Level 1:colcon.colcon_core.package_identification:_identify(src) by extension 'python_setup_py'
[0.169s] Level 1:colcon.colcon_core.package_identification:_identify(src/rarm) by extensions ['ignore', 'ignore_ament_install']
[0.169s] Level 1:colcon.colcon_core.package_identification:_identify(src/rarm) by extension 'ignore'
[0.169s] Level 1:colcon.colcon_core.package_identification:_identify(src/rarm) by extension 'ignore_ament_install'
[0.169s] Level 1:colcon.colcon_core.package_identification:_identify(src/rarm) by extensions ['colcon_pkg']
[0.169s] Level 1:colcon.colcon_core.package_identification:_identify(src/rarm) by extension 'colcon_pkg'
[0.169s] Level 1:colcon.colcon_core.package_identification:_identify(src/rarm) by extensions ['colcon_meta']
[0.169s] Level 1:colcon.colcon_core.package_identification:_identify(src/rarm) by extension 'colcon_meta'
[0.169s] Level 1:colcon.colcon_core.package_identification:_identify(src/rarm) by extensions ['ros']
[0.169s] Level 1:colcon.colcon_core.package_identification:_identify(src/rarm) by extension 'ros'
[0.172s] DEBUG:colcon.colcon_core.package_identification:Package 'src/rarm' with type 'ros.ament_cmake' and name 'rarm'
[0.172s] Level 1:colcon.colcon_core.package_identification:_identify(src/rarm_moveit) by extensions ['ignore', 'ignore_ament_install']
[0.172s] Level 1:colcon.colcon_core.package_identification:_identify(src/rarm_moveit) by extension 'ignore'
[0.172s] Level 1:colcon.colcon_core.package_identification:_identify(src/rarm_moveit) by extension 'ignore_ament_install'
[0.172s] Level 1:colcon.colcon_core.package_identification:_identify(src/rarm_moveit) by extensions ['colcon_pkg']
[0.172s] Level 1:colcon.colcon_core.package_identification:_identify(src/rarm_moveit) by extension 'colcon_pkg'
[0.172s] Level 1:colcon.colcon_core.package_identification:_identify(src/rarm_moveit) by extensions ['colcon_meta']
[0.172s] Level 1:colcon.colcon_core.package_identification:_identify(src/rarm_moveit) by extension 'colcon_meta'
[0.173s] Level 1:colcon.colcon_core.package_identification:_identify(src/rarm_moveit) by extensions ['ros']
[0.173s] Level 1:colcon.colcon_core.package_identification:_identify(src/rarm_moveit) by extension 'ros'
[0.173s] DEBUG:colcon.colcon_core.package_identification:Package 'src/rarm_moveit' with type 'ros.ament_cmake' and name 'rarm_moveit'
[0.173s] Level 1:colcon.colcon_core.package_discovery:discover_packages(recursive) using defaults
[0.173s] Level 1:colcon.colcon_core.package_discovery:discover_packages(ignore) discover
[0.173s] Level 1:colcon.colcon_core.package_discovery:discover_packages(ignore) using defaults
[0.173s] Level 1:colcon.colcon_core.package_discovery:discover_packages(path) discover
[0.173s] Level 1:colcon.colcon_core.package_discovery:discover_packages(path) using defaults
[0.188s] Level 5:colcon.colcon_core.verb:set package 'rarm' build argument 'cmake_args' from command line to 'None'
[0.188s] Level 5:colcon.colcon_core.verb:set package 'rarm' build argument 'cmake_target' from command line to 'None'
[0.188s] Level 5:colcon.colcon_core.verb:set package 'rarm' build argument 'cmake_target_skip_unavailable' from command line to 'False'
[0.188s] Level 5:colcon.colcon_core.verb:set package 'rarm' build argument 'cmake_clean_cache' from command line to 'False'
[0.188s] Level 5:colcon.colcon_core.verb:set package 'rarm' build argument 'cmake_clean_first' from command line to 'False'
[0.188s] Level 5:colcon.colcon_core.verb:set package 'rarm' build argument 'cmake_force_configure' from command line to 'False'
[0.188s] Level 5:colcon.colcon_core.verb:set package 'rarm' build argument 'ament_cmake_args' from command line to 'None'
[0.188s] Level 5:colcon.colcon_core.verb:set package 'rarm' build argument 'catkin_cmake_args' from command line to 'None'
[0.188s] Level 5:colcon.colcon_core.verb:set package 'rarm' build argument 'catkin_skip_building_tests' from command line to 'False'
[0.188s] DEBUG:colcon.colcon_core.verb:Building package 'rarm' with the following arguments: {'ament_cmake_args': None, 'build_base': '/home/malith/rarm_ws/build/rarm', 'catkin_cmake_args': None, 'catkin_skip_building_tests': False, 'cmake_args': None, 'cmake_clean_cache': False, 'cmake_clean_first': False, 'cmake_force_configure': False, 'cmake_target': None, 'cmake_target_skip_unavailable': False, 'install_base': '/home/malith/rarm_ws/install/rarm', 'merge_install': False, 'path': '/home/malith/rarm_ws/src/rarm', 'symlink_install': False, 'test_result_base': None}
[0.189s] Level 5:colcon.colcon_core.verb:set package 'rarm_moveit' build argument 'cmake_args' from command line to 'None'
[0.189s] Level 5:colcon.colcon_core.verb:set package 'rarm_moveit' build argument 'cmake_target' from command line to 'None'
[0.189s] Level 5:colcon.colcon_core.verb:set package 'rarm_moveit' build argument 'cmake_target_skip_unavailable' from command line to 'False'
[0.189s] Level 5:colcon.colcon_core.verb:set package 'rarm_moveit' build argument 'cmake_clean_cache' from command line to 'False'
[0.189s] Level 5:colcon.colcon_core.verb:set package 'rarm_moveit' build argument 'cmake_clean_first' from command line to 'False'
[0.189s] Level 5:colcon.colcon_core.verb:set package 'rarm_moveit' build argument 'cmake_force_configure' from command line to 'False'
[0.189s] Level 5:colcon.colcon_core.verb:set package 'rarm_moveit' build argument 'ament_cmake_args' from command line to 'None'
[0.189s] Level 5:colcon.colcon_core.verb:set package 'rarm_moveit' build argument 'catkin_cmake_args' from command line to 'None'
[0.189s] Level 5:colcon.colcon_core.verb:set package 'rarm_moveit' build argument 'catkin_skip_building_tests' from command line to 'False'
[0.189s] DEBUG:colcon.colcon_core.verb:Building package 'rarm_moveit' with the following arguments: {'ament_cmake_args': None, 'build_base': '/home/malith/rarm_ws/build/rarm_moveit', 'catkin_cmake_args': None, 'catkin_skip_building_tests': False, 'cmake_args': None, 'cmake_clean_cache': False, 'cmake_clean_first': False, 'cmake_force_configure': False, 'cmake_target': None, 'cmake_target_skip_unavailable': False, 'install_base': '/home/malith/rarm_ws/install/rarm_moveit', 'merge_install': False, 'path': '/home/malith/rarm_ws/src/rarm_moveit', 'symlink_install': False, 'test_result_base': None}
[0.189s] INFO:colcon.colcon_core.executor:Executing jobs using 'parallel' executor
[0.190s] DEBUG:colcon.colcon_parallel_executor.executor.parallel:run_until_complete
[0.190s] INFO:colcon.colcon_ros.task.ament_cmake.build:Building ROS package in '/home/malith/rarm_ws/src/rarm' with build type 'ament_cmake'
[0.190s] INFO:colcon.colcon_cmake.task.cmake.build:Building CMake package in '/home/malith/rarm_ws/src/rarm'
[0.192s] INFO:colcon.colcon_core.plugin_system:Skipping extension 'colcon_core.shell.bat': Not used on non-Windows systems
[0.192s] DEBUG:colcon.colcon_core.shell:Skip shell extension 'dsv' for command environment
[0.193s] WARNING:colcon.colcon_ros.prefix_path.ament:The path '/home/malith/rarm_ws/install/rarm_mvoeit' in the environment variable AMENT_PREFIX_PATH doesn't exist
[0.193s] WARNING:colcon.colcon_ros.prefix_path.ament:The path '/home/malith/rarm_ws/install/rarm' in the environment variable AMENT_PREFIX_PATH doesn't exist
[0.193s] WARNING:colcon.colcon_ros.prefix_path.catkin:The path '/home/malith/rarm_ws/install/rarm_mvoeit' in the environment variable CMAKE_PREFIX_PATH doesn't exist
[0.193s] WARNING:colcon.colcon_ros.prefix_path.catkin:The path '/home/malith/rarm_ws/install/rarm' in the environment variable CMAKE_PREFIX_PATH doesn't exist
[0.196s] INFO:colcon.colcon_ros.task.ament_cmake.build:Building ROS package in '/home/malith/rarm_ws/src/rarm_moveit' with build type 'ament_cmake'
[0.196s] INFO:colcon.colcon_cmake.task.cmake.build:Building CMake package in '/home/malith/rarm_ws/src/rarm_moveit'
[0.197s] DEBUG:colcon.colcon_core.shell:Skip shell extension 'dsv' for command environment
[0.206s] DEBUG:colcon.colcon_core.event_handler.log_command:Invoking command in '/home/malith/rarm_ws/build/rarm': CMAKE_PREFIX_PATH=${CMAKE_PREFIX_PATH}:/opt/ros/jazzy /usr/bin/cmake /home/malith/rarm_ws/src/rarm -DCMAKE_INSTALL_PREFIX=/home/malith/rarm_ws/install/rarm
[0.213s] DEBUG:colcon.colcon_core.event_handler.log_command:Invoking command in '/home/malith/rarm_ws/build/rarm_moveit': CMAKE_PREFIX_PATH=${CMAKE_PREFIX_PATH}:/opt/ros/jazzy /usr/bin/cmake /home/malith/rarm_ws/src/rarm_moveit -DCMAKE_INSTALL_PREFIX=/home/malith/rarm_ws/install/rarm_moveit
[3.919s] DEBUG:colcon.colcon_core.event_handler.log_command:Invoked command in '/home/malith/rarm_ws/build/rarm_moveit' returned '0': CMAKE_PREFIX_PATH=${CMAKE_PREFIX_PATH}:/opt/ros/jazzy /usr/bin/cmake /home/malith/rarm_ws/src/rarm_moveit -DCMAKE_INSTALL_PREFIX=/home/malith/rarm_ws/install/rarm_moveit
[3.921s] DEBUG:colcon.colcon_core.event_handler.log_command:Invoking command in '/home/malith/rarm_ws/build/rarm_moveit': CMAKE_PREFIX_PATH=${CMAKE_PREFIX_PATH}:/opt/ros/jazzy /usr/bin/cmake --build /home/malith/rarm_ws/build/rarm_moveit -- -j8 -l8
[9.489s] DEBUG:colcon.colcon_core.event_handler.log_command:Invoked command in '/home/malith/rarm_ws/build/rarm' returned '0': CMAKE_PREFIX_PATH=${CMAKE_PREFIX_PATH}:/opt/ros/jazzy /usr/bin/cmake /home/malith/rarm_ws/src/rarm -DCMAKE_INSTALL_PREFIX=/home/malith/rarm_ws/install/rarm
[9.491s] DEBUG:colcon.colcon_core.event_handler.log_command:Invoking command in '/home/malith/rarm_ws/build/rarm': CMAKE_PREFIX_PATH=${CMAKE_PREFIX_PATH}:/opt/ros/jazzy /usr/bin/cmake --build /home/malith/rarm_ws/build/rarm -- -j8 -l8
[9.547s] DEBUG:colcon.colcon_core.event_handler.log_command:Invoked command in '/home/malith/rarm_ws/build/rarm' returned '0': CMAKE_PREFIX_PATH=${CMAKE_PREFIX_PATH}:/opt/ros/jazzy /usr/bin/cmake --build /home/malith/rarm_ws/build/rarm -- -j8 -l8
[9.561s] DEBUG:colcon.colcon_core.event_handler.log_command:Invoking command in '/home/malith/rarm_ws/build/rarm': CMAKE_PREFIX_PATH=${CMAKE_PREFIX_PATH}:/opt/ros/jazzy /usr/bin/cmake --install /home/malith/rarm_ws/build/rarm
[9.613s] Level 1:colcon.colcon_core.environment:create_environment_scripts_only(rarm)
[9.614s] DEBUG:colcon.colcon_core.event_handler.log_command:Invoked command in '/home/malith/rarm_ws/build/rarm' returned '0': CMAKE_PREFIX_PATH=${CMAKE_PREFIX_PATH}:/opt/ros/jazzy /usr/bin/cmake --install /home/malith/rarm_ws/build/rarm
[9.617s] Level 1:colcon.colcon_core.environment:checking '/home/malith/rarm_ws/install/rarm' for CMake module files
[9.618s] Level 1:colcon.colcon_core.environment:checking '/home/malith/rarm_ws/install/rarm' for CMake config files
[9.619s] Level 1:colcon.colcon_core.shell:create_environment_hook('rarm', 'cmake_prefix_path')
[9.619s] INFO:colcon.colcon_core.shell:Creating environment descriptor '/home/malith/rarm_ws/install/rarm/share/rarm/hook/cmake_prefix_path.dsv'
[9.620s] INFO:colcon.colcon_core.shell:Creating environment hook '/home/malith/rarm_ws/install/rarm/share/rarm/hook/cmake_prefix_path.sh'
[9.621s] Level 1:colcon.colcon_core.environment:checking '/home/malith/rarm_ws/install/rarm/bin'
[9.622s] Level 1:colcon.colcon_core.environment:checking '/home/malith/rarm_ws/install/rarm/lib/pkgconfig/rarm.pc'
[9.625s] Level 1:colcon.colcon_core.environment:checking '/home/malith/rarm_ws/install/rarm/lib/python3.12/site-packages'
[9.625s] Level 1:colcon.colcon_core.environment:checking '/home/malith/rarm_ws/install/rarm/bin'
[9.626s] INFO:colcon.colcon_core.shell:Creating package descriptor '/home/malith/rarm_ws/install/rarm/share/rarm/package.dsv'
[9.627s] INFO:colcon.colcon_core.shell:Creating package script '/home/malith/rarm_ws/install/rarm/share/rarm/package.sh'
[9.628s] INFO:colcon.colcon_core.shell:Creating package script '/home/malith/rarm_ws/install/rarm/share/rarm/package.bash'
[9.629s] INFO:colcon.colcon_core.shell:Creating package script '/home/malith/rarm_ws/install/rarm/share/rarm/package.zsh'
[9.630s] Level 1:colcon.colcon_core.environment:create_file_with_runtime_dependencies(/home/malith/rarm_ws/install/rarm/share/colcon-core/packages/rarm)
[9.631s] Level 1:colcon.colcon_core.environment:create_environment_scripts_only(rarm)
[9.632s] Level 1:colcon.colcon_core.environment:checking '/home/malith/rarm_ws/install/rarm' for CMake module files
[9.633s] Level 1:colcon.colcon_core.environment:checking '/home/malith/rarm_ws/install/rarm' for CMake config files
[9.633s] Level 1:colcon.colcon_core.shell:create_environment_hook('rarm', 'cmake_prefix_path')
[9.633s] INFO:colcon.colcon_core.shell:Creating environment descriptor '/home/malith/rarm_ws/install/rarm/share/rarm/hook/cmake_prefix_path.dsv'
[9.634s] INFO:colcon.colcon_core.shell:Creating environment hook '/home/malith/rarm_ws/install/rarm/share/rarm/hook/cmake_prefix_path.sh'
[9.635s] Level 1:colcon.colcon_core.environment:checking '/home/malith/rarm_ws/install/rarm/bin'
[9.635s] Level 1:colcon.colcon_core.environment:checking '/home/malith/rarm_ws/install/rarm/lib/pkgconfig/rarm.pc'
[9.635s] Level 1:colcon.colcon_core.environment:checking '/home/malith/rarm_ws/install/rarm/lib/python3.12/site-packages'
[9.635s] Level 1:colcon.colcon_core.environment:checking '/home/malith/rarm_ws/install/rarm/bin'
[9.635s] INFO:colcon.colcon_core.shell:Creating package descriptor '/home/malith/rarm_ws/install/rarm/share/rarm/package.dsv'
[9.636s] INFO:colcon.colcon_core.shell:Creating package script '/home/malith/rarm_ws/install/rarm/share/rarm/package.sh'
[9.636s] INFO:colcon.colcon_core.shell:Creating package script '/home/malith/rarm_ws/install/rarm/share/rarm/package.bash'
[9.637s] INFO:colcon.colcon_core.shell:Creating package script '/home/malith/rarm_ws/install/rarm/share/rarm/package.zsh'
[9.637s] Level 1:colcon.colcon_core.environment:create_file_with_runtime_dependencies(/home/malith/rarm_ws/install/rarm/share/colcon-core/packages/rarm)
[10.468s] DEBUG:colcon.colcon_core.event_handler.log_command:Invoked command in '/home/malith/rarm_ws/build/rarm_moveit' returned '0': CMAKE_PREFIX_PATH=${CMAKE_PREFIX_PATH}:/opt/ros/jazzy /usr/bin/cmake --build /home/malith/rarm_ws/build/rarm_moveit -- -j8 -l8
[10.470s] DEBUG:colcon.colcon_core.event_handler.log_command:Invoking command in '/home/malith/rarm_ws/build/rarm_moveit': CMAKE_PREFIX_PATH=${CMAKE_PREFIX_PATH}:/opt/ros/jazzy /usr/bin/cmake --install /home/malith/rarm_ws/build/rarm_moveit
[10.490s] Level 1:colcon.colcon_core.environment:create_environment_scripts_only(rarm_moveit)
[10.491s] Level 1:colcon.colcon_core.environment:checking '/home/malith/rarm_ws/install/rarm_moveit' for CMake module files
[10.492s] DEBUG:colcon.colcon_core.event_handler.log_command:Invoked command in '/home/malith/rarm_ws/build/rarm_moveit' returned '0': CMAKE_PREFIX_PATH=${CMAKE_PREFIX_PATH}:/opt/ros/jazzy /usr/bin/cmake --install /home/malith/rarm_ws/build/rarm_moveit
[10.492s] Level 1:colcon.colcon_core.environment:checking '/home/malith/rarm_ws/install/rarm_moveit' for CMake config files
[10.493s] Level 1:colcon.colcon_core.shell:create_environment_hook('rarm_moveit', 'cmake_prefix_path')
[10.493s] INFO:colcon.colcon_core.shell:Creating environment descriptor '/home/malith/rarm_ws/install/rarm_moveit/share/rarm_moveit/hook/cmake_prefix_path.dsv'
[10.493s] INFO:colcon.colcon_core.shell:Creating environment hook '/home/malith/rarm_ws/install/rarm_moveit/share/rarm_moveit/hook/cmake_prefix_path.sh'
[10.494s] Level 1:colcon.colcon_core.environment:checking '/home/malith/rarm_ws/install/rarm_moveit/lib'
[10.494s] Level 1:colcon.colcon_core.environment:checking '/home/malith/rarm_ws/install/rarm_moveit/bin'
[10.494s] Level 1:colcon.colcon_core.environment:checking '/home/malith/rarm_ws/install/rarm_moveit/lib/pkgconfig/rarm_moveit.pc'
[10.495s] Level 1:colcon.colcon_core.environment:checking '/home/malith/rarm_ws/install/rarm_moveit/lib/python3.12/site-packages'
[10.495s] Level 1:colcon.colcon_core.environment:checking '/home/malith/rarm_ws/install/rarm_moveit/bin'
[10.495s] INFO:colcon.colcon_core.shell:Creating package descriptor '/home/malith/rarm_ws/install/rarm_moveit/share/rarm_moveit/package.dsv'
[10.495s] INFO:colcon.colcon_core.shell:Creating package script '/home/malith/rarm_ws/install/rarm_moveit/share/rarm_moveit/package.sh'
[10.496s] INFO:colcon.colcon_core.shell:Creating package script '/home/malith/rarm_ws/install/rarm_moveit/share/rarm_moveit/package.bash'
[10.496s] INFO:colcon.colcon_core.shell:Creating package script '/home/malith/rarm_ws/install/rarm_moveit/share/rarm_moveit/package.zsh'
[10.497s] Level 1:colcon.colcon_core.environment:create_file_with_runtime_dependencies(/home/malith/rarm_ws/install/rarm_moveit/share/colcon-core/packages/rarm_moveit)
[10.497s] Level 1:colcon.colcon_core.environment:create_environment_scripts_only(rarm_moveit)
[10.497s] Level 1:colcon.colcon_core.environment:checking '/home/malith/rarm_ws/install/rarm_moveit' for CMake module files
[10.498s] Level 1:colcon.colcon_core.environment:checking '/home/malith/rarm_ws/install/rarm_moveit' for CMake config files
[10.498s] Level 1:colcon.colcon_core.shell:create_environment_hook('rarm_moveit', 'cmake_prefix_path')
[10.499s] INFO:colcon.colcon_core.shell:Creating environment descriptor '/home/malith/rarm_ws/install/rarm_moveit/share/rarm_moveit/hook/cmake_prefix_path.dsv'
[10.499s] INFO:colcon.colcon_core.shell:Creating environment hook '/home/malith/rarm_ws/install/rarm_moveit/share/rarm_moveit/hook/cmake_prefix_path.sh'
[10.500s] Level 1:colcon.colcon_core.environment:checking '/home/malith/rarm_ws/install/rarm_moveit/lib'
[10.500s] Level 1:colcon.colcon_core.environment:checking '/home/malith/rarm_ws/install/rarm_moveit/bin'
[10.500s] Level 1:colcon.colcon_core.environment:checking '/home/malith/rarm_ws/install/rarm_moveit/lib/pkgconfig/rarm_moveit.pc'
[10.500s] Level 1:colcon.colcon_core.environment:checking '/home/malith/rarm_ws/install/rarm_moveit/lib/python3.12/site-packages'
[10.501s] Level 1:colcon.colcon_core.environment:checking '/home/malith/rarm_ws/install/rarm_moveit/bin'
[10.501s] INFO:colcon.colcon_core.shell:Creating package descriptor '/home/malith/rarm_ws/install/rarm_moveit/share/rarm_moveit/package.dsv'
[10.502s] INFO:colcon.colcon_core.shell:Creating package script '/home/malith/rarm_ws/install/rarm_moveit/share/rarm_moveit/package.sh'
[10.502s] INFO:colcon.colcon_core.shell:Creating package script '/home/malith/rarm_ws/install/rarm_moveit/share/rarm_moveit/package.bash'
[10.503s] INFO:colcon.colcon_core.shell:Creating package script '/home/malith/rarm_ws/install/rarm_moveit/share/rarm_moveit/package.zsh'
[10.503s] Level 1:colcon.colcon_core.environment:create_file_with_runtime_dependencies(/home/malith/rarm_ws/install/rarm_moveit/share/colcon-core/packages/rarm_moveit)
[10.504s] DEBUG:colcon.colcon_parallel_executor.executor.parallel:closing loop
[10.505s] DEBUG:colcon.colcon_parallel_executor.executor.parallel:loop closed
[10.505s] DEBUG:colcon.colcon_parallel_executor.executor.parallel:run_until_complete finished with '0'
[10.505s] DEBUG:colcon.colcon_core.event_reactor:joining thread
[10.576s] INFO:colcon.colcon_core.plugin_system:Skipping extension 'colcon_notification.desktop_notification.notify_send': Could not find 'notify-send'
[10.577s] INFO:colcon.colcon_core.plugin_system:Skipping extension 'colcon_notification.desktop_notification.terminal_notifier': Not used on non-Darwin systems
[10.577s] INFO:colcon.colcon_core.plugin_system:Skipping extension 'colcon_notification.desktop_notification.win32': Not used on non-Windows systems
[10.577s] INFO:colcon.colcon_notification.desktop_notification:Sending desktop notification using 'notify2'
[10.578s] DEBUG:colcon.colcon_notification.desktop_notification.notify2:Failed to initialize notify2: org.freedesktop.DBus.Error.ServiceUnknown: The name org.freedesktop.Notifications was not provided by any .service files
[10.578s] DEBUG:colcon.colcon_core.event_reactor:joined thread
[10.579s] INFO:colcon.colcon_core.shell:Creating prefix script '/home/malith/rarm_ws/install/local_setup.sh'
[10.580s] INFO:colcon.colcon_core.shell:Creating prefix util module '/home/malith/rarm_ws/install/_local_setup_util_sh.py'
[10.581s] INFO:colcon.colcon_core.shell:Creating prefix chain script '/home/malith/rarm_ws/install/setup.sh'
[10.582s] INFO:colcon.colcon_core.shell:Creating prefix script '/home/malith/rarm_ws/install/local_setup.bash'
[10.583s] INFO:colcon.colcon_core.shell:Creating prefix chain script '/home/malith/rarm_ws/install/setup.bash'
[10.584s] INFO:colcon.colcon_core.shell:Creating prefix script '/home/malith/rarm_ws/install/local_setup.zsh'
[10.584s] INFO:colcon.colcon_core.shell:Creating prefix chain script '/home/malith/rarm_ws/install/setup.zsh'
