[0.015s] Invoking command in '/home/malith/rarm_ws/build/rarm': CMAKE_PREFIX_PATH=${CMAKE_PREFIX_PATH}:/opt/ros/jazzy /usr/bin/cmake /home/malith/rarm_ws/src/rarm -DCMAKE_INSTALL_PREFIX=/home/malith/rarm_ws/install/rarm
[0.123s] -- The C compiler identification is GNU 13.3.0
[0.599s] -- The CXX compiler identification is GNU 13.3.0
[1.079s] -- Detecting C compiler ABI info
[1.466s] -- Detecting C compiler ABI info - done
[1.477s] -- Check for working C compiler: /usr/bin/cc - skipped
[1.477s] -- Detecting C compile features
[1.478s] -- Detecting C compile features - done
[1.591s] -- Detecting CXX compiler ABI info
[1.830s] -- Detecting CXX compiler ABI info - done
[1.843s] -- Check for working CXX compiler: /usr/bin/c++ - skipped
[1.843s] -- Detecting CXX compile features
[1.844s] -- Detecting CXX compile features - done
[1.848s] -- Found ament_cmake: 2.5.4 (/opt/ros/jazzy/share/ament_cmake/cmake)
[2.009s] -- Found Python3: /usr/bin/python3 (found version "3.12.3") found components: Interpreter 
[2.144s] -- Found controller_manager: 4.39.2 (/opt/ros/jazzy/share/controller_manager/cmake)
[2.365s] -- Found rosidl_generator_c: 4.6.6 (/opt/ros/jazzy/share/rosidl_generator_c/cmake)
[2.383s] -- Found rosidl_generator_cpp: 4.6.6 (/opt/ros/jazzy/share/rosidl_generator_cpp/cmake)
[2.409s] -- Using all available rosidl_typesupport_c: rosidl_typesupport_fastrtps_c;rosidl_typesupport_introspection_c
[2.444s] -- Using all available rosidl_typesupport_cpp: rosidl_typesupport_fastrtps_cpp;rosidl_typesupport_introspection_cpp
[2.550s] -- Found rmw_implementation_cmake: 7.3.2 (/opt/ros/jazzy/share/rmw_implementation_cmake/cmake)
[2.554s] -- Found rmw_fastrtps_cpp: 8.4.3 (/opt/ros/jazzy/share/rmw_fastrtps_cpp/cmake)
[2.653s] -- Found OpenSSL: /usr/lib/x86_64-linux-gnu/libcrypto.so (found version "3.0.13")  
[2.881s] -- Found FastRTPS: /opt/ros/jazzy/include (Required is at least version "2.13") 
[3.016s] -- Using RMW implementation 'rmw_fastrtps_cpp' as default
[4.174s] -- Found gripper_controllers: 4.34.0 (/opt/ros/jazzy/share/gripper_controllers/cmake)
[4.289s] -- Found eigen3_cmake_module: 0.3.0 (/opt/ros/jazzy/share/eigen3_cmake_module/cmake)
[4.291s] -- Found Eigen3: TRUE (found version "3.4.0") 
[4.291s] -- Ensuring Eigen3 include directory is part of orocos-kdl CMake target
[4.449s] -- Found gz_ros2_control: 1.2.16 (/opt/ros/jazzy/share/gz_ros2_control/cmake)
[4.463s] -- Found ros_gz: 1.0.16 (/opt/ros/jazzy/share/ros_gz/cmake)
[4.468s] -- Found ros_gz_bridge: 1.0.16 (/opt/ros/jazzy/share/ros_gz_bridge/cmake)
[4.508s] -- Looking for gz-msgs10 -- found version 10.3.2
[4.526s] -- Searching for dependencies of gz-msgs10
[6.252s] -- Found Protobuf: /usr/lib/x86_64-linux-gnu/libprotobuf.so (found version "3.21.12") 
[6.257s] -- Looking for gz-utils2 -- found version 2.2.1
[6.257s] -- Searching for dependencies of gz-utils2
[6.261s] -- Looking for gz-math7 -- found version 7.5.2
[6.261s] -- Searching for dependencies of gz-math7
[6.262s] -- Looking for gz-utils2 -- found version 2.2.1
[6.268s] -- Checking for module 'tinyxml2'
[6.284s] --   Found tinyxml2, version 10.0.0
[6.326s] -- Looking for gz-transport13 -- found version 13.5.0
[6.326s] -- Searching for dependencies of gz-transport13
[8.658s] -- Config-file not installed for ZeroMQ -- checking for pkg-config
[8.663s] -- Checking for module 'libzmq >= 4'
[8.678s] --   Found libzmq, version 4.3.5
[8.717s] -- Found ZeroMQ: TRUE (Required is at least version "4") 
[8.775s] -- Checking for module 'uuid'
[8.790s] --   Found uuid, version 2.39.3
[8.819s] -- Found UUID: TRUE  
[8.819s] -- Looking for gz-utils2 -- found version 2.2.1
[8.820s] -- Searching for dependencies of gz-utils2
[8.820s] -- Searching for <gz-utils2> component [cli]
[8.823s] -- Looking for gz-utils2-cli -- found version 2.2.1
[8.824s] -- Searching for dependencies of gz-utils2-cli
[8.825s] -- Looking for gz-msgs10 -- found version 10.3.2
[9.063s] -- Found ros_gz_image: 1.0.16 (/opt/ros/jazzy/share/ros_gz_image/cmake)
[9.068s] -- Found ros_gz_sim: 1.0.16 (/opt/ros/jazzy/share/ros_gz_sim/cmake)
[9.082s] -- Found ros2_control: 4.39.2 (/opt/ros/jazzy/share/ros2_control/cmake)
[9.088s] -- Found ros2_controllers: 4.34.0 (/opt/ros/jazzy/share/ros2_controllers/cmake)
[9.095s] -- Found xacro: 2.1.1 (/opt/ros/jazzy/share/xacro/cmake)
[9.101s] -- Found ament_lint_auto: 0.17.3 (/opt/ros/jazzy/share/ament_lint_auto/cmake)
[9.251s] -- Added test 'flake8' to check Python code syntax and style conventions
[9.251s] -- Configured 'flake8' exclude dirs and/or files: 
[9.253s] -- Added test 'lint_cmake' to check CMake code style
[9.255s] -- Added test 'pep257' to check Python code against some of the docstring style conventions in PEP 257
[9.259s] -- Added test 'xmllint' to check XML markup files
[9.263s] -- Configuring done (9.2s)
[9.275s] -- Generating done (0.0s)
[9.280s] -- Build files have been written to: /home/malith/rarm_ws/build/rarm
[9.298s] Invoked command in '/home/malith/rarm_ws/build/rarm' returned '0': CMAKE_PREFIX_PATH=${CMAKE_PREFIX_PATH}:/opt/ros/jazzy /usr/bin/cmake /home/malith/rarm_ws/src/rarm -DCMAKE_INSTALL_PREFIX=/home/malith/rarm_ws/install/rarm
[9.300s] Invoking command in '/home/malith/rarm_ws/build/rarm': CMAKE_PREFIX_PATH=${CMAKE_PREFIX_PATH}:/opt/ros/jazzy /usr/bin/cmake --build /home/malith/rarm_ws/build/rarm -- -j8 -l8
[9.357s] Invoked command in '/home/malith/rarm_ws/build/rarm' returned '0': CMAKE_PREFIX_PATH=${CMAKE_PREFIX_PATH}:/opt/ros/jazzy /usr/bin/cmake --build /home/malith/rarm_ws/build/rarm -- -j8 -l8
[9.370s] Invoking command in '/home/malith/rarm_ws/build/rarm': CMAKE_PREFIX_PATH=${CMAKE_PREFIX_PATH}:/opt/ros/jazzy /usr/bin/cmake --install /home/malith/rarm_ws/build/rarm
[9.379s] -- Install configuration: ""
[9.379s] -- Installing: /home/malith/rarm_ws/install/rarm/share/rarm/meshes
[9.380s] -- Installing: /home/malith/rarm_ws/install/rarm/share/rarm/meshes/L2.STL
[9.386s] -- Installing: /home/malith/rarm_ws/install/rarm/share/rarm/meshes/L6.STL
[9.387s] -- Installing: /home/malith/rarm_ws/install/rarm/share/rarm/meshes/L1.STL:Zone.Identifier
[9.387s] -- Installing: /home/malith/rarm_ws/install/rarm/share/rarm/meshes/L7.STL
[9.388s] -- Installing: /home/malith/rarm_ws/install/rarm/share/rarm/meshes/base_link.STL
[9.395s] -- Installing: /home/malith/rarm_ws/install/rarm/share/rarm/meshes/L3.STL
[9.398s] -- Installing: /home/malith/rarm_ws/install/rarm/share/rarm/meshes/L5.STL:Zone.Identifier
[9.398s] -- Installing: /home/malith/rarm_ws/install/rarm/share/rarm/meshes/L4.STL
[9.401s] -- Installing: /home/malith/rarm_ws/install/rarm/share/rarm/meshes/base_link.STL:Zone.Identifier
[9.402s] -- Installing: /home/malith/rarm_ws/install/rarm/share/rarm/meshes/L1.STL
[9.405s] -- Installing: /home/malith/rarm_ws/install/rarm/share/rarm/meshes/L2.STL:Zone.Identifier
[9.405s] -- Installing: /home/malith/rarm_ws/install/rarm/share/rarm/meshes/L5.STL
[9.407s] -- Installing: /home/malith/rarm_ws/install/rarm/share/rarm/meshes/L3.STL:Zone.Identifier
[9.407s] -- Installing: /home/malith/rarm_ws/install/rarm/share/rarm/meshes/L4.STL:Zone.Identifier
[9.408s] -- Installing: /home/malith/rarm_ws/install/rarm/share/rarm/meshes/L6.STL:Zone.Identifier
[9.408s] -- Installing: /home/malith/rarm_ws/install/rarm/share/rarm/meshes/L8.STL
[9.408s] -- Installing: /home/malith/rarm_ws/install/rarm/share/rarm/meshes/L7.STL:Zone.Identifier
[9.408s] -- Installing: /home/malith/rarm_ws/install/rarm/share/rarm/meshes/L8.STL:Zone.Identifier
[9.409s] -- Installing: /home/malith/rarm_ws/install/rarm/share/rarm/urdf
[9.409s] -- Installing: /home/malith/rarm_ws/install/rarm/share/rarm/urdf/GP7.urdf.xacro
[9.409s] -- Installing: /home/malith/rarm_ws/install/rarm/share/rarm/urdf/gazebo_sim_ros2_control.urdf.xacro
[9.410s] -- Installing: /home/malith/rarm_ws/install/rarm/share/rarm/urdf/GP7_ros2_control.urdf.xacro
[9.410s] -- Installing: /home/malith/rarm_ws/install/rarm/share/rarm/urdf/GP7_Robot_A1_ZAxis_A2.urdf.xacro
[9.410s] -- Installing: /home/malith/rarm_ws/install/rarm/share/rarm/launch
[9.411s] -- Installing: /home/malith/rarm_ws/install/rarm/share/rarm/launch/GP7.gazebo.launch.py
[9.411s] -- Installing: /home/malith/rarm_ws/install/rarm/share/rarm/launch/load_ros2_controllers.launch.py
[9.411s] -- Installing: /home/malith/rarm_ws/install/rarm/share/rarm/launch/robot_state_publisher.launch.py
[9.411s] -- Installing: /home/malith/rarm_ws/install/rarm/share/rarm/rviz
[9.412s] -- Installing: /home/malith/rarm_ws/install/rarm/share/rarm/rviz/robot_config.rviz
[9.412s] -- Installing: /home/malith/rarm_ws/install/rarm/share/rarm/worlds
[9.412s] -- Installing: /home/malith/rarm_ws/install/rarm/share/rarm/worlds/box.world
[9.412s] -- Installing: /home/malith/rarm_ws/install/rarm/share/rarm/worlds/empty.world
[9.413s] -- Installing: /home/malith/rarm_ws/install/rarm/share/rarm/worlds/pick_and_place_demo.world
[9.414s] -- Installing: /home/malith/rarm_ws/install/rarm/share/rarm/config
[9.414s] -- Installing: /home/malith/rarm_ws/install/rarm/share/rarm/config/ros_gz_bridge.yaml
[9.414s] -- Installing: /home/malith/rarm_ws/install/rarm/share/rarm/config/ros2_controllers_template.yaml
[9.414s] -- Installing: /home/malith/rarm_ws/install/rarm/share/rarm/config/ros2_controllers.yaml
[9.414s] -- Installing: /home/malith/rarm_ws/install/rarm/share/rarm/bring_up
[9.415s] -- Installing: /home/malith/rarm_ws/install/rarm/share/rarm/bring_up/rsp.sh
[9.415s] -- Installing: /home/malith/rarm_ws/install/rarm/share/rarm/bring_up/gp7.sh
[9.415s] -- Installing: /home/malith/rarm_ws/install/rarm/share/rarm/bring_up/run_commnds.sh
[9.416s] -- Installing: /home/malith/rarm_ws/install/rarm/share/ament_index/resource_index/package_run_dependencies/rarm
[9.417s] -- Installing: /home/malith/rarm_ws/install/rarm/share/ament_index/resource_index/parent_prefix_path/rarm
[9.417s] -- Installing: /home/malith/rarm_ws/install/rarm/share/rarm/environment/ament_prefix_path.sh
[9.417s] -- Installing: /home/malith/rarm_ws/install/rarm/share/rarm/environment/ament_prefix_path.dsv
[9.418s] -- Installing: /home/malith/rarm_ws/install/rarm/share/rarm/environment/path.sh
[9.418s] -- Installing: /home/malith/rarm_ws/install/rarm/share/rarm/environment/path.dsv
[9.419s] -- Installing: /home/malith/rarm_ws/install/rarm/share/rarm/local_setup.bash
[9.419s] -- Installing: /home/malith/rarm_ws/install/rarm/share/rarm/local_setup.sh
[9.419s] -- Installing: /home/malith/rarm_ws/install/rarm/share/rarm/local_setup.zsh
[9.419s] -- Installing: /home/malith/rarm_ws/install/rarm/share/rarm/local_setup.dsv
[9.420s] -- Installing: /home/malith/rarm_ws/install/rarm/share/rarm/package.dsv
[9.420s] -- Installing: /home/malith/rarm_ws/install/rarm/share/ament_index/resource_index/packages/rarm
[9.420s] -- Installing: /home/malith/rarm_ws/install/rarm/share/rarm/cmake/rarmConfig.cmake
[9.420s] -- Installing: /home/malith/rarm_ws/install/rarm/share/rarm/cmake/rarmConfig-version.cmake
[9.420s] -- Installing: /home/malith/rarm_ws/install/rarm/share/rarm/package.xml
[9.423s] Invoked command in '/home/malith/rarm_ws/build/rarm' returned '0': CMAKE_PREFIX_PATH=${CMAKE_PREFIX_PATH}:/opt/ros/jazzy /usr/bin/cmake --install /home/malith/rarm_ws/build/rarm
